[0.060s] Invoking command in '/home/robo/ros2_ws/build/examples_rclcpp_minimal_service': CMAKE_PREFIX_PATH=/opt/ros/humble /usr/bin/cmake /home/robo/ros2_ws/src/examples/rclcpp/services/minimal_service -DAMENT_CMAKE_SYMLINK_INSTALL=1 -DCMAKE_INSTALL_PREFIX=/home/robo/ros2_ws/install/examples_rclcpp_minimal_service
[5.131s] -- The C compiler identification is GNU 11.4.0
[5.135s] -- The CXX compiler identification is GNU 11.4.0
[5.135s] -- Detecting C compiler ABI info
[5.135s] -- Detecting C compiler ABI info - done
[5.135s] -- Check for working C compiler: /usr/bin/cc - skipped
[5.135s] -- Detecting C compile features
[5.135s] -- Detecting C compile features - done
[5.135s] -- Detecting CXX compiler ABI info
[5.136s] -- Detecting CXX compiler ABI info - done
[5.136s] -- Check for working CXX compiler: /usr/bin/c++ - skipped
[5.136s] -- Detecting CXX compile features
[5.136s] -- Detecting CXX compile features - done
[5.136s] -- Found ament_cmake: 1.3.9 (/opt/ros/humble/share/ament_cmake/cmake)
[5.136s] -- Found Python3: /usr/bin/python3 (found version "3.10.12") found components: Interpreter 
[5.136s] -- Override CMake install command with custom implementation using symlinks instead of copying resources
[5.136s] -- Found example_interfaces: 0.9.3 (/opt/ros/humble/share/example_interfaces/cmake)
[5.137s] -- Found rosidl_generator_c: 3.1.5 (/opt/ros/humble/share/rosidl_generator_c/cmake)
[5.137s] -- Found rosidl_adapter: 3.1.5 (/opt/ros/humble/share/rosidl_adapter/cmake)
[5.137s] -- Found rosidl_generator_cpp: 3.1.5 (/opt/ros/humble/share/rosidl_generator_cpp/cmake)
[5.137s] -- Using all available rosidl_typesupport_c: rosidl_typesupport_fastrtps_c;rosidl_typesupport_introspection_c
[5.137s] -- Using all available rosidl_typesupport_cpp: rosidl_typesupport_fastrtps_cpp;rosidl_typesupport_introspection_cpp
[5.137s] -- Found rclcpp: 16.0.9 (/opt/ros/humble/share/rclcpp/cmake)
[5.137s] -- Found rmw_implementation_cmake: 6.1.2 (/opt/ros/humble/share/rmw_implementation_cmake/cmake)
[5.139s] -- Found rmw_fastrtps_cpp: 6.2.6 (/opt/ros/humble/share/rmw_fastrtps_cpp/cmake)
[5.140s] -- Found OpenSSL: /usr/lib/x86_64-linux-gnu/libcrypto.so (found version "3.0.2")  
[5.140s] -- Found FastRTPS: /opt/ros/humble/include  
[5.140s] -- Using RMW implementation 'rmw_fastrtps_cpp' as default
[5.140s] -- Looking for pthread.h
[5.140s] -- Looking for pthread.h - found
[5.140s] -- Performing Test CMAKE_HAVE_LIBC_PTHREAD
[5.140s] -- Performing Test CMAKE_HAVE_LIBC_PTHREAD - Success
[5.141s] -- Found Threads: TRUE  
[5.141s] -- Found ament_lint_auto: 0.12.11 (/opt/ros/humble/share/ament_lint_auto/cmake)
[5.191s] -- Added test 'copyright' to check source files copyright and LICENSE
[5.194s] -- Added test 'cppcheck' to perform static code analysis on C / C++ code
[5.195s] -- Configured cppcheck include dirs: 
[5.195s] -- Configured cppcheck exclude dirs and/or files: 
[5.197s] -- Added test 'cpplint' to check C / C++ code against the Google style
[5.198s] -- Configured cpplint exclude dirs and/or files: 
[5.202s] -- Added test 'lint_cmake' to check CMake code style
[5.202s] -- Added test 'uncrustify' to check C / C++ code style
[5.202s] -- Configured uncrustify additional arguments: 
[5.202s] -- Added test 'xmllint' to check XML markup files
[5.205s] -- Configuring done
[5.246s] -- Generating done
[5.258s] -- Build files have been written to: /home/robo/ros2_ws/build/examples_rclcpp_minimal_service
[5.312s] Invoked command in '/home/robo/ros2_ws/build/examples_rclcpp_minimal_service' returned '0': CMAKE_PREFIX_PATH=/opt/ros/humble /usr/bin/cmake /home/robo/ros2_ws/src/examples/rclcpp/services/minimal_service -DAMENT_CMAKE_SYMLINK_INSTALL=1 -DCMAKE_INSTALL_PREFIX=/home/robo/ros2_ws/install/examples_rclcpp_minimal_service
[5.319s] Invoking command in '/home/robo/ros2_ws/build/examples_rclcpp_minimal_service': CMAKE_PREFIX_PATH=/opt/ros/humble /usr/bin/cmake --build /home/robo/ros2_ws/build/examples_rclcpp_minimal_service -- -j8 -l8
[5.559s] [ 50%] [32mBuilding CXX object CMakeFiles/service_main.dir/main.cpp.o[0m
[25.435s] [100%] [32m[1mLinking CXX executable service_main[0m
[26.463s] [100%] Built target service_main
[26.555s] Invoked command in '/home/robo/ros2_ws/build/examples_rclcpp_minimal_service' returned '0': CMAKE_PREFIX_PATH=/opt/ros/humble /usr/bin/cmake --build /home/robo/ros2_ws/build/examples_rclcpp_minimal_service -- -j8 -l8
[26.730s] Invoking command in '/home/robo/ros2_ws/build/examples_rclcpp_minimal_service': CMAKE_PREFIX_PATH=/opt/ros/humble /usr/bin/cmake --install /home/robo/ros2_ws/build/examples_rclcpp_minimal_service
[29.136s] -- Install configuration: ""
[29.136s] -- Execute custom install script
[29.136s] -- Symlinking: /home/robo/ros2_ws/install/examples_rclcpp_minimal_service/lib/examples_rclcpp_minimal_service/service_main
[29.136s] -- Symlinking: /home/robo/ros2_ws/install/examples_rclcpp_minimal_service/share/ament_index/resource_index/package_run_dependencies/examples_rclcpp_minimal_service
[29.137s] -- Symlinking: /home/robo/ros2_ws/install/examples_rclcpp_minimal_service/share/ament_index/resource_index/parent_prefix_path/examples_rclcpp_minimal_service
[29.137s] -- Symlinking: /home/robo/ros2_ws/install/examples_rclcpp_minimal_service/share/examples_rclcpp_minimal_service/environment/ament_prefix_path.sh
[29.137s] -- Symlinking: /home/robo/ros2_ws/install/examples_rclcpp_minimal_service/share/examples_rclcpp_minimal_service/environment/ament_prefix_path.dsv
[29.137s] -- Symlinking: /home/robo/ros2_ws/install/examples_rclcpp_minimal_service/share/examples_rclcpp_minimal_service/environment/path.sh
[29.137s] -- Symlinking: /home/robo/ros2_ws/install/examples_rclcpp_minimal_service/share/examples_rclcpp_minimal_service/environment/path.dsv
[29.137s] -- Symlinking: /home/robo/ros2_ws/install/examples_rclcpp_minimal_service/share/examples_rclcpp_minimal_service/local_setup.bash
[29.137s] -- Symlinking: /home/robo/ros2_ws/install/examples_rclcpp_minimal_service/share/examples_rclcpp_minimal_service/local_setup.sh
[29.137s] -- Symlinking: /home/robo/ros2_ws/install/examples_rclcpp_minimal_service/share/examples_rclcpp_minimal_service/local_setup.zsh
[29.137s] -- Symlinking: /home/robo/ros2_ws/install/examples_rclcpp_minimal_service/share/examples_rclcpp_minimal_service/local_setup.dsv
[29.138s] -- Symlinking: /home/robo/ros2_ws/install/examples_rclcpp_minimal_service/share/examples_rclcpp_minimal_service/package.dsv
[29.138s] -- Symlinking: /home/robo/ros2_ws/install/examples_rclcpp_minimal_service/share/ament_index/resource_index/packages/examples_rclcpp_minimal_service
[29.138s] -- Symlinking: /home/robo/ros2_ws/install/examples_rclcpp_minimal_service/share/examples_rclcpp_minimal_service/cmake/examples_rclcpp_minimal_serviceConfig.cmake
[29.138s] -- Symlinking: /home/robo/ros2_ws/install/examples_rclcpp_minimal_service/share/examples_rclcpp_minimal_service/cmake/examples_rclcpp_minimal_serviceConfig-version.cmake
[29.138s] -- Symlinking: /home/robo/ros2_ws/install/examples_rclcpp_minimal_service/share/examples_rclcpp_minimal_service/package.xml
[29.139s] Invoked command in '/home/robo/ros2_ws/build/examples_rclcpp_minimal_service' returned '0': CMAKE_PREFIX_PATH=/opt/ros/humble /usr/bin/cmake --install /home/robo/ros2_ws/build/examples_rclcpp_minimal_service
