[0.032s] Invoking command in '/home/robo/ros2_ws/build/examples_rclcpp_minimal_composition': CMAKE_PREFIX_PATH=/opt/ros/humble /usr/bin/cmake /home/robo/ros2_ws/src/examples/rclcpp/composition/minimal_composition -DAMENT_CMAKE_SYMLINK_INSTALL=1 -DCMAKE_INSTALL_PREFIX=/home/robo/ros2_ws/install/examples_rclcpp_minimal_composition
[1.050s] -- The C compiler identification is GNU 11.4.0
[1.710s] -- The CXX compiler identification is GNU 11.4.0
[1.725s] -- Detecting C compiler ABI info
[1.982s] -- Detecting C compiler ABI info - done
[1.997s] -- Check for working C compiler: /usr/bin/cc - skipped
[1.997s] -- Detecting C compile features
[2.002s] -- Detecting C compile features - done
[2.010s] -- Detecting CXX compiler ABI info
[2.186s] -- Detecting CXX compiler ABI info - done
[2.202s] -- Check for working CXX compiler: /usr/bin/c++ - skipped
[2.203s] -- Detecting CXX compile features
[2.204s] -- Detecting CXX compile features - done
[2.221s] -- Found ament_cmake: 1.3.9 (/opt/ros/humble/share/ament_cmake/cmake)
[3.139s] -- Found Python3: /usr/bin/python3 (found version "3.10.12") found components: Interpreter 
[3.263s] -- Override CMake install command with custom implementation using symlinks instead of copying resources
[3.295s] -- Found rclcpp: 16.0.9 (/opt/ros/humble/share/rclcpp/cmake)
[3.382s] -- Found rosidl_generator_c: 3.1.5 (/opt/ros/humble/share/rosidl_generator_c/cmake)
[3.392s] -- Found rosidl_adapter: 3.1.5 (/opt/ros/humble/share/rosidl_adapter/cmake)
[3.417s] -- Found rosidl_generator_cpp: 3.1.5 (/opt/ros/humble/share/rosidl_generator_cpp/cmake)
[3.453s] -- Using all available rosidl_typesupport_c: rosidl_typesupport_fastrtps_c;rosidl_typesupport_introspection_c
[3.501s] -- Using all available rosidl_typesupport_cpp: rosidl_typesupport_fastrtps_cpp;rosidl_typesupport_introspection_cpp
[3.725s] -- Found rmw_implementation_cmake: 6.1.2 (/opt/ros/humble/share/rmw_implementation_cmake/cmake)
[3.735s] -- Found rmw_fastrtps_cpp: 6.2.6 (/opt/ros/humble/share/rmw_fastrtps_cpp/cmake)
[3.941s] -- Found OpenSSL: /usr/lib/x86_64-linux-gnu/libcrypto.so (found version "3.0.2")  
[3.988s] -- Found FastRTPS: /opt/ros/humble/include  
[4.065s] -- Using RMW implementation 'rmw_fastrtps_cpp' as default
[4.099s] -- Looking for pthread.h
[4.263s] -- Looking for pthread.h - found
[4.264s] -- Performing Test CMAKE_HAVE_LIBC_PTHREAD
[4.406s] -- Performing Test CMAKE_HAVE_LIBC_PTHREAD - Success
[4.407s] -- Found Threads: TRUE  
[4.882s] -- Found rclcpp_components: 16.0.9 (/opt/ros/humble/share/rclcpp_components/cmake)
[5.056s] -- Found ament_lint_auto: 0.12.11 (/opt/ros/humble/share/ament_lint_auto/cmake)
[5.262s] -- Added test 'copyright' to check source files copyright and LICENSE
[5.265s] -- Added test 'cppcheck' to perform static code analysis on C / C++ code
[5.265s] -- Configured cppcheck include dirs: /home/robo/ros2_ws/src/examples/rclcpp/composition/minimal_composition/include
[5.265s] -- Configured cppcheck exclude dirs and/or files: 
[5.267s] -- Added test 'cpplint' to check C / C++ code against the Google style
[5.273s] -- Configured cpplint exclude dirs and/or files: 
[5.273s] -- Added test 'lint_cmake' to check CMake code style
[5.279s] -- Added test 'uncrustify' to check C / C++ code style
[5.280s] -- Configured uncrustify additional arguments: 
[5.294s] -- Added test 'xmllint' to check XML markup files
[5.294s] -- Configuring done
[5.340s] -- Generating done
[5.340s] -- Build files have been written to: /home/robo/ros2_ws/build/examples_rclcpp_minimal_composition
[5.377s] Invoked command in '/home/robo/ros2_ws/build/examples_rclcpp_minimal_composition' returned '0': CMAKE_PREFIX_PATH=/opt/ros/humble /usr/bin/cmake /home/robo/ros2_ws/src/examples/rclcpp/composition/minimal_composition -DAMENT_CMAKE_SYMLINK_INSTALL=1 -DCMAKE_INSTALL_PREFIX=/home/robo/ros2_ws/install/examples_rclcpp_minimal_composition
[5.378s] Invoking command in '/home/robo/ros2_ws/build/examples_rclcpp_minimal_composition': CMAKE_PREFIX_PATH=/opt/ros/humble /usr/bin/cmake --build /home/robo/ros2_ws/build/examples_rclcpp_minimal_composition -- -j8 -l8
[5.526s] [ 11%] [32mBuilding CXX object CMakeFiles/composition_nodes.dir/src/subscriber_node.cpp.o[0m
[5.526s] [ 22%] [32mBuilding CXX object CMakeFiles/composition_nodes.dir/src/publisher_node.cpp.o[0m
[41.664s] [ 33%] [32m[1mLinking CXX shared library libcomposition_nodes.so[0m
[43.208s] [ 33%] Built target composition_nodes
[43.244s] [ 44%] [32mBuilding CXX object CMakeFiles/composition_publisher.dir/src/standalone_publisher.cpp.o[0m
[48.837s] [ 55%] [32m[1mLinking CXX executable composition_publisher[0m
[49.410s] [ 55%] Built target composition_publisher
[49.450s] [ 66%] [32mBuilding CXX object CMakeFiles/composition_composed.dir/src/composed.cpp.o[0m
[53.586s] [ 77%] [32m[1mLinking CXX executable composition_composed[0m
[53.915s] [ 77%] Built target composition_composed
[53.940s] [ 88%] [32mBuilding CXX object CMakeFiles/composition_subscriber.dir/src/standalone_subscriber.cpp.o[0m
[57.107s] [100%] [32m[1mLinking CXX executable composition_subscriber[0m
[57.381s] [100%] Built target composition_subscriber
[57.395s] Invoked command in '/home/robo/ros2_ws/build/examples_rclcpp_minimal_composition' returned '0': CMAKE_PREFIX_PATH=/opt/ros/humble /usr/bin/cmake --build /home/robo/ros2_ws/build/examples_rclcpp_minimal_composition -- -j8 -l8
[57.441s] Invoking command in '/home/robo/ros2_ws/build/examples_rclcpp_minimal_composition': CMAKE_PREFIX_PATH=/opt/ros/humble /usr/bin/cmake --install /home/robo/ros2_ws/build/examples_rclcpp_minimal_composition
[57.449s] -- Install configuration: ""
[57.449s] -- Execute custom install script
[57.450s] -- Symlinking: /home/robo/ros2_ws/install/examples_rclcpp_minimal_composition/share/examples_rclcpp_minimal_composition/environment/library_path.sh
[57.460s] -- Symlinking: /home/robo/ros2_ws/install/examples_rclcpp_minimal_composition/share/examples_rclcpp_minimal_composition/environment/library_path.dsv
[57.470s] -- Symlinking: /home/robo/ros2_ws/install/examples_rclcpp_minimal_composition/lib/libcomposition_nodes.so
[57.480s] -- Symlinking: /home/robo/ros2_ws/install/examples_rclcpp_minimal_composition/lib/examples_rclcpp_minimal_composition/composition_publisher
[57.490s] -- Symlinking: /home/robo/ros2_ws/install/examples_rclcpp_minimal_composition/lib/examples_rclcpp_minimal_composition/composition_subscriber
[57.501s] -- Symlinking: /home/robo/ros2_ws/install/examples_rclcpp_minimal_composition/lib/examples_rclcpp_minimal_composition/composition_composed
[57.511s] -- Symlinking: /home/robo/ros2_ws/install/examples_rclcpp_minimal_composition/share/ament_index/resource_index/package_run_dependencies/examples_rclcpp_minimal_composition
[57.521s] -- Symlinking: /home/robo/ros2_ws/install/examples_rclcpp_minimal_composition/share/ament_index/resource_index/parent_prefix_path/examples_rclcpp_minimal_composition
[57.532s] -- Symlinking: /home/robo/ros2_ws/install/examples_rclcpp_minimal_composition/share/examples_rclcpp_minimal_composition/environment/ament_prefix_path.sh
[57.542s] -- Symlinking: /home/robo/ros2_ws/install/examples_rclcpp_minimal_composition/share/examples_rclcpp_minimal_composition/environment/ament_prefix_path.dsv
[57.552s] -- Symlinking: /home/robo/ros2_ws/install/examples_rclcpp_minimal_composition/share/examples_rclcpp_minimal_composition/environment/path.sh
[57.562s] -- Symlinking: /home/robo/ros2_ws/install/examples_rclcpp_minimal_composition/share/examples_rclcpp_minimal_composition/environment/path.dsv
[57.572s] -- Symlinking: /home/robo/ros2_ws/install/examples_rclcpp_minimal_composition/share/examples_rclcpp_minimal_composition/local_setup.bash
[57.582s] -- Symlinking: /home/robo/ros2_ws/install/examples_rclcpp_minimal_composition/share/examples_rclcpp_minimal_composition/local_setup.sh
[57.592s] -- Symlinking: /home/robo/ros2_ws/install/examples_rclcpp_minimal_composition/share/examples_rclcpp_minimal_composition/local_setup.zsh
[57.602s] -- Symlinking: /home/robo/ros2_ws/install/examples_rclcpp_minimal_composition/share/examples_rclcpp_minimal_composition/local_setup.dsv
[57.613s] -- Symlinking: /home/robo/ros2_ws/install/examples_rclcpp_minimal_composition/share/examples_rclcpp_minimal_composition/package.dsv
[57.624s] -- Symlinking: /home/robo/ros2_ws/install/examples_rclcpp_minimal_composition/share/ament_index/resource_index/packages/examples_rclcpp_minimal_composition
[57.633s] -- Symlinking: /home/robo/ros2_ws/install/examples_rclcpp_minimal_composition/share/examples_rclcpp_minimal_composition/cmake/examples_rclcpp_minimal_compositionConfig.cmake
[57.643s] -- Symlinking: /home/robo/ros2_ws/install/examples_rclcpp_minimal_composition/share/examples_rclcpp_minimal_composition/cmake/examples_rclcpp_minimal_compositionConfig-version.cmake
[57.653s] -- Symlinking: /home/robo/ros2_ws/install/examples_rclcpp_minimal_composition/share/examples_rclcpp_minimal_composition/package.xml
[57.666s] Invoked command in '/home/robo/ros2_ws/build/examples_rclcpp_minimal_composition' returned '0': CMAKE_PREFIX_PATH=/opt/ros/humble /usr/bin/cmake --install /home/robo/ros2_ws/build/examples_rclcpp_minimal_composition
