running develop
/home/robo/.local/lib/python3.10/site-packages/setuptools/command/develop.py:40: EasyInstallDeprecationWarning: easy_install command is deprecated.
!!

        ********************************************************************************
        Please avoid running ``setup.py`` and ``easy_install``.
        Instead, use pypa/build, pypa/installer or other
        standards-based tools.

        See https://github.com/pypa/setuptools/issues/917 for details.
        ********************************************************************************

!!
  easy_install.initialize_options(self)
Removing /home/robo/ros2_ws/install/examples_rclpy_minimal_client/lib/python3.10/site-packages/examples-rclpy-minimal-client.egg-link (link to .)
running egg_info
writing ../../../../../build/examples_rclpy_minimal_client/examples_rclpy_minimal_client.egg-info/PKG-INFO
writing dependency_links to ../../../../../build/examples_rclpy_minimal_client/examples_rclpy_minimal_client.egg-info/dependency_links.txt
writing entry points to ../../../../../build/examples_rclpy_minimal_client/examples_rclpy_minimal_client.egg-info/entry_points.txt
writing requirements to ../../../../../build/examples_rclpy_minimal_client/examples_rclpy_minimal_client.egg-info/requires.txt
writing top-level names to ../../../../../build/examples_rclpy_minimal_client/examples_rclpy_minimal_client.egg-info/top_level.txt
reading manifest file '../../../../../build/examples_rclpy_minimal_client/examples_rclpy_minimal_client.egg-info/SOURCES.txt'
writing manifest file '../../../../../build/examples_rclpy_minimal_client/examples_rclpy_minimal_client.egg-info/SOURCES.txt'
running build
running build_py
creating /home/robo/ros2_ws/build/examples_rclpy_minimal_client/build
creating /home/robo/ros2_ws/build/examples_rclpy_minimal_client/build/lib
creating /home/robo/ros2_ws/build/examples_rclpy_minimal_client/build/lib/examples_rclpy_minimal_client
copying examples_rclpy_minimal_client/client.py -> /home/robo/ros2_ws/build/examples_rclpy_minimal_client/build/lib/examples_rclpy_minimal_client
copying examples_rclpy_minimal_client/client_async_member_function.py -> /home/robo/ros2_ws/build/examples_rclpy_minimal_client/build/lib/examples_rclpy_minimal_client
copying examples_rclpy_minimal_client/client_async.py -> /home/robo/ros2_ws/build/examples_rclpy_minimal_client/build/lib/examples_rclpy_minimal_client
copying examples_rclpy_minimal_client/client_async_callback.py -> /home/robo/ros2_ws/build/examples_rclpy_minimal_client/build/lib/examples_rclpy_minimal_client
copying examples_rclpy_minimal_client/__init__.py -> /home/robo/ros2_ws/build/examples_rclpy_minimal_client/build/lib/examples_rclpy_minimal_client
running install
running install_lib
creating /home/robo/ros2_ws/install/examples_rclpy_minimal_client/lib/python3.10/site-packages/examples_rclpy_minimal_client
copying /home/robo/ros2_ws/build/examples_rclpy_minimal_client/build/lib/examples_rclpy_minimal_client/client.py -> /home/robo/ros2_ws/install/examples_rclpy_minimal_client/lib/python3.10/site-packages/examples_rclpy_minimal_client
copying /home/robo/ros2_ws/build/examples_rclpy_minimal_client/build/lib/examples_rclpy_minimal_client/client_async_member_function.py -> /home/robo/ros2_ws/install/examples_rclpy_minimal_client/lib/python3.10/site-packages/examples_rclpy_minimal_client
copying /home/robo/ros2_ws/build/examples_rclpy_minimal_client/build/lib/examples_rclpy_minimal_client/client_async.py -> /home/robo/ros2_ws/install/examples_rclpy_minimal_client/lib/python3.10/site-packages/examples_rclpy_minimal_client
copying /home/robo/ros2_ws/build/examples_rclpy_minimal_client/build/lib/examples_rclpy_minimal_client/client_async_callback.py -> /home/robo/ros2_ws/install/examples_rclpy_minimal_client/lib/python3.10/site-packages/examples_rclpy_minimal_client
copying /home/robo/ros2_ws/build/examples_rclpy_minimal_client/build/lib/examples_rclpy_minimal_client/__init__.py -> /home/robo/ros2_ws/install/examples_rclpy_minimal_client/lib/python3.10/site-packages/examples_rclpy_minimal_client
byte-compiling /home/robo/ros2_ws/install/examples_rclpy_minimal_client/lib/python3.10/site-packages/examples_rclpy_minimal_client/client.py to client.cpython-310.pyc
byte-compiling /home/robo/ros2_ws/install/examples_rclpy_minimal_client/lib/python3.10/site-packages/examples_rclpy_minimal_client/client_async_member_function.py to client_async_member_function.cpython-310.pyc
byte-compiling /home/robo/ros2_ws/install/examples_rclpy_minimal_client/lib/python3.10/site-packages/examples_rclpy_minimal_client/client_async.py to client_async.cpython-310.pyc
byte-compiling /home/robo/ros2_ws/install/examples_rclpy_minimal_client/lib/python3.10/site-packages/examples_rclpy_minimal_client/client_async_callback.py to client_async_callback.cpython-310.pyc
byte-compiling /home/robo/ros2_ws/install/examples_rclpy_minimal_client/lib/python3.10/site-packages/examples_rclpy_minimal_client/__init__.py to __init__.cpython-310.pyc
running install_data
copying resource/examples_rclpy_minimal_client -> /home/robo/ros2_ws/install/examples_rclpy_minimal_client/share/ament_index/resource_index/packages
copying package.xml -> /home/robo/ros2_ws/install/examples_rclpy_minimal_client/share/examples_rclpy_minimal_client
running install_egg_info
Copying ../../../../../build/examples_rclpy_minimal_client/examples_rclpy_minimal_client.egg-info to /home/robo/ros2_ws/install/examples_rclpy_minimal_client/lib/python3.10/site-packages/examples_rclpy_minimal_client-0.15.2-py3.10.egg-info
running install_scripts
Installing client script to /home/robo/ros2_ws/install/examples_rclpy_minimal_client/lib/examples_rclpy_minimal_client
Installing client_async script to /home/robo/ros2_ws/install/examples_rclpy_minimal_client/lib/examples_rclpy_minimal_client
Installing client_async_callback script to /home/robo/ros2_ws/install/examples_rclpy_minimal_client/lib/examples_rclpy_minimal_client
Installing client_async_member_function script to /home/robo/ros2_ws/install/examples_rclpy_minimal_client/lib/examples_rclpy_minimal_client
writing list of installed files to '/home/robo/ros2_ws/build/examples_rclpy_minimal_client/install.log'
