[1.701s] Invoking command in '/home/robo/ros2_ws/build/examples_rclpy_minimal_client': PYTHONPATH=/home/robo/ros2_ws/build/examples_rclpy_minimal_client/prefix_override:/usr/lib/python3/dist-packages/colcon_core/task/python/colcon_distutils_commands:/home/robo/ros2_ws/install/examples_rclpy_minimal_client/lib/python3.10/site-packages:${PYTHONPATH} /usr/bin/python3 -W ignore:setup.py install is deprecated setup.py develop --uninstall --editable --build-directory /home/robo/ros2_ws/build/examples_rclpy_minimal_client/build
[2.439s] running develop
[2.439s] /home/robo/.local/lib/python3.10/site-packages/setuptools/command/develop.py:40: EasyInstallDeprecationWarning: easy_install command is deprecated.
[2.439s] !!
[2.439s] 
[2.439s]         ********************************************************************************
[2.440s]         Please avoid running ``setup.py`` and ``easy_install``.
[2.440s]         Instead, use pypa/build, pypa/installer or other
[2.440s]         standards-based tools.
[2.440s] 
[2.440s]         See https://github.com/pypa/setuptools/issues/917 for details.
[2.440s]         ********************************************************************************
[2.440s] 
[2.440s] !!
[2.441s]   easy_install.initialize_options(self)
[2.925s] Removing /home/robo/ros2_ws/install/examples_rclpy_minimal_client/lib/python3.10/site-packages/examples-rclpy-minimal-client.egg-link (link to .)
[3.285s] Invoked command in '/home/robo/ros2_ws/build/examples_rclpy_minimal_client' returned '0': PYTHONPATH=/home/robo/ros2_ws/build/examples_rclpy_minimal_client/prefix_override:/usr/lib/python3/dist-packages/colcon_core/task/python/colcon_distutils_commands:/home/robo/ros2_ws/install/examples_rclpy_minimal_client/lib/python3.10/site-packages:${PYTHONPATH} /usr/bin/python3 -W ignore:setup.py install is deprecated setup.py develop --uninstall --editable --build-directory /home/robo/ros2_ws/build/examples_rclpy_minimal_client/build
[3.285s] Invoking command in '/home/robo/ros2_ws/src/examples/rclpy/services/minimal_client': PYTHONPATH=/home/robo/ros2_ws/build/examples_rclpy_minimal_client/prefix_override:/usr/lib/python3/dist-packages/colcon_core/task/python/colcon_distutils_commands:/home/robo/ros2_ws/install/examples_rclpy_minimal_client/lib/python3.10/site-packages:${PYTHONPATH} /usr/bin/python3 -W ignore:setup.py install is deprecated setup.py egg_info --egg-base ../../../../../build/examples_rclpy_minimal_client build --build-base /home/robo/ros2_ws/build/examples_rclpy_minimal_client/build install --record /home/robo/ros2_ws/build/examples_rclpy_minimal_client/install.log --single-version-externally-managed install_data --force
[3.839s] running egg_info
[3.878s] writing ../../../../../build/examples_rclpy_minimal_client/examples_rclpy_minimal_client.egg-info/PKG-INFO
[3.881s] writing dependency_links to ../../../../../build/examples_rclpy_minimal_client/examples_rclpy_minimal_client.egg-info/dependency_links.txt
[3.881s] writing entry points to ../../../../../build/examples_rclpy_minimal_client/examples_rclpy_minimal_client.egg-info/entry_points.txt
[3.882s] writing requirements to ../../../../../build/examples_rclpy_minimal_client/examples_rclpy_minimal_client.egg-info/requires.txt
[3.882s] writing top-level names to ../../../../../build/examples_rclpy_minimal_client/examples_rclpy_minimal_client.egg-info/top_level.txt
[3.947s] reading manifest file '../../../../../build/examples_rclpy_minimal_client/examples_rclpy_minimal_client.egg-info/SOURCES.txt'
[3.948s] writing manifest file '../../../../../build/examples_rclpy_minimal_client/examples_rclpy_minimal_client.egg-info/SOURCES.txt'
[3.948s] running build
[3.948s] running build_py
[3.948s] creating /home/robo/ros2_ws/build/examples_rclpy_minimal_client/build
[3.948s] creating /home/robo/ros2_ws/build/examples_rclpy_minimal_client/build/lib
[3.948s] creating /home/robo/ros2_ws/build/examples_rclpy_minimal_client/build/lib/examples_rclpy_minimal_client
[3.948s] copying examples_rclpy_minimal_client/client.py -> /home/robo/ros2_ws/build/examples_rclpy_minimal_client/build/lib/examples_rclpy_minimal_client
[3.948s] copying examples_rclpy_minimal_client/client_async_member_function.py -> /home/robo/ros2_ws/build/examples_rclpy_minimal_client/build/lib/examples_rclpy_minimal_client
[3.949s] copying examples_rclpy_minimal_client/client_async.py -> /home/robo/ros2_ws/build/examples_rclpy_minimal_client/build/lib/examples_rclpy_minimal_client
[3.949s] copying examples_rclpy_minimal_client/client_async_callback.py -> /home/robo/ros2_ws/build/examples_rclpy_minimal_client/build/lib/examples_rclpy_minimal_client
[3.949s] copying examples_rclpy_minimal_client/__init__.py -> /home/robo/ros2_ws/build/examples_rclpy_minimal_client/build/lib/examples_rclpy_minimal_client
[3.949s] running install
[3.959s] running install_lib
[3.996s] creating /home/robo/ros2_ws/install/examples_rclpy_minimal_client/lib/python3.10/site-packages/examples_rclpy_minimal_client
[3.996s] copying /home/robo/ros2_ws/build/examples_rclpy_minimal_client/build/lib/examples_rclpy_minimal_client/client.py -> /home/robo/ros2_ws/install/examples_rclpy_minimal_client/lib/python3.10/site-packages/examples_rclpy_minimal_client
[3.996s] copying /home/robo/ros2_ws/build/examples_rclpy_minimal_client/build/lib/examples_rclpy_minimal_client/client_async_member_function.py -> /home/robo/ros2_ws/install/examples_rclpy_minimal_client/lib/python3.10/site-packages/examples_rclpy_minimal_client
[3.996s] copying /home/robo/ros2_ws/build/examples_rclpy_minimal_client/build/lib/examples_rclpy_minimal_client/client_async.py -> /home/robo/ros2_ws/install/examples_rclpy_minimal_client/lib/python3.10/site-packages/examples_rclpy_minimal_client
[3.997s] copying /home/robo/ros2_ws/build/examples_rclpy_minimal_client/build/lib/examples_rclpy_minimal_client/client_async_callback.py -> /home/robo/ros2_ws/install/examples_rclpy_minimal_client/lib/python3.10/site-packages/examples_rclpy_minimal_client
[3.997s] copying /home/robo/ros2_ws/build/examples_rclpy_minimal_client/build/lib/examples_rclpy_minimal_client/__init__.py -> /home/robo/ros2_ws/install/examples_rclpy_minimal_client/lib/python3.10/site-packages/examples_rclpy_minimal_client
[3.998s] byte-compiling /home/robo/ros2_ws/install/examples_rclpy_minimal_client/lib/python3.10/site-packages/examples_rclpy_minimal_client/client.py to client.cpython-310.pyc
[3.999s] byte-compiling /home/robo/ros2_ws/install/examples_rclpy_minimal_client/lib/python3.10/site-packages/examples_rclpy_minimal_client/client_async_member_function.py to client_async_member_function.cpython-310.pyc
[4.000s] byte-compiling /home/robo/ros2_ws/install/examples_rclpy_minimal_client/lib/python3.10/site-packages/examples_rclpy_minimal_client/client_async.py to client_async.cpython-310.pyc
[4.000s] byte-compiling /home/robo/ros2_ws/install/examples_rclpy_minimal_client/lib/python3.10/site-packages/examples_rclpy_minimal_client/client_async_callback.py to client_async_callback.cpython-310.pyc
[4.001s] byte-compiling /home/robo/ros2_ws/install/examples_rclpy_minimal_client/lib/python3.10/site-packages/examples_rclpy_minimal_client/__init__.py to __init__.cpython-310.pyc
[4.001s] running install_data
[4.002s] copying resource/examples_rclpy_minimal_client -> /home/robo/ros2_ws/install/examples_rclpy_minimal_client/share/ament_index/resource_index/packages
[4.002s] copying package.xml -> /home/robo/ros2_ws/install/examples_rclpy_minimal_client/share/examples_rclpy_minimal_client
[4.002s] running install_egg_info
[4.026s] Copying ../../../../../build/examples_rclpy_minimal_client/examples_rclpy_minimal_client.egg-info to /home/robo/ros2_ws/install/examples_rclpy_minimal_client/lib/python3.10/site-packages/examples_rclpy_minimal_client-0.15.2-py3.10.egg-info
[4.027s] running install_scripts
[4.384s] Installing client script to /home/robo/ros2_ws/install/examples_rclpy_minimal_client/lib/examples_rclpy_minimal_client
[4.384s] Installing client_async script to /home/robo/ros2_ws/install/examples_rclpy_minimal_client/lib/examples_rclpy_minimal_client
[4.384s] Installing client_async_callback script to /home/robo/ros2_ws/install/examples_rclpy_minimal_client/lib/examples_rclpy_minimal_client
[4.385s] Installing client_async_member_function script to /home/robo/ros2_ws/install/examples_rclpy_minimal_client/lib/examples_rclpy_minimal_client
[4.385s] writing list of installed files to '/home/robo/ros2_ws/build/examples_rclpy_minimal_client/install.log'
[4.445s] Invoked command in '/home/robo/ros2_ws/src/examples/rclpy/services/minimal_client' returned '0': PYTHONPATH=/home/robo/ros2_ws/build/examples_rclpy_minimal_client/prefix_override:/usr/lib/python3/dist-packages/colcon_core/task/python/colcon_distutils_commands:/home/robo/ros2_ws/install/examples_rclpy_minimal_client/lib/python3.10/site-packages:${PYTHONPATH} /usr/bin/python3 -W ignore:setup.py install is deprecated setup.py egg_info --egg-base ../../../../../build/examples_rclpy_minimal_client build --build-base /home/robo/ros2_ws/build/examples_rclpy_minimal_client/build install --record /home/robo/ros2_ws/build/examples_rclpy_minimal_client/install.log --single-version-externally-managed install_data --force
