[1.463s] Invoking command in '/home/robo/ros2_ws/src/examples/rclpy/actions/minimal_action_client': PYTHONPATH=/home/robo/ros2_ws/build/examples_rclpy_minimal_action_client/prefix_override:/usr/lib/python3/dist-packages/colcon_core/task/python/colcon_distutils_commands:/home/robo/ros2_ws/install/examples_rclpy_minimal_action_client/lib/python3.10/site-packages:${PYTHONPATH} /usr/bin/python3 -W ignore:setup.py install is deprecated setup.py egg_info --egg-base ../../../../../build/examples_rclpy_minimal_action_client build --build-base /home/robo/ros2_ws/build/examples_rclpy_minimal_action_client/build install --record /home/robo/ros2_ws/build/examples_rclpy_minimal_action_client/install.log --single-version-externally-managed install_data
[1.969s] running egg_info
[2.007s] writing ../../../../../build/examples_rclpy_minimal_action_client/examples_rclpy_minimal_action_client.egg-info/PKG-INFO
[2.010s] writing dependency_links to ../../../../../build/examples_rclpy_minimal_action_client/examples_rclpy_minimal_action_client.egg-info/dependency_links.txt
[2.011s] writing entry points to ../../../../../build/examples_rclpy_minimal_action_client/examples_rclpy_minimal_action_client.egg-info/entry_points.txt
[2.011s] writing requirements to ../../../../../build/examples_rclpy_minimal_action_client/examples_rclpy_minimal_action_client.egg-info/requires.txt
[2.011s] writing top-level names to ../../../../../build/examples_rclpy_minimal_action_client/examples_rclpy_minimal_action_client.egg-info/top_level.txt
[2.084s] reading manifest file '../../../../../build/examples_rclpy_minimal_action_client/examples_rclpy_minimal_action_client.egg-info/SOURCES.txt'
[2.087s] writing manifest file '../../../../../build/examples_rclpy_minimal_action_client/examples_rclpy_minimal_action_client.egg-info/SOURCES.txt'
[2.087s] running build
[2.087s] running build_py
[2.087s] running install
[2.100s] running install_lib
[2.138s] running install_data
[2.138s] running install_egg_info
[2.177s] removing '/home/robo/ros2_ws/install/examples_rclpy_minimal_action_client/lib/python3.10/site-packages/examples_rclpy_minimal_action_client-0.15.2-py3.10.egg-info' (and everything under it)
[2.180s] Copying ../../../../../build/examples_rclpy_minimal_action_client/examples_rclpy_minimal_action_client.egg-info to /home/robo/ros2_ws/install/examples_rclpy_minimal_action_client/lib/python3.10/site-packages/examples_rclpy_minimal_action_client-0.15.2-py3.10.egg-info
[2.181s] running install_scripts
[2.556s] Installing client script to /home/robo/ros2_ws/install/examples_rclpy_minimal_action_client/lib/examples_rclpy_minimal_action_client
[2.557s] Installing client_asyncio script to /home/robo/ros2_ws/install/examples_rclpy_minimal_action_client/lib/examples_rclpy_minimal_action_client
[2.557s] Installing client_cancel script to /home/robo/ros2_ws/install/examples_rclpy_minimal_action_client/lib/examples_rclpy_minimal_action_client
[2.557s] Installing client_not_composable script to /home/robo/ros2_ws/install/examples_rclpy_minimal_action_client/lib/examples_rclpy_minimal_action_client
[2.558s] writing list of installed files to '/home/robo/ros2_ws/build/examples_rclpy_minimal_action_client/install.log'
[2.675s] Invoked command in '/home/robo/ros2_ws/src/examples/rclpy/actions/minimal_action_client' returned '0': PYTHONPATH=/home/robo/ros2_ws/build/examples_rclpy_minimal_action_client/prefix_override:/usr/lib/python3/dist-packages/colcon_core/task/python/colcon_distutils_commands:/home/robo/ros2_ws/install/examples_rclpy_minimal_action_client/lib/python3.10/site-packages:${PYTHONPATH} /usr/bin/python3 -W ignore:setup.py install is deprecated setup.py egg_info --egg-base ../../../../../build/examples_rclpy_minimal_action_client build --build-base /home/robo/ros2_ws/build/examples_rclpy_minimal_action_client/build install --record /home/robo/ros2_ws/build/examples_rclpy_minimal_action_client/install.log --single-version-externally-managed install_data
