[0.012s] Invoking command in '/home/robo/ros2_ws/build/my_package': CMAKE_PREFIX_PATH=${CMAKE_PREFIX_PATH}:/home/robo/ros2_ws/install/launch_testing_examples:/home/robo/ros2_ws/install/examples_rclpy_pointcloud_publisher:/home/robo/ros2_ws/install/examples_rclpy_minimal_subscriber:/home/robo/ros2_ws/install/examples_rclpy_minimal_service:/home/robo/ros2_ws/install/examples_rclpy_minimal_publisher:/home/robo/ros2_ws/install/examples_rclpy_minimal_client:/home/robo/ros2_ws/install/examples_rclpy_minimal_action_server:/home/robo/ros2_ws/install/examples_rclpy_minimal_action_client:/home/robo/ros2_ws/install/examples_rclpy_guard_conditions:/home/robo/ros2_ws/install/examples_rclpy_executors:/opt/ros/humble /usr/bin/cmake --build /home/robo/ros2_ws/build/my_package -- -j8 -l8
[0.057s] [35m[1mConsolidate compiler generated dependencies of target my_node[0m
[0.070s] [100%] Built target my_node
[0.082s] Invoked command in '/home/robo/ros2_ws/build/my_package' returned '0': CMAKE_PREFIX_PATH=${CMAKE_PREFIX_PATH}:/home/robo/ros2_ws/install/launch_testing_examples:/home/robo/ros2_ws/install/examples_rclpy_pointcloud_publisher:/home/robo/ros2_ws/install/examples_rclpy_minimal_subscriber:/home/robo/ros2_ws/install/examples_rclpy_minimal_service:/home/robo/ros2_ws/install/examples_rclpy_minimal_publisher:/home/robo/ros2_ws/install/examples_rclpy_minimal_client:/home/robo/ros2_ws/install/examples_rclpy_minimal_action_server:/home/robo/ros2_ws/install/examples_rclpy_minimal_action_client:/home/robo/ros2_ws/install/examples_rclpy_guard_conditions:/home/robo/ros2_ws/install/examples_rclpy_executors:/opt/ros/humble /usr/bin/cmake --build /home/robo/ros2_ws/build/my_package -- -j8 -l8
[0.123s] Invoking command in '/home/robo/ros2_ws/build/my_package': CMAKE_PREFIX_PATH=${CMAKE_PREFIX_PATH}:/home/robo/ros2_ws/install/launch_testing_examples:/home/robo/ros2_ws/install/examples_rclpy_pointcloud_publisher:/home/robo/ros2_ws/install/examples_rclpy_minimal_subscriber:/home/robo/ros2_ws/install/examples_rclpy_minimal_service:/home/robo/ros2_ws/install/examples_rclpy_minimal_publisher:/home/robo/ros2_ws/install/examples_rclpy_minimal_client:/home/robo/ros2_ws/install/examples_rclpy_minimal_action_server:/home/robo/ros2_ws/install/examples_rclpy_minimal_action_client:/home/robo/ros2_ws/install/examples_rclpy_guard_conditions:/home/robo/ros2_ws/install/examples_rclpy_executors:/opt/ros/humble /usr/bin/cmake --install /home/robo/ros2_ws/build/my_package
[0.132s] -- Install configuration: ""
[0.132s] -- Up-to-date: /home/robo/ros2_ws/install/my_package/lib/my_package/my_node
[0.133s] -- Up-to-date: /home/robo/ros2_ws/install/my_package/share/ament_index/resource_index/package_run_dependencies/my_package
[0.133s] -- Up-to-date: /home/robo/ros2_ws/install/my_package/share/ament_index/resource_index/parent_prefix_path/my_package
[0.133s] -- Up-to-date: /home/robo/ros2_ws/install/my_package/share/my_package/environment/ament_prefix_path.sh
[0.133s] -- Up-to-date: /home/robo/ros2_ws/install/my_package/share/my_package/environment/ament_prefix_path.dsv
[0.133s] -- Up-to-date: /home/robo/ros2_ws/install/my_package/share/my_package/environment/path.sh
[0.133s] -- Up-to-date: /home/robo/ros2_ws/install/my_package/share/my_package/environment/path.dsv
[0.133s] -- Up-to-date: /home/robo/ros2_ws/install/my_package/share/my_package/local_setup.bash
[0.133s] -- Up-to-date: /home/robo/ros2_ws/install/my_package/share/my_package/local_setup.sh
[0.133s] -- Up-to-date: /home/robo/ros2_ws/install/my_package/share/my_package/local_setup.zsh
[0.133s] -- Up-to-date: /home/robo/ros2_ws/install/my_package/share/my_package/local_setup.dsv
[0.133s] -- Up-to-date: /home/robo/ros2_ws/install/my_package/share/my_package/package.dsv
[0.133s] -- Up-to-date: /home/robo/ros2_ws/install/my_package/share/ament_index/resource_index/packages/my_package
[0.133s] -- Up-to-date: /home/robo/ros2_ws/install/my_package/share/my_package/cmake/my_packageConfig.cmake
[0.133s] -- Up-to-date: /home/robo/ros2_ws/install/my_package/share/my_package/cmake/my_packageConfig-version.cmake
[0.134s] -- Up-to-date: /home/robo/ros2_ws/install/my_package/share/my_package/package.xml
[0.135s] Invoked command in '/home/robo/ros2_ws/build/my_package' returned '0': CMAKE_PREFIX_PATH=${CMAKE_PREFIX_PATH}:/home/robo/ros2_ws/install/launch_testing_examples:/home/robo/ros2_ws/install/examples_rclpy_pointcloud_publisher:/home/robo/ros2_ws/install/examples_rclpy_minimal_subscriber:/home/robo/ros2_ws/install/examples_rclpy_minimal_service:/home/robo/ros2_ws/install/examples_rclpy_minimal_publisher:/home/robo/ros2_ws/install/examples_rclpy_minimal_client:/home/robo/ros2_ws/install/examples_rclpy_minimal_action_server:/home/robo/ros2_ws/install/examples_rclpy_minimal_action_client:/home/robo/ros2_ws/install/examples_rclpy_guard_conditions:/home/robo/ros2_ws/install/examples_rclpy_executors:/opt/ros/humble /usr/bin/cmake --install /home/robo/ros2_ws/build/my_package
