[2.470s] Invoking command in '/home/robo/ros2_ws/src/examples/rclpy/services/minimal_client': PYTHONPATH=/home/robo/ros2_ws/build/examples_rclpy_minimal_client/prefix_override:/usr/lib/python3/dist-packages/colcon_core/task/python/colcon_distutils_commands:/home/robo/ros2_ws/install/examples_rclpy_minimal_client/lib/python3.10/site-packages:${PYTHONPATH} /usr/bin/python3 -W ignore:setup.py install is deprecated setup.py egg_info --egg-base ../../../../../build/examples_rclpy_minimal_client build --build-base /home/robo/ros2_ws/build/examples_rclpy_minimal_client/build install --record /home/robo/ros2_ws/build/examples_rclpy_minimal_client/install.log --single-version-externally-managed install_data
[4.192s] running egg_info
[4.338s] writing ../../../../../build/examples_rclpy_minimal_client/examples_rclpy_minimal_client.egg-info/PKG-INFO
[4.353s] writing dependency_links to ../../../../../build/examples_rclpy_minimal_client/examples_rclpy_minimal_client.egg-info/dependency_links.txt
[4.353s] writing entry points to ../../../../../build/examples_rclpy_minimal_client/examples_rclpy_minimal_client.egg-info/entry_points.txt
[4.354s] writing requirements to ../../../../../build/examples_rclpy_minimal_client/examples_rclpy_minimal_client.egg-info/requires.txt
[4.355s] writing top-level names to ../../../../../build/examples_rclpy_minimal_client/examples_rclpy_minimal_client.egg-info/top_level.txt
[4.679s] reading manifest file '../../../../../build/examples_rclpy_minimal_client/examples_rclpy_minimal_client.egg-info/SOURCES.txt'
[4.696s] writing manifest file '../../../../../build/examples_rclpy_minimal_client/examples_rclpy_minimal_client.egg-info/SOURCES.txt'
[4.710s] running build
[4.712s] running build_py
[4.713s] running install
[4.758s] running install_lib
[4.917s] running install_data
[4.918s] running install_egg_info
[5.071s] removing '/home/robo/ros2_ws/install/examples_rclpy_minimal_client/lib/python3.10/site-packages/examples_rclpy_minimal_client-0.15.2-py3.10.egg-info' (and everything under it)
[5.075s] Copying ../../../../../build/examples_rclpy_minimal_client/examples_rclpy_minimal_client.egg-info to /home/robo/ros2_ws/install/examples_rclpy_minimal_client/lib/python3.10/site-packages/examples_rclpy_minimal_client-0.15.2-py3.10.egg-info
[5.081s] running install_scripts
[6.366s] Installing client script to /home/robo/ros2_ws/install/examples_rclpy_minimal_client/lib/examples_rclpy_minimal_client
[6.367s] Installing client_async script to /home/robo/ros2_ws/install/examples_rclpy_minimal_client/lib/examples_rclpy_minimal_client
[6.368s] Installing client_async_callback script to /home/robo/ros2_ws/install/examples_rclpy_minimal_client/lib/examples_rclpy_minimal_client
[6.369s] Installing client_async_member_function script to /home/robo/ros2_ws/install/examples_rclpy_minimal_client/lib/examples_rclpy_minimal_client
[6.370s] writing list of installed files to '/home/robo/ros2_ws/build/examples_rclpy_minimal_client/install.log'
[6.417s] Invoked command in '/home/robo/ros2_ws/src/examples/rclpy/services/minimal_client' returned '0': PYTHONPATH=/home/robo/ros2_ws/build/examples_rclpy_minimal_client/prefix_override:/usr/lib/python3/dist-packages/colcon_core/task/python/colcon_distutils_commands:/home/robo/ros2_ws/install/examples_rclpy_minimal_client/lib/python3.10/site-packages:${PYTHONPATH} /usr/bin/python3 -W ignore:setup.py install is deprecated setup.py egg_info --egg-base ../../../../../build/examples_rclpy_minimal_client build --build-base /home/robo/ros2_ws/build/examples_rclpy_minimal_client/build install --record /home/robo/ros2_ws/build/examples_rclpy_minimal_client/install.log --single-version-externally-managed install_data
