[0.036s] Invoking command in '/home/robo/ros2_ws/build/examples_rclcpp_minimal_action_server': CMAKE_PREFIX_PATH=/opt/ros/humble /usr/bin/cmake /home/robo/ros2_ws/src/examples/rclcpp/actions/minimal_action_server -DAMENT_CMAKE_SYMLINK_INSTALL=1 -DCMAKE_INSTALL_PREFIX=/home/robo/ros2_ws/install/examples_rclcpp_minimal_action_server
[1.060s] -- The C compiler identification is GNU 11.4.0
[1.708s] -- The CXX compiler identification is GNU 11.4.0
[1.730s] -- Detecting C compiler ABI info
[1.992s] -- Detecting C compiler ABI info - done
[2.010s] -- Check for working C compiler: /usr/bin/cc - skipped
[2.010s] -- Detecting C compile features
[2.010s] -- Detecting C compile features - done
[2.019s] -- Detecting CXX compiler ABI info
[2.191s] -- Detecting CXX compiler ABI info - done
[2.212s] -- Check for working CXX compiler: /usr/bin/c++ - skipped
[2.212s] -- Detecting CXX compile features
[2.212s] -- Detecting CXX compile features - done
[2.229s] -- Found ament_cmake: 1.3.9 (/opt/ros/humble/share/ament_cmake/cmake)
[3.127s] -- Found Python3: /usr/bin/python3 (found version "3.10.12") found components: Interpreter 
[3.250s] -- Override CMake install command with custom implementation using symlinks instead of copying resources
[3.292s] -- Found example_interfaces: 0.9.3 (/opt/ros/humble/share/example_interfaces/cmake)
[3.390s] -- Found rosidl_generator_c: 3.1.5 (/opt/ros/humble/share/rosidl_generator_c/cmake)
[3.401s] -- Found rosidl_adapter: 3.1.5 (/opt/ros/humble/share/rosidl_adapter/cmake)
[3.426s] -- Found rosidl_generator_cpp: 3.1.5 (/opt/ros/humble/share/rosidl_generator_cpp/cmake)
[3.461s] -- Using all available rosidl_typesupport_c: rosidl_typesupport_fastrtps_c;rosidl_typesupport_introspection_c
[3.510s] -- Using all available rosidl_typesupport_cpp: rosidl_typesupport_fastrtps_cpp;rosidl_typesupport_introspection_cpp
[3.918s] -- Found rclcpp: 16.0.9 (/opt/ros/humble/share/rclcpp/cmake)
[4.040s] -- Found rmw_implementation_cmake: 6.1.2 (/opt/ros/humble/share/rmw_implementation_cmake/cmake)
[4.044s] -- Found rmw_fastrtps_cpp: 6.2.6 (/opt/ros/humble/share/rmw_fastrtps_cpp/cmake)
[4.210s] -- Found OpenSSL: /usr/lib/x86_64-linux-gnu/libcrypto.so (found version "3.0.2")  
[4.262s] -- Found FastRTPS: /opt/ros/humble/include  
[4.345s] -- Using RMW implementation 'rmw_fastrtps_cpp' as default
[4.363s] -- Looking for pthread.h
[4.503s] -- Looking for pthread.h - found
[4.504s] -- Performing Test CMAKE_HAVE_LIBC_PTHREAD
[4.704s] -- Performing Test CMAKE_HAVE_LIBC_PTHREAD - Success
[4.705s] -- Found Threads: TRUE  
[5.033s] -- Found rclcpp_action: 16.0.9 (/opt/ros/humble/share/rclcpp_action/cmake)
[5.109s] -- Found ament_lint_auto: 0.12.11 (/opt/ros/humble/share/ament_lint_auto/cmake)
[5.349s] -- Added test 'copyright' to check source files copyright and LICENSE
[5.349s] -- Added test 'cppcheck' to perform static code analysis on C / C++ code
[5.350s] -- Configured cppcheck include dirs: 
[5.351s] -- Configured cppcheck exclude dirs and/or files: 
[5.352s] -- Added test 'cpplint' to check C / C++ code against the Google style
[5.352s] -- Configured cpplint exclude dirs and/or files: 
[5.363s] -- Added test 'lint_cmake' to check CMake code style
[5.364s] -- Added test 'uncrustify' to check C / C++ code style
[5.364s] -- Configured uncrustify additional arguments: 
[5.364s] -- Added test 'xmllint' to check XML markup files
[5.374s] -- Configuring done
[5.436s] -- Generating done
[5.440s] -- Build files have been written to: /home/robo/ros2_ws/build/examples_rclcpp_minimal_action_server
[5.475s] Invoked command in '/home/robo/ros2_ws/build/examples_rclcpp_minimal_action_server' returned '0': CMAKE_PREFIX_PATH=/opt/ros/humble /usr/bin/cmake /home/robo/ros2_ws/src/examples/rclcpp/actions/minimal_action_server -DAMENT_CMAKE_SYMLINK_INSTALL=1 -DCMAKE_INSTALL_PREFIX=/home/robo/ros2_ws/install/examples_rclcpp_minimal_action_server
[5.476s] Invoking command in '/home/robo/ros2_ws/build/examples_rclcpp_minimal_action_server': CMAKE_PREFIX_PATH=/opt/ros/humble /usr/bin/cmake --build /home/robo/ros2_ws/build/examples_rclcpp_minimal_action_server -- -j8 -l8
[26.548s] [ 25%] [32mBuilding CXX object CMakeFiles/action_server_member_functions.dir/member_functions.cpp.o[0m
[26.548s] [ 50%] [32mBuilding CXX object CMakeFiles/action_server_not_composable.dir/not_composable.cpp.o[0m
[26.548s] [ 75%] [32m[1mLinking CXX executable action_server_member_functions[0m
[26.548s] [ 75%] Built target action_server_member_functions
[29.256s] [100%] [32m[1mLinking CXX executable action_server_not_composable[0m
[29.860s] [100%] Built target action_server_not_composable
[29.893s] Invoked command in '/home/robo/ros2_ws/build/examples_rclcpp_minimal_action_server' returned '0': CMAKE_PREFIX_PATH=/opt/ros/humble /usr/bin/cmake --build /home/robo/ros2_ws/build/examples_rclcpp_minimal_action_server -- -j8 -l8
[30.034s] Invoking command in '/home/robo/ros2_ws/build/examples_rclcpp_minimal_action_server': CMAKE_PREFIX_PATH=/opt/ros/humble /usr/bin/cmake --install /home/robo/ros2_ws/build/examples_rclcpp_minimal_action_server
[30.874s] -- Install configuration: ""
[30.874s] -- Execute custom install script
[30.875s] -- Symlinking: /home/robo/ros2_ws/install/examples_rclcpp_minimal_action_server/lib/examples_rclcpp_minimal_action_server/action_server_not_composable
[30.880s] -- Symlinking: /home/robo/ros2_ws/install/examples_rclcpp_minimal_action_server/lib/examples_rclcpp_minimal_action_server/action_server_member_functions
[30.880s] -- Symlinking: /home/robo/ros2_ws/install/examples_rclcpp_minimal_action_server/share/ament_index/resource_index/package_run_dependencies/examples_rclcpp_minimal_action_server
[30.881s] -- Symlinking: /home/robo/ros2_ws/install/examples_rclcpp_minimal_action_server/share/ament_index/resource_index/parent_prefix_path/examples_rclcpp_minimal_action_server
[30.881s] -- Symlinking: /home/robo/ros2_ws/install/examples_rclcpp_minimal_action_server/share/examples_rclcpp_minimal_action_server/environment/ament_prefix_path.sh
[30.881s] -- Symlinking: /home/robo/ros2_ws/install/examples_rclcpp_minimal_action_server/share/examples_rclcpp_minimal_action_server/environment/ament_prefix_path.dsv
[30.881s] -- Symlinking: /home/robo/ros2_ws/install/examples_rclcpp_minimal_action_server/share/examples_rclcpp_minimal_action_server/environment/path.sh
[30.881s] -- Symlinking: /home/robo/ros2_ws/install/examples_rclcpp_minimal_action_server/share/examples_rclcpp_minimal_action_server/environment/path.dsv
[30.881s] -- Symlinking: /home/robo/ros2_ws/install/examples_rclcpp_minimal_action_server/share/examples_rclcpp_minimal_action_server/local_setup.bash
[30.881s] -- Symlinking: /home/robo/ros2_ws/install/examples_rclcpp_minimal_action_server/share/examples_rclcpp_minimal_action_server/local_setup.sh
[30.881s] -- Symlinking: /home/robo/ros2_ws/install/examples_rclcpp_minimal_action_server/share/examples_rclcpp_minimal_action_server/local_setup.zsh
[30.881s] -- Symlinking: /home/robo/ros2_ws/install/examples_rclcpp_minimal_action_server/share/examples_rclcpp_minimal_action_server/local_setup.dsv
[30.882s] -- Symlinking: /home/robo/ros2_ws/install/examples_rclcpp_minimal_action_server/share/examples_rclcpp_minimal_action_server/package.dsv
[30.882s] -- Symlinking: /home/robo/ros2_ws/install/examples_rclcpp_minimal_action_server/share/ament_index/resource_index/packages/examples_rclcpp_minimal_action_server
[30.886s] -- Symlinking: /home/robo/ros2_ws/install/examples_rclcpp_minimal_action_server/share/examples_rclcpp_minimal_action_server/cmake/examples_rclcpp_minimal_action_serverConfig.cmake
[30.886s] -- Symlinking: /home/robo/ros2_ws/install/examples_rclcpp_minimal_action_server/share/examples_rclcpp_minimal_action_server/cmake/examples_rclcpp_minimal_action_serverConfig-version.cmake
[30.886s] -- Symlinking: /home/robo/ros2_ws/install/examples_rclcpp_minimal_action_server/share/examples_rclcpp_minimal_action_server/package.xml
[30.888s] Invoked command in '/home/robo/ros2_ws/build/examples_rclcpp_minimal_action_server' returned '0': CMAKE_PREFIX_PATH=/opt/ros/humble /usr/bin/cmake --install /home/robo/ros2_ws/build/examples_rclcpp_minimal_action_server
