[2.721s] Invoking command in '/home/robo/ros2_ws/build/examples_rclpy_minimal_action_client': PYTHONPATH=/home/robo/ros2_ws/build/examples_rclpy_minimal_action_client/prefix_override:/usr/lib/python3/dist-packages/colcon_core/task/python/colcon_distutils_commands:/home/robo/ros2_ws/install/examples_rclpy_minimal_action_client/lib/python3.10/site-packages:${PYTHONPATH} /usr/bin/python3 -W ignore:setup.py install is deprecated setup.py develop --editable --build-directory /home/robo/ros2_ws/build/examples_rclpy_minimal_action_client/build --no-deps symlink_data
[5.469s] running develop
[5.471s] running egg_info
[5.471s] creating examples_rclpy_minimal_action_client.egg-info
[5.471s] writing examples_rclpy_minimal_action_client.egg-info/PKG-INFO
[5.472s] writing dependency_links to examples_rclpy_minimal_action_client.egg-info/dependency_links.txt
[5.472s] writing entry points to examples_rclpy_minimal_action_client.egg-info/entry_points.txt
[5.472s] writing requirements to examples_rclpy_minimal_action_client.egg-info/requires.txt
[5.472s] writing top-level names to examples_rclpy_minimal_action_client.egg-info/top_level.txt
[5.472s] writing manifest file 'examples_rclpy_minimal_action_client.egg-info/SOURCES.txt'
[5.472s] reading manifest file 'examples_rclpy_minimal_action_client.egg-info/SOURCES.txt'
[5.472s] writing manifest file 'examples_rclpy_minimal_action_client.egg-info/SOURCES.txt'
[5.473s] running build_ext
[5.473s] Creating /home/robo/ros2_ws/install/examples_rclpy_minimal_action_client/lib/python3.10/site-packages/examples-rclpy-minimal-action-client.egg-link (link to .)
[5.473s] Installing client script to /home/robo/ros2_ws/install/examples_rclpy_minimal_action_client/lib/examples_rclpy_minimal_action_client
[5.473s] Installing client_asyncio script to /home/robo/ros2_ws/install/examples_rclpy_minimal_action_client/lib/examples_rclpy_minimal_action_client
[5.473s] Installing client_cancel script to /home/robo/ros2_ws/install/examples_rclpy_minimal_action_client/lib/examples_rclpy_minimal_action_client
[5.473s] Installing client_not_composable script to /home/robo/ros2_ws/install/examples_rclpy_minimal_action_client/lib/examples_rclpy_minimal_action_client
[5.474s] 
[5.474s] Installed /home/robo/ros2_ws/build/examples_rclpy_minimal_action_client
[5.474s] running symlink_data
[5.474s] creating /home/robo/ros2_ws/install/examples_rclpy_minimal_action_client/share/ament_index
[5.474s] creating /home/robo/ros2_ws/install/examples_rclpy_minimal_action_client/share/ament_index/resource_index
[5.474s] creating /home/robo/ros2_ws/install/examples_rclpy_minimal_action_client/share/ament_index/resource_index/packages
[5.475s] symbolically linking /home/robo/ros2_ws/build/examples_rclpy_minimal_action_client/resource/examples_rclpy_minimal_action_client -> /home/robo/ros2_ws/install/examples_rclpy_minimal_action_client/share/ament_index/resource_index/packages
[5.475s] symbolically linking /home/robo/ros2_ws/build/examples_rclpy_minimal_action_client/package.xml -> /home/robo/ros2_ws/install/examples_rclpy_minimal_action_client/share/examples_rclpy_minimal_action_client
[5.475s] /home/robo/.local/lib/python3.10/site-packages/setuptools/command/develop.py:40: EasyInstallDeprecationWarning: easy_install command is deprecated.
[5.475s] !!
[5.475s] 
[5.476s]         ********************************************************************************
[5.476s]         Please avoid running ``setup.py`` and ``easy_install``.
[5.476s]         Instead, use pypa/build, pypa/installer or other
[5.476s]         standards-based tools.
[5.476s] 
[5.476s]         See https://github.com/pypa/setuptools/issues/917 for details.
[5.476s]         ********************************************************************************
[5.477s] 
[5.477s] !!
[5.477s]   easy_install.initialize_options(self)
[5.487s] Invoked command in '/home/robo/ros2_ws/build/examples_rclpy_minimal_action_client' returned '0': PYTHONPATH=/home/robo/ros2_ws/build/examples_rclpy_minimal_action_client/prefix_override:/usr/lib/python3/dist-packages/colcon_core/task/python/colcon_distutils_commands:/home/robo/ros2_ws/install/examples_rclpy_minimal_action_client/lib/python3.10/site-packages:${PYTHONPATH} /usr/bin/python3 -W ignore:setup.py install is deprecated setup.py develop --editable --build-directory /home/robo/ros2_ws/build/examples_rclpy_minimal_action_client/build --no-deps symlink_data
