[3.084s] Invoking command in '/home/robo/ros2_ws/build/examples_rclpy_minimal_action_server': PYTHONPATH=/home/robo/ros2_ws/build/examples_rclpy_minimal_action_server/prefix_override:/usr/lib/python3/dist-packages/colcon_core/task/python/colcon_distutils_commands:/home/robo/ros2_ws/install/examples_rclpy_minimal_action_server/lib/python3.10/site-packages:${PYTHONPATH} /usr/bin/python3 -W ignore:setup.py install is deprecated setup.py develop --editable --build-directory /home/robo/ros2_ws/build/examples_rclpy_minimal_action_server/build --no-deps symlink_data
[5.423s] /home/robo/.local/lib/python3.10/site-packages/setuptools/command/develop.py:40: EasyInstallDeprecationWarning: easy_install command is deprecated.
[5.423s] !!
[5.423s] 
[5.424s]         ********************************************************************************
[5.424s]         Please avoid running ``setup.py`` and ``easy_install``.
[5.424s]         Instead, use pypa/build, pypa/installer or other
[5.424s]         standards-based tools.
[5.424s] 
[5.425s]         See https://github.com/pypa/setuptools/issues/917 for details.
[5.425s]         ********************************************************************************
[5.425s] 
[5.425s] !!
[5.425s]   easy_install.initialize_options(self)
[5.426s] running develop
[5.426s] running egg_info
[5.427s] creating examples_rclpy_minimal_action_server.egg-info
[5.427s] writing examples_rclpy_minimal_action_server.egg-info/PKG-INFO
[5.427s] writing dependency_links to examples_rclpy_minimal_action_server.egg-info/dependency_links.txt
[5.427s] writing entry points to examples_rclpy_minimal_action_server.egg-info/entry_points.txt
[5.427s] writing requirements to examples_rclpy_minimal_action_server.egg-info/requires.txt
[5.427s] writing top-level names to examples_rclpy_minimal_action_server.egg-info/top_level.txt
[5.427s] writing manifest file 'examples_rclpy_minimal_action_server.egg-info/SOURCES.txt'
[5.428s] reading manifest file 'examples_rclpy_minimal_action_server.egg-info/SOURCES.txt'
[5.428s] writing manifest file 'examples_rclpy_minimal_action_server.egg-info/SOURCES.txt'
[5.428s] running build_ext
[5.428s] Creating /home/robo/ros2_ws/install/examples_rclpy_minimal_action_server/lib/python3.10/site-packages/examples-rclpy-minimal-action-server.egg-link (link to .)
[5.428s] Installing server script to /home/robo/ros2_ws/install/examples_rclpy_minimal_action_server/lib/examples_rclpy_minimal_action_server
[5.428s] Installing server_defer script to /home/robo/ros2_ws/install/examples_rclpy_minimal_action_server/lib/examples_rclpy_minimal_action_server
[5.428s] Installing server_not_composable script to /home/robo/ros2_ws/install/examples_rclpy_minimal_action_server/lib/examples_rclpy_minimal_action_server
[5.429s] Installing server_queue_goals script to /home/robo/ros2_ws/install/examples_rclpy_minimal_action_server/lib/examples_rclpy_minimal_action_server
[5.429s] Installing server_single_goal script to /home/robo/ros2_ws/install/examples_rclpy_minimal_action_server/lib/examples_rclpy_minimal_action_server
[5.429s] 
[5.429s] Installed /home/robo/ros2_ws/build/examples_rclpy_minimal_action_server
[5.429s] running symlink_data
[5.429s] creating /home/robo/ros2_ws/install/examples_rclpy_minimal_action_server/share/ament_index
[5.429s] creating /home/robo/ros2_ws/install/examples_rclpy_minimal_action_server/share/ament_index/resource_index
[5.429s] creating /home/robo/ros2_ws/install/examples_rclpy_minimal_action_server/share/ament_index/resource_index/packages
[5.430s] symbolically linking /home/robo/ros2_ws/build/examples_rclpy_minimal_action_server/resource/examples_rclpy_minimal_action_server -> /home/robo/ros2_ws/install/examples_rclpy_minimal_action_server/share/ament_index/resource_index/packages
[5.430s] symbolically linking /home/robo/ros2_ws/build/examples_rclpy_minimal_action_server/package.xml -> /home/robo/ros2_ws/install/examples_rclpy_minimal_action_server/share/examples_rclpy_minimal_action_server
[5.443s] Invoked command in '/home/robo/ros2_ws/build/examples_rclpy_minimal_action_server' returned '0': PYTHONPATH=/home/robo/ros2_ws/build/examples_rclpy_minimal_action_server/prefix_override:/usr/lib/python3/dist-packages/colcon_core/task/python/colcon_distutils_commands:/home/robo/ros2_ws/install/examples_rclpy_minimal_action_server/lib/python3.10/site-packages:${PYTHONPATH} /usr/bin/python3 -W ignore:setup.py install is deprecated setup.py develop --editable --build-directory /home/robo/ros2_ws/build/examples_rclpy_minimal_action_server/build --no-deps symlink_data
