[0.022s] Invoking command in '/home/robo/ros2_ws/build/my_package': CMAKE_PREFIX_PATH=${CMAKE_PREFIX_PATH}:/home/robo/ros2_ws/install/launch_testing_examples:/home/robo/ros2_ws/install/examples_rclpy_pointcloud_publisher:/home/robo/ros2_ws/install/examples_rclpy_minimal_subscriber:/home/robo/ros2_ws/install/examples_rclpy_minimal_service:/home/robo/ros2_ws/install/examples_rclpy_minimal_publisher:/home/robo/ros2_ws/install/examples_rclpy_minimal_client:/home/robo/ros2_ws/install/examples_rclpy_minimal_action_server:/home/robo/ros2_ws/install/examples_rclpy_minimal_action_client:/home/robo/ros2_ws/install/examples_rclpy_guard_conditions:/home/robo/ros2_ws/install/examples_rclpy_executors:/opt/ros/humble /usr/bin/cmake /home/robo/ros2_ws/src/my_package -DCMAKE_INSTALL_PREFIX=/home/robo/ros2_ws/install/my_package
[0.125s] -- The C compiler identification is GNU 11.4.0
[0.231s] -- The CXX compiler identification is GNU 11.4.0
[0.244s] -- Detecting C compiler ABI info
[0.366s] -- Detecting C compiler ABI info - done
[0.383s] -- Check for working C compiler: /usr/bin/cc - skipped
[0.384s] -- Detecting C compile features
[0.385s] -- Detecting C compile features - done
[0.393s] -- Detecting CXX compiler ABI info
[0.542s] -- Detecting CXX compiler ABI info - done
[0.557s] -- Check for working CXX compiler: /usr/bin/c++ - skipped
[0.558s] -- Detecting CXX compile features
[0.559s] -- Detecting CXX compile features - done
[0.567s] -- Found ament_cmake: 1.3.9 (/opt/ros/humble/share/ament_cmake/cmake)
[1.331s] -- Found Python3: /usr/bin/python3 (found version "3.10.12") found components: Interpreter 
[1.560s] -- Found ament_lint_auto: 0.12.11 (/opt/ros/humble/share/ament_lint_auto/cmake)
[1.743s] -- Added test 'cppcheck' to perform static code analysis on C / C++ code
[1.743s] -- Configured cppcheck include dirs: $<BUILD_INTERFACE:/home/robo/ros2_ws/src/my_package/include>
[1.744s] -- Configured cppcheck exclude dirs and/or files: 
[1.745s] -- Added test 'lint_cmake' to check CMake code style
[1.746s] -- Added test 'uncrustify' to check C / C++ code style
[1.747s] -- Configured uncrustify additional arguments: 
[1.748s] -- Added test 'xmllint' to check XML markup files
[1.750s] -- Configuring done
[1.754s] -- Generating done
[1.755s] -- Build files have been written to: /home/robo/ros2_ws/build/my_package
[1.761s] Invoked command in '/home/robo/ros2_ws/build/my_package' returned '0': CMAKE_PREFIX_PATH=${CMAKE_PREFIX_PATH}:/home/robo/ros2_ws/install/launch_testing_examples:/home/robo/ros2_ws/install/examples_rclpy_pointcloud_publisher:/home/robo/ros2_ws/install/examples_rclpy_minimal_subscriber:/home/robo/ros2_ws/install/examples_rclpy_minimal_service:/home/robo/ros2_ws/install/examples_rclpy_minimal_publisher:/home/robo/ros2_ws/install/examples_rclpy_minimal_client:/home/robo/ros2_ws/install/examples_rclpy_minimal_action_server:/home/robo/ros2_ws/install/examples_rclpy_minimal_action_client:/home/robo/ros2_ws/install/examples_rclpy_guard_conditions:/home/robo/ros2_ws/install/examples_rclpy_executors:/opt/ros/humble /usr/bin/cmake /home/robo/ros2_ws/src/my_package -DCMAKE_INSTALL_PREFIX=/home/robo/ros2_ws/install/my_package
[1.764s] Invoking command in '/home/robo/ros2_ws/build/my_package': CMAKE_PREFIX_PATH=${CMAKE_PREFIX_PATH}:/home/robo/ros2_ws/install/launch_testing_examples:/home/robo/ros2_ws/install/examples_rclpy_pointcloud_publisher:/home/robo/ros2_ws/install/examples_rclpy_minimal_subscriber:/home/robo/ros2_ws/install/examples_rclpy_minimal_service:/home/robo/ros2_ws/install/examples_rclpy_minimal_publisher:/home/robo/ros2_ws/install/examples_rclpy_minimal_client:/home/robo/ros2_ws/install/examples_rclpy_minimal_action_server:/home/robo/ros2_ws/install/examples_rclpy_minimal_action_client:/home/robo/ros2_ws/install/examples_rclpy_guard_conditions:/home/robo/ros2_ws/install/examples_rclpy_executors:/opt/ros/humble /usr/bin/cmake --build /home/robo/ros2_ws/build/my_package -- -j8 -l8
[1.820s] [ 50%] [32mBuilding CXX object CMakeFiles/my_node.dir/src/my_node.cpp.o[0m
[1.852s] [100%] [32m[1mLinking CXX executable my_node[0m
[1.907s] [100%] Built target my_node
[1.920s] Invoked command in '/home/robo/ros2_ws/build/my_package' returned '0': CMAKE_PREFIX_PATH=${CMAKE_PREFIX_PATH}:/home/robo/ros2_ws/install/launch_testing_examples:/home/robo/ros2_ws/install/examples_rclpy_pointcloud_publisher:/home/robo/ros2_ws/install/examples_rclpy_minimal_subscriber:/home/robo/ros2_ws/install/examples_rclpy_minimal_service:/home/robo/ros2_ws/install/examples_rclpy_minimal_publisher:/home/robo/ros2_ws/install/examples_rclpy_minimal_client:/home/robo/ros2_ws/install/examples_rclpy_minimal_action_server:/home/robo/ros2_ws/install/examples_rclpy_minimal_action_client:/home/robo/ros2_ws/install/examples_rclpy_guard_conditions:/home/robo/ros2_ws/install/examples_rclpy_executors:/opt/ros/humble /usr/bin/cmake --build /home/robo/ros2_ws/build/my_package -- -j8 -l8
[1.951s] Invoking command in '/home/robo/ros2_ws/build/my_package': CMAKE_PREFIX_PATH=${CMAKE_PREFIX_PATH}:/home/robo/ros2_ws/install/launch_testing_examples:/home/robo/ros2_ws/install/examples_rclpy_pointcloud_publisher:/home/robo/ros2_ws/install/examples_rclpy_minimal_subscriber:/home/robo/ros2_ws/install/examples_rclpy_minimal_service:/home/robo/ros2_ws/install/examples_rclpy_minimal_publisher:/home/robo/ros2_ws/install/examples_rclpy_minimal_client:/home/robo/ros2_ws/install/examples_rclpy_minimal_action_server:/home/robo/ros2_ws/install/examples_rclpy_minimal_action_client:/home/robo/ros2_ws/install/examples_rclpy_guard_conditions:/home/robo/ros2_ws/install/examples_rclpy_executors:/opt/ros/humble /usr/bin/cmake --install /home/robo/ros2_ws/build/my_package
[1.960s] -- Install configuration: ""
[1.961s] -- Installing: /home/robo/ros2_ws/install/my_package/lib/my_package/my_node
[1.961s] -- Installing: /home/robo/ros2_ws/install/my_package/share/ament_index/resource_index/package_run_dependencies/my_package
[1.961s] -- Installing: /home/robo/ros2_ws/install/my_package/share/ament_index/resource_index/parent_prefix_path/my_package
[1.961s] -- Installing: /home/robo/ros2_ws/install/my_package/share/my_package/environment/ament_prefix_path.sh
[1.962s] -- Installing: /home/robo/ros2_ws/install/my_package/share/my_package/environment/ament_prefix_path.dsv
[1.962s] -- Installing: /home/robo/ros2_ws/install/my_package/share/my_package/environment/path.sh
[1.962s] -- Installing: /home/robo/ros2_ws/install/my_package/share/my_package/environment/path.dsv
[1.963s] -- Installing: /home/robo/ros2_ws/install/my_package/share/my_package/local_setup.bash
[1.963s] -- Installing: /home/robo/ros2_ws/install/my_package/share/my_package/local_setup.sh
[1.963s] -- Installing: /home/robo/ros2_ws/install/my_package/share/my_package/local_setup.zsh
[1.963s] -- Installing: /home/robo/ros2_ws/install/my_package/share/my_package/local_setup.dsv
[1.963s] -- Installing: /home/robo/ros2_ws/install/my_package/share/my_package/package.dsv
[1.963s] -- Installing: /home/robo/ros2_ws/install/my_package/share/ament_index/resource_index/packages/my_package
[1.963s] -- Installing: /home/robo/ros2_ws/install/my_package/share/my_package/cmake/my_packageConfig.cmake
[1.963s] -- Installing: /home/robo/ros2_ws/install/my_package/share/my_package/cmake/my_packageConfig-version.cmake
[1.964s] -- Installing: /home/robo/ros2_ws/install/my_package/share/my_package/package.xml
[1.967s] Invoked command in '/home/robo/ros2_ws/build/my_package' returned '0': CMAKE_PREFIX_PATH=${CMAKE_PREFIX_PATH}:/home/robo/ros2_ws/install/launch_testing_examples:/home/robo/ros2_ws/install/examples_rclpy_pointcloud_publisher:/home/robo/ros2_ws/install/examples_rclpy_minimal_subscriber:/home/robo/ros2_ws/install/examples_rclpy_minimal_service:/home/robo/ros2_ws/install/examples_rclpy_minimal_publisher:/home/robo/ros2_ws/install/examples_rclpy_minimal_client:/home/robo/ros2_ws/install/examples_rclpy_minimal_action_server:/home/robo/ros2_ws/install/examples_rclpy_minimal_action_client:/home/robo/ros2_ws/install/examples_rclpy_guard_conditions:/home/robo/ros2_ws/install/examples_rclpy_executors:/opt/ros/humble /usr/bin/cmake --install /home/robo/ros2_ws/build/my_package
