[0.012s] Invoking command in '/home/robo/ros2_ws/build/cpp_pubsub': CMAKE_PREFIX_PATH=${CMAKE_PREFIX_PATH}:/home/robo/ros2_ws/install/launch_testing_examples:/home/robo/ros2_ws/install/examples_rclpy_pointcloud_publisher:/home/robo/ros2_ws/install/examples_rclpy_minimal_subscriber:/home/robo/ros2_ws/install/examples_rclpy_minimal_service:/home/robo/ros2_ws/install/examples_rclpy_minimal_publisher:/home/robo/ros2_ws/install/examples_rclpy_minimal_client:/home/robo/ros2_ws/install/examples_rclpy_minimal_action_server:/home/robo/ros2_ws/install/examples_rclpy_minimal_action_client:/home/robo/ros2_ws/install/examples_rclpy_guard_conditions:/home/robo/ros2_ws/install/examples_rclpy_executors:/opt/ros/humble /usr/bin/cmake /home/robo/ros2_ws/src/cpp_pubsub -DCMAKE_INSTALL_PREFIX=/home/robo/ros2_ws/install/cpp_pubsub
[0.027s] -- Found ament_cmake: 1.3.9 (/opt/ros/humble/share/ament_cmake/cmake)
[0.186s] -- Found ament_lint_auto: 0.12.11 (/opt/ros/humble/share/ament_lint_auto/cmake)
[0.338s] -- Found rosidl_generator_c: 3.1.5 (/opt/ros/humble/share/rosidl_generator_c/cmake)
[0.348s] -- Found rosidl_adapter: 3.1.5 (/opt/ros/humble/share/rosidl_adapter/cmake)
[0.361s] -- Found rosidl_generator_cpp: 3.1.5 (/opt/ros/humble/share/rosidl_generator_cpp/cmake)
[0.380s] -- Using all available rosidl_typesupport_c: rosidl_typesupport_fastrtps_c;rosidl_typesupport_introspection_c
[0.410s] -- Using all available rosidl_typesupport_cpp: rosidl_typesupport_fastrtps_cpp;rosidl_typesupport_introspection_cpp
[0.518s] -- Found rmw_implementation_cmake: 6.1.2 (/opt/ros/humble/share/rmw_implementation_cmake/cmake)
[0.524s] -- Found rmw_fastrtps_cpp: 6.2.6 (/opt/ros/humble/share/rmw_fastrtps_cpp/cmake)
[0.654s] -- Found OpenSSL: /usr/lib/x86_64-linux-gnu/libcrypto.so (found version "3.0.2")  
[0.685s] -- Found FastRTPS: /opt/ros/humble/include  
[0.738s] -- Using RMW implementation 'rmw_fastrtps_cpp' as default
[0.756s] -- Looking for pthread.h
[0.836s] -- Looking for pthread.h - found
[0.836s] -- Performing Test CMAKE_HAVE_LIBC_PTHREAD
[0.917s] -- Performing Test CMAKE_HAVE_LIBC_PTHREAD - Success
[0.918s] -- Found Threads: TRUE  
[1.116s] -- Added test 'cppcheck' to perform static code analysis on C / C++ code
[1.117s] -- Configured cppcheck include dirs: 
[1.117s] -- Configured cppcheck exclude dirs and/or files: 
[1.119s] -- Added test 'flake8' to check Python code syntax and style conventions
[1.123s] -- Added test 'lint_cmake' to check CMake code style
[1.126s] -- Added test 'pep257' to check Python code against some of the docstring style conventions in PEP 257
[1.141s] -- Added test 'uncrustify' to check C / C++ code style
[1.141s] -- Configured uncrustify additional arguments: 
[1.144s] -- Added test 'xmllint' to check XML markup files
[1.146s] -- Configuring done
[1.158s] -- Generating done
[1.159s] -- Build files have been written to: /home/robo/ros2_ws/build/cpp_pubsub
[1.166s] Invoked command in '/home/robo/ros2_ws/build/cpp_pubsub' returned '0': CMAKE_PREFIX_PATH=${CMAKE_PREFIX_PATH}:/home/robo/ros2_ws/install/launch_testing_examples:/home/robo/ros2_ws/install/examples_rclpy_pointcloud_publisher:/home/robo/ros2_ws/install/examples_rclpy_minimal_subscriber:/home/robo/ros2_ws/install/examples_rclpy_minimal_service:/home/robo/ros2_ws/install/examples_rclpy_minimal_publisher:/home/robo/ros2_ws/install/examples_rclpy_minimal_client:/home/robo/ros2_ws/install/examples_rclpy_minimal_action_server:/home/robo/ros2_ws/install/examples_rclpy_minimal_action_client:/home/robo/ros2_ws/install/examples_rclpy_guard_conditions:/home/robo/ros2_ws/install/examples_rclpy_executors:/opt/ros/humble /usr/bin/cmake /home/robo/ros2_ws/src/cpp_pubsub -DCMAKE_INSTALL_PREFIX=/home/robo/ros2_ws/install/cpp_pubsub
[1.169s] Invoking command in '/home/robo/ros2_ws/build/cpp_pubsub': CMAKE_PREFIX_PATH=${CMAKE_PREFIX_PATH}:/home/robo/ros2_ws/install/launch_testing_examples:/home/robo/ros2_ws/install/examples_rclpy_pointcloud_publisher:/home/robo/ros2_ws/install/examples_rclpy_minimal_subscriber:/home/robo/ros2_ws/install/examples_rclpy_minimal_service:/home/robo/ros2_ws/install/examples_rclpy_minimal_publisher:/home/robo/ros2_ws/install/examples_rclpy_minimal_client:/home/robo/ros2_ws/install/examples_rclpy_minimal_action_server:/home/robo/ros2_ws/install/examples_rclpy_minimal_action_client:/home/robo/ros2_ws/install/examples_rclpy_guard_conditions:/home/robo/ros2_ws/install/examples_rclpy_executors:/opt/ros/humble /usr/bin/cmake --build /home/robo/ros2_ws/build/cpp_pubsub -- -j8 -l8
[1.225s] [ 50%] [32mBuilding CXX object CMakeFiles/listener.dir/src/subscriber_member_function.cpp.o[0m
[1.225s] [ 50%] [32mBuilding CXX object CMakeFiles/talker.dir/src/publisher_member_function.cpp.o[0m
[5.762s] [ 75%] [32m[1mLinking CXX executable talker[0m
[5.980s] [ 75%] Built target talker
[9.854s] [100%] [32m[1mLinking CXX executable listener[0m
[10.225s] [100%] Built target listener
[10.238s] Invoked command in '/home/robo/ros2_ws/build/cpp_pubsub' returned '0': CMAKE_PREFIX_PATH=${CMAKE_PREFIX_PATH}:/home/robo/ros2_ws/install/launch_testing_examples:/home/robo/ros2_ws/install/examples_rclpy_pointcloud_publisher:/home/robo/ros2_ws/install/examples_rclpy_minimal_subscriber:/home/robo/ros2_ws/install/examples_rclpy_minimal_service:/home/robo/ros2_ws/install/examples_rclpy_minimal_publisher:/home/robo/ros2_ws/install/examples_rclpy_minimal_client:/home/robo/ros2_ws/install/examples_rclpy_minimal_action_server:/home/robo/ros2_ws/install/examples_rclpy_minimal_action_client:/home/robo/ros2_ws/install/examples_rclpy_guard_conditions:/home/robo/ros2_ws/install/examples_rclpy_executors:/opt/ros/humble /usr/bin/cmake --build /home/robo/ros2_ws/build/cpp_pubsub -- -j8 -l8
[10.283s] Invoking command in '/home/robo/ros2_ws/build/cpp_pubsub': CMAKE_PREFIX_PATH=${CMAKE_PREFIX_PATH}:/home/robo/ros2_ws/install/launch_testing_examples:/home/robo/ros2_ws/install/examples_rclpy_pointcloud_publisher:/home/robo/ros2_ws/install/examples_rclpy_minimal_subscriber:/home/robo/ros2_ws/install/examples_rclpy_minimal_service:/home/robo/ros2_ws/install/examples_rclpy_minimal_publisher:/home/robo/ros2_ws/install/examples_rclpy_minimal_client:/home/robo/ros2_ws/install/examples_rclpy_minimal_action_server:/home/robo/ros2_ws/install/examples_rclpy_minimal_action_client:/home/robo/ros2_ws/install/examples_rclpy_guard_conditions:/home/robo/ros2_ws/install/examples_rclpy_executors:/opt/ros/humble /usr/bin/cmake --install /home/robo/ros2_ws/build/cpp_pubsub
[10.292s] -- Install configuration: ""
[10.292s] -- Installing: /home/robo/ros2_ws/install/cpp_pubsub/lib/cpp_pubsub/talker
[10.293s] -- Set runtime path of "/home/robo/ros2_ws/install/cpp_pubsub/lib/cpp_pubsub/talker" to ""
[10.293s] -- Installing: /home/robo/ros2_ws/install/cpp_pubsub/lib/cpp_pubsub/listener
[10.296s] -- Set runtime path of "/home/robo/ros2_ws/install/cpp_pubsub/lib/cpp_pubsub/listener" to ""
[10.296s] -- Installing: /home/robo/ros2_ws/install/cpp_pubsub/share/ament_index/resource_index/package_run_dependencies/cpp_pubsub
[10.296s] -- Installing: /home/robo/ros2_ws/install/cpp_pubsub/share/ament_index/resource_index/parent_prefix_path/cpp_pubsub
[10.297s] -- Installing: /home/robo/ros2_ws/install/cpp_pubsub/share/cpp_pubsub/environment/ament_prefix_path.sh
[10.297s] -- Installing: /home/robo/ros2_ws/install/cpp_pubsub/share/cpp_pubsub/environment/ament_prefix_path.dsv
[10.297s] -- Installing: /home/robo/ros2_ws/install/cpp_pubsub/share/cpp_pubsub/environment/path.sh
[10.297s] -- Installing: /home/robo/ros2_ws/install/cpp_pubsub/share/cpp_pubsub/environment/path.dsv
[10.297s] -- Installing: /home/robo/ros2_ws/install/cpp_pubsub/share/cpp_pubsub/local_setup.bash
[10.297s] -- Installing: /home/robo/ros2_ws/install/cpp_pubsub/share/cpp_pubsub/local_setup.sh
[10.297s] -- Installing: /home/robo/ros2_ws/install/cpp_pubsub/share/cpp_pubsub/local_setup.zsh
[10.298s] -- Installing: /home/robo/ros2_ws/install/cpp_pubsub/share/cpp_pubsub/local_setup.dsv
[10.298s] -- Installing: /home/robo/ros2_ws/install/cpp_pubsub/share/cpp_pubsub/package.dsv
[10.298s] -- Installing: /home/robo/ros2_ws/install/cpp_pubsub/share/ament_index/resource_index/packages/cpp_pubsub
[10.298s] -- Installing: /home/robo/ros2_ws/install/cpp_pubsub/share/cpp_pubsub/cmake/cpp_pubsubConfig.cmake
[10.298s] -- Installing: /home/robo/ros2_ws/install/cpp_pubsub/share/cpp_pubsub/cmake/cpp_pubsubConfig-version.cmake
[10.298s] -- Installing: /home/robo/ros2_ws/install/cpp_pubsub/share/cpp_pubsub/package.xml
[10.301s] Invoked command in '/home/robo/ros2_ws/build/cpp_pubsub' returned '0': CMAKE_PREFIX_PATH=${CMAKE_PREFIX_PATH}:/home/robo/ros2_ws/install/launch_testing_examples:/home/robo/ros2_ws/install/examples_rclpy_pointcloud_publisher:/home/robo/ros2_ws/install/examples_rclpy_minimal_subscriber:/home/robo/ros2_ws/install/examples_rclpy_minimal_service:/home/robo/ros2_ws/install/examples_rclpy_minimal_publisher:/home/robo/ros2_ws/install/examples_rclpy_minimal_client:/home/robo/ros2_ws/install/examples_rclpy_minimal_action_server:/home/robo/ros2_ws/install/examples_rclpy_minimal_action_client:/home/robo/ros2_ws/install/examples_rclpy_guard_conditions:/home/robo/ros2_ws/install/examples_rclpy_executors:/opt/ros/humble /usr/bin/cmake --install /home/robo/ros2_ws/build/cpp_pubsub
