[2.039s] Invoking command in '/home/robo/ros2_ws/build/examples_rclpy_minimal_action_client': PYTHONPATH=/home/robo/ros2_ws/build/examples_rclpy_minimal_action_client/prefix_override:/usr/lib/python3/dist-packages/colcon_core/task/python/colcon_distutils_commands:/home/robo/ros2_ws/install/examples_rclpy_minimal_action_client/lib/python3.10/site-packages:${PYTHONPATH} /usr/bin/python3 -W ignore:setup.py install is deprecated setup.py develop --uninstall --editable --build-directory /home/robo/ros2_ws/build/examples_rclpy_minimal_action_client/build
[2.629s] running develop
[2.629s] /home/robo/.local/lib/python3.10/site-packages/setuptools/command/develop.py:40: EasyInstallDeprecationWarning: easy_install command is deprecated.
[2.629s] !!
[2.629s] 
[2.632s]         ********************************************************************************
[2.632s]         Please avoid running ``setup.py`` and ``easy_install``.
[2.632s]         Instead, use pypa/build, pypa/installer or other
[2.633s]         standards-based tools.
[2.633s] 
[2.633s]         See https://github.com/pypa/setuptools/issues/917 for details.
[2.633s]         ********************************************************************************
[2.636s] 
[2.636s] !!
[2.636s]   easy_install.initialize_options(self)
[3.145s] Removing /home/robo/ros2_ws/install/examples_rclpy_minimal_action_client/lib/python3.10/site-packages/examples-rclpy-minimal-action-client.egg-link (link to .)
[3.215s] Invoked command in '/home/robo/ros2_ws/build/examples_rclpy_minimal_action_client' returned '0': PYTHONPATH=/home/robo/ros2_ws/build/examples_rclpy_minimal_action_client/prefix_override:/usr/lib/python3/dist-packages/colcon_core/task/python/colcon_distutils_commands:/home/robo/ros2_ws/install/examples_rclpy_minimal_action_client/lib/python3.10/site-packages:${PYTHONPATH} /usr/bin/python3 -W ignore:setup.py install is deprecated setup.py develop --uninstall --editable --build-directory /home/robo/ros2_ws/build/examples_rclpy_minimal_action_client/build
[3.217s] Invoking command in '/home/robo/ros2_ws/src/examples/rclpy/actions/minimal_action_client': PYTHONPATH=/home/robo/ros2_ws/build/examples_rclpy_minimal_action_client/prefix_override:/usr/lib/python3/dist-packages/colcon_core/task/python/colcon_distutils_commands:/home/robo/ros2_ws/install/examples_rclpy_minimal_action_client/lib/python3.10/site-packages:${PYTHONPATH} /usr/bin/python3 -W ignore:setup.py install is deprecated setup.py egg_info --egg-base ../../../../../build/examples_rclpy_minimal_action_client build --build-base /home/robo/ros2_ws/build/examples_rclpy_minimal_action_client/build install --record /home/robo/ros2_ws/build/examples_rclpy_minimal_action_client/install.log --single-version-externally-managed install_data --force
[3.781s] running egg_info
[3.814s] writing ../../../../../build/examples_rclpy_minimal_action_client/examples_rclpy_minimal_action_client.egg-info/PKG-INFO
[3.815s] writing dependency_links to ../../../../../build/examples_rclpy_minimal_action_client/examples_rclpy_minimal_action_client.egg-info/dependency_links.txt
[3.815s] writing entry points to ../../../../../build/examples_rclpy_minimal_action_client/examples_rclpy_minimal_action_client.egg-info/entry_points.txt
[3.816s] writing requirements to ../../../../../build/examples_rclpy_minimal_action_client/examples_rclpy_minimal_action_client.egg-info/requires.txt
[3.816s] writing top-level names to ../../../../../build/examples_rclpy_minimal_action_client/examples_rclpy_minimal_action_client.egg-info/top_level.txt
[3.867s] reading manifest file '../../../../../build/examples_rclpy_minimal_action_client/examples_rclpy_minimal_action_client.egg-info/SOURCES.txt'
[3.868s] writing manifest file '../../../../../build/examples_rclpy_minimal_action_client/examples_rclpy_minimal_action_client.egg-info/SOURCES.txt'
[3.868s] running build
[3.868s] running build_py
[3.869s] creating /home/robo/ros2_ws/build/examples_rclpy_minimal_action_client/build
[3.869s] creating /home/robo/ros2_ws/build/examples_rclpy_minimal_action_client/build/lib
[3.869s] creating /home/robo/ros2_ws/build/examples_rclpy_minimal_action_client/build/lib/examples_rclpy_minimal_action_client
[3.869s] copying examples_rclpy_minimal_action_client/client.py -> /home/robo/ros2_ws/build/examples_rclpy_minimal_action_client/build/lib/examples_rclpy_minimal_action_client
[3.869s] copying examples_rclpy_minimal_action_client/client_cancel.py -> /home/robo/ros2_ws/build/examples_rclpy_minimal_action_client/build/lib/examples_rclpy_minimal_action_client
[3.869s] copying examples_rclpy_minimal_action_client/client_not_composable.py -> /home/robo/ros2_ws/build/examples_rclpy_minimal_action_client/build/lib/examples_rclpy_minimal_action_client
[3.870s] copying examples_rclpy_minimal_action_client/__init__.py -> /home/robo/ros2_ws/build/examples_rclpy_minimal_action_client/build/lib/examples_rclpy_minimal_action_client
[3.870s] copying examples_rclpy_minimal_action_client/client_asyncio.py -> /home/robo/ros2_ws/build/examples_rclpy_minimal_action_client/build/lib/examples_rclpy_minimal_action_client
[3.870s] running install
[3.877s] running install_lib
[3.898s] creating /home/robo/ros2_ws/install/examples_rclpy_minimal_action_client/lib/python3.10/site-packages/examples_rclpy_minimal_action_client
[3.898s] copying /home/robo/ros2_ws/build/examples_rclpy_minimal_action_client/build/lib/examples_rclpy_minimal_action_client/client.py -> /home/robo/ros2_ws/install/examples_rclpy_minimal_action_client/lib/python3.10/site-packages/examples_rclpy_minimal_action_client
[3.899s] copying /home/robo/ros2_ws/build/examples_rclpy_minimal_action_client/build/lib/examples_rclpy_minimal_action_client/client_cancel.py -> /home/robo/ros2_ws/install/examples_rclpy_minimal_action_client/lib/python3.10/site-packages/examples_rclpy_minimal_action_client
[3.899s] copying /home/robo/ros2_ws/build/examples_rclpy_minimal_action_client/build/lib/examples_rclpy_minimal_action_client/client_not_composable.py -> /home/robo/ros2_ws/install/examples_rclpy_minimal_action_client/lib/python3.10/site-packages/examples_rclpy_minimal_action_client
[3.899s] copying /home/robo/ros2_ws/build/examples_rclpy_minimal_action_client/build/lib/examples_rclpy_minimal_action_client/__init__.py -> /home/robo/ros2_ws/install/examples_rclpy_minimal_action_client/lib/python3.10/site-packages/examples_rclpy_minimal_action_client
[3.899s] copying /home/robo/ros2_ws/build/examples_rclpy_minimal_action_client/build/lib/examples_rclpy_minimal_action_client/client_asyncio.py -> /home/robo/ros2_ws/install/examples_rclpy_minimal_action_client/lib/python3.10/site-packages/examples_rclpy_minimal_action_client
[3.900s] byte-compiling /home/robo/ros2_ws/install/examples_rclpy_minimal_action_client/lib/python3.10/site-packages/examples_rclpy_minimal_action_client/client.py to client.cpython-310.pyc
[3.901s] byte-compiling /home/robo/ros2_ws/install/examples_rclpy_minimal_action_client/lib/python3.10/site-packages/examples_rclpy_minimal_action_client/client_cancel.py to client_cancel.cpython-310.pyc
[3.902s] byte-compiling /home/robo/ros2_ws/install/examples_rclpy_minimal_action_client/lib/python3.10/site-packages/examples_rclpy_minimal_action_client/client_not_composable.py to client_not_composable.cpython-310.pyc
[3.902s] byte-compiling /home/robo/ros2_ws/install/examples_rclpy_minimal_action_client/lib/python3.10/site-packages/examples_rclpy_minimal_action_client/__init__.py to __init__.cpython-310.pyc
[3.903s] byte-compiling /home/robo/ros2_ws/install/examples_rclpy_minimal_action_client/lib/python3.10/site-packages/examples_rclpy_minimal_action_client/client_asyncio.py to client_asyncio.cpython-310.pyc
[3.904s] running install_data
[3.904s] copying resource/examples_rclpy_minimal_action_client -> /home/robo/ros2_ws/install/examples_rclpy_minimal_action_client/share/ament_index/resource_index/packages
[3.904s] copying package.xml -> /home/robo/ros2_ws/install/examples_rclpy_minimal_action_client/share/examples_rclpy_minimal_action_client
[3.904s] running install_egg_info
[3.926s] Copying ../../../../../build/examples_rclpy_minimal_action_client/examples_rclpy_minimal_action_client.egg-info to /home/robo/ros2_ws/install/examples_rclpy_minimal_action_client/lib/python3.10/site-packages/examples_rclpy_minimal_action_client-0.15.2-py3.10.egg-info
[3.927s] running install_scripts
[4.168s] Installing client script to /home/robo/ros2_ws/install/examples_rclpy_minimal_action_client/lib/examples_rclpy_minimal_action_client
[4.168s] Installing client_asyncio script to /home/robo/ros2_ws/install/examples_rclpy_minimal_action_client/lib/examples_rclpy_minimal_action_client
[4.169s] Installing client_cancel script to /home/robo/ros2_ws/install/examples_rclpy_minimal_action_client/lib/examples_rclpy_minimal_action_client
[4.169s] Installing client_not_composable script to /home/robo/ros2_ws/install/examples_rclpy_minimal_action_client/lib/examples_rclpy_minimal_action_client
[4.169s] writing list of installed files to '/home/robo/ros2_ws/build/examples_rclpy_minimal_action_client/install.log'
[4.225s] Invoked command in '/home/robo/ros2_ws/src/examples/rclpy/actions/minimal_action_client' returned '0': PYTHONPATH=/home/robo/ros2_ws/build/examples_rclpy_minimal_action_client/prefix_override:/usr/lib/python3/dist-packages/colcon_core/task/python/colcon_distutils_commands:/home/robo/ros2_ws/install/examples_rclpy_minimal_action_client/lib/python3.10/site-packages:${PYTHONPATH} /usr/bin/python3 -W ignore:setup.py install is deprecated setup.py egg_info --egg-base ../../../../../build/examples_rclpy_minimal_action_client build --build-base /home/robo/ros2_ws/build/examples_rclpy_minimal_action_client/build install --record /home/robo/ros2_ws/build/examples_rclpy_minimal_action_client/install.log --single-version-externally-managed install_data --force
