[0.056s] Invoking command in '/home/robo/ros2_ws/build/examples_rclcpp_multithreaded_executor': CMAKE_PREFIX_PATH=/opt/ros/humble /usr/bin/cmake --build /home/robo/ros2_ws/build/examples_rclcpp_multithreaded_executor -- -j8 -l8
[0.212s] [100%] Built target multithreaded_executor
[0.464s] Invoked command in '/home/robo/ros2_ws/build/examples_rclcpp_multithreaded_executor' returned '0': CMAKE_PREFIX_PATH=/opt/ros/humble /usr/bin/cmake --build /home/robo/ros2_ws/build/examples_rclcpp_multithreaded_executor -- -j8 -l8
[0.945s] Invoking command in '/home/robo/ros2_ws/build/examples_rclcpp_multithreaded_executor': CMAKE_PREFIX_PATH=/opt/ros/humble /usr/bin/cmake --install /home/robo/ros2_ws/build/examples_rclcpp_multithreaded_executor
[0.984s] -- Install configuration: ""
[0.984s] -- Execute custom install script
[0.987s] -- Up-to-date symlink: /home/robo/ros2_ws/install/examples_rclcpp_multithreaded_executor/lib/examples_rclcpp_multithreaded_executor/multithreaded_executor
[0.987s] -- Up-to-date symlink: /home/robo/ros2_ws/install/examples_rclcpp_multithreaded_executor/share/ament_index/resource_index/package_run_dependencies/examples_rclcpp_multithreaded_executor
[0.987s] -- Up-to-date symlink: /home/robo/ros2_ws/install/examples_rclcpp_multithreaded_executor/share/ament_index/resource_index/parent_prefix_path/examples_rclcpp_multithreaded_executor
[0.987s] -- Up-to-date symlink: /home/robo/ros2_ws/install/examples_rclcpp_multithreaded_executor/share/examples_rclcpp_multithreaded_executor/environment/ament_prefix_path.sh
[0.987s] -- Up-to-date symlink: /home/robo/ros2_ws/install/examples_rclcpp_multithreaded_executor/share/examples_rclcpp_multithreaded_executor/environment/ament_prefix_path.dsv
[0.987s] -- Up-to-date symlink: /home/robo/ros2_ws/install/examples_rclcpp_multithreaded_executor/share/examples_rclcpp_multithreaded_executor/environment/path.sh
[0.988s] -- Up-to-date symlink: /home/robo/ros2_ws/install/examples_rclcpp_multithreaded_executor/share/examples_rclcpp_multithreaded_executor/environment/path.dsv
[0.988s] -- Up-to-date symlink: /home/robo/ros2_ws/install/examples_rclcpp_multithreaded_executor/share/examples_rclcpp_multithreaded_executor/local_setup.bash
[0.988s] -- Up-to-date symlink: /home/robo/ros2_ws/install/examples_rclcpp_multithreaded_executor/share/examples_rclcpp_multithreaded_executor/local_setup.sh
[0.988s] -- Up-to-date symlink: /home/robo/ros2_ws/install/examples_rclcpp_multithreaded_executor/share/examples_rclcpp_multithreaded_executor/local_setup.zsh
[0.990s] -- Up-to-date symlink: /home/robo/ros2_ws/install/examples_rclcpp_multithreaded_executor/share/examples_rclcpp_multithreaded_executor/local_setup.dsv
[0.991s] -- Symlinking: /home/robo/ros2_ws/install/examples_rclcpp_multithreaded_executor/share/examples_rclcpp_multithreaded_executor/package.dsv
[0.998s] -- Up-to-date symlink: /home/robo/ros2_ws/install/examples_rclcpp_multithreaded_executor/share/ament_index/resource_index/packages/examples_rclcpp_multithreaded_executor
[0.999s] -- Up-to-date symlink: /home/robo/ros2_ws/install/examples_rclcpp_multithreaded_executor/share/examples_rclcpp_multithreaded_executor/cmake/examples_rclcpp_multithreaded_executorConfig.cmake
[0.999s] -- Up-to-date symlink: /home/robo/ros2_ws/install/examples_rclcpp_multithreaded_executor/share/examples_rclcpp_multithreaded_executor/cmake/examples_rclcpp_multithreaded_executorConfig-version.cmake
[0.999s] -- Up-to-date symlink: /home/robo/ros2_ws/install/examples_rclcpp_multithreaded_executor/share/examples_rclcpp_multithreaded_executor/package.xml
[1.025s] Invoked command in '/home/robo/ros2_ws/build/examples_rclcpp_multithreaded_executor' returned '0': CMAKE_PREFIX_PATH=/opt/ros/humble /usr/bin/cmake --install /home/robo/ros2_ws/build/examples_rclcpp_multithreaded_executor
