[1.043s] Invoking command in '/home/robo/ros2_ws/src/py_pubsub': PYTHONPATH=/home/robo/ros2_ws/build/py_pubsub/prefix_override:/usr/lib/python3/dist-packages/colcon_core/task/python/colcon_distutils_commands:/home/robo/ros2_ws/install/py_pubsub/lib/python3.10/site-packages:${PYTHONPATH} /usr/bin/python3 -W ignore:setup.py install is deprecated setup.py egg_info --egg-base ../../build/py_pubsub build --build-base /home/robo/ros2_ws/build/py_pubsub/build install --record /home/robo/ros2_ws/build/py_pubsub/install.log --single-version-externally-managed install_data
[1.371s] running egg_info
[1.372s] creating ../../build/py_pubsub/py_pubsub.egg-info
[1.394s] writing ../../build/py_pubsub/py_pubsub.egg-info/PKG-INFO
[1.395s] writing dependency_links to ../../build/py_pubsub/py_pubsub.egg-info/dependency_links.txt
[1.395s] writing requirements to ../../build/py_pubsub/py_pubsub.egg-info/requires.txt
[1.395s] writing top-level names to ../../build/py_pubsub/py_pubsub.egg-info/top_level.txt
[1.395s] writing manifest file '../../build/py_pubsub/py_pubsub.egg-info/SOURCES.txt'
[1.441s] reading manifest file '../../build/py_pubsub/py_pubsub.egg-info/SOURCES.txt'
[1.441s] adding license file 'LICENSE'
[1.442s] writing manifest file '../../build/py_pubsub/py_pubsub.egg-info/SOURCES.txt'
[1.442s] running build
[1.442s] running build_py
[1.443s] creating /home/robo/ros2_ws/build/py_pubsub/build
[1.443s] creating /home/robo/ros2_ws/build/py_pubsub/build/lib
[1.443s] creating /home/robo/ros2_ws/build/py_pubsub/build/lib/py_pubsub
[1.443s] copying py_pubsub/publisher_member_function.py -> /home/robo/ros2_ws/build/py_pubsub/build/lib/py_pubsub
[1.443s] copying py_pubsub/subscriber_member_function.py -> /home/robo/ros2_ws/build/py_pubsub/build/lib/py_pubsub
[1.443s] copying py_pubsub/__init__.py -> /home/robo/ros2_ws/build/py_pubsub/build/lib/py_pubsub
[1.443s] running install
[1.451s] running install_lib
[1.473s] creating /home/robo/ros2_ws/install/py_pubsub/lib/python3.10/site-packages/py_pubsub
[1.473s] copying /home/robo/ros2_ws/build/py_pubsub/build/lib/py_pubsub/publisher_member_function.py -> /home/robo/ros2_ws/install/py_pubsub/lib/python3.10/site-packages/py_pubsub
[1.473s] copying /home/robo/ros2_ws/build/py_pubsub/build/lib/py_pubsub/subscriber_member_function.py -> /home/robo/ros2_ws/install/py_pubsub/lib/python3.10/site-packages/py_pubsub
[1.474s] copying /home/robo/ros2_ws/build/py_pubsub/build/lib/py_pubsub/__init__.py -> /home/robo/ros2_ws/install/py_pubsub/lib/python3.10/site-packages/py_pubsub
[1.474s] byte-compiling /home/robo/ros2_ws/install/py_pubsub/lib/python3.10/site-packages/py_pubsub/publisher_member_function.py to publisher_member_function.cpython-310.pyc
[1.475s] byte-compiling /home/robo/ros2_ws/install/py_pubsub/lib/python3.10/site-packages/py_pubsub/subscriber_member_function.py to subscriber_member_function.cpython-310.pyc
[1.475s] byte-compiling /home/robo/ros2_ws/install/py_pubsub/lib/python3.10/site-packages/py_pubsub/__init__.py to __init__.cpython-310.pyc
[1.476s] running install_data
[1.476s] creating /home/robo/ros2_ws/install/py_pubsub/share/ament_index
[1.476s] creating /home/robo/ros2_ws/install/py_pubsub/share/ament_index/resource_index
[1.476s] creating /home/robo/ros2_ws/install/py_pubsub/share/ament_index/resource_index/packages
[1.476s] copying resource/py_pubsub -> /home/robo/ros2_ws/install/py_pubsub/share/ament_index/resource_index/packages
[1.477s] copying package.xml -> /home/robo/ros2_ws/install/py_pubsub/share/py_pubsub
[1.477s] running install_egg_info
[1.501s] Copying ../../build/py_pubsub/py_pubsub.egg-info to /home/robo/ros2_ws/install/py_pubsub/lib/python3.10/site-packages/py_pubsub-0.0.0-py3.10.egg-info
[1.502s] running install_scripts
[1.724s] writing list of installed files to '/home/robo/ros2_ws/build/py_pubsub/install.log'
[1.755s] Invoked command in '/home/robo/ros2_ws/src/py_pubsub' returned '0': PYTHONPATH=/home/robo/ros2_ws/build/py_pubsub/prefix_override:/usr/lib/python3/dist-packages/colcon_core/task/python/colcon_distutils_commands:/home/robo/ros2_ws/install/py_pubsub/lib/python3.10/site-packages:${PYTHONPATH} /usr/bin/python3 -W ignore:setup.py install is deprecated setup.py egg_info --egg-base ../../build/py_pubsub build --build-base /home/robo/ros2_ws/build/py_pubsub/build install --record /home/robo/ros2_ws/build/py_pubsub/install.log --single-version-externally-managed install_data
