[0.036s] Invoking command in '/home/robo/ros2_ws/build/cpp_pubsub': CMAKE_PREFIX_PATH=/opt/ros/humble /usr/bin/cmake --build /home/robo/ros2_ws/build/cpp_pubsub -- -j8 -l8
[0.102s] [35m[1mConsolidate compiler generated dependencies of target listener[0m
[0.106s] [35m[1mConsolidate compiler generated dependencies of target talker[0m
[0.172s] [ 50%] Built target listener
[0.173s] [100%] Built target talker
[0.226s] Invoked command in '/home/robo/ros2_ws/build/cpp_pubsub' returned '0': CMAKE_PREFIX_PATH=/opt/ros/humble /usr/bin/cmake --build /home/robo/ros2_ws/build/cpp_pubsub -- -j8 -l8
[0.326s] Invoking command in '/home/robo/ros2_ws/build/cpp_pubsub': CMAKE_PREFIX_PATH=/opt/ros/humble /usr/bin/cmake --install /home/robo/ros2_ws/build/cpp_pubsub
[0.339s] -- Install configuration: ""
[0.341s] -- Up-to-date: /home/robo/ros2_ws/install/cpp_pubsub/lib/cpp_pubsub/talker
[0.341s] -- Up-to-date: /home/robo/ros2_ws/install/cpp_pubsub/lib/cpp_pubsub/listener
[0.341s] -- Up-to-date: /home/robo/ros2_ws/install/cpp_pubsub/share/ament_index/resource_index/package_run_dependencies/cpp_pubsub
[0.341s] -- Up-to-date: /home/robo/ros2_ws/install/cpp_pubsub/share/ament_index/resource_index/parent_prefix_path/cpp_pubsub
[0.341s] -- Up-to-date: /home/robo/ros2_ws/install/cpp_pubsub/share/cpp_pubsub/environment/ament_prefix_path.sh
[0.342s] -- Up-to-date: /home/robo/ros2_ws/install/cpp_pubsub/share/cpp_pubsub/environment/ament_prefix_path.dsv
[0.342s] -- Up-to-date: /home/robo/ros2_ws/install/cpp_pubsub/share/cpp_pubsub/environment/path.sh
[0.345s] -- Up-to-date: /home/robo/ros2_ws/install/cpp_pubsub/share/cpp_pubsub/environment/path.dsv
[0.345s] -- Up-to-date: /home/robo/ros2_ws/install/cpp_pubsub/share/cpp_pubsub/local_setup.bash
[0.345s] -- Up-to-date: /home/robo/ros2_ws/install/cpp_pubsub/share/cpp_pubsub/local_setup.sh
[0.345s] -- Up-to-date: /home/robo/ros2_ws/install/cpp_pubsub/share/cpp_pubsub/local_setup.zsh
[0.345s] -- Up-to-date: /home/robo/ros2_ws/install/cpp_pubsub/share/cpp_pubsub/local_setup.dsv
[0.345s] -- Installing: /home/robo/ros2_ws/install/cpp_pubsub/share/cpp_pubsub/package.dsv
[0.345s] -- Up-to-date: /home/robo/ros2_ws/install/cpp_pubsub/share/ament_index/resource_index/packages/cpp_pubsub
[0.345s] -- Up-to-date: /home/robo/ros2_ws/install/cpp_pubsub/share/cpp_pubsub/cmake/cpp_pubsubConfig.cmake
[0.347s] -- Up-to-date: /home/robo/ros2_ws/install/cpp_pubsub/share/cpp_pubsub/cmake/cpp_pubsubConfig-version.cmake
[0.347s] -- Up-to-date: /home/robo/ros2_ws/install/cpp_pubsub/share/cpp_pubsub/package.xml
[0.363s] Invoked command in '/home/robo/ros2_ws/build/cpp_pubsub' returned '0': CMAKE_PREFIX_PATH=/opt/ros/humble /usr/bin/cmake --install /home/robo/ros2_ws/build/cpp_pubsub
