[1.849s] Invoking command in '/home/robo/ros2_ws/build/examples_rclpy_pointcloud_publisher': PYTHONPATH=/home/robo/ros2_ws/build/examples_rclpy_pointcloud_publisher/prefix_override:/usr/lib/python3/dist-packages/colcon_core/task/python/colcon_distutils_commands:/home/robo/ros2_ws/install/examples_rclpy_pointcloud_publisher/lib/python3.10/site-packages:${PYTHONPATH} /usr/bin/python3 -W ignore:setup.py install is deprecated setup.py develop --editable --build-directory /home/robo/ros2_ws/build/examples_rclpy_pointcloud_publisher/build --no-deps symlink_data
[2.589s] running develop
[2.590s] /home/robo/.local/lib/python3.10/site-packages/setuptools/command/develop.py:40: EasyInstallDeprecationWarning: easy_install command is deprecated.
[2.590s] !!
[2.590s] 
[2.590s]         ********************************************************************************
[2.590s]         Please avoid running ``setup.py`` and ``easy_install``.
[2.590s]         Instead, use pypa/build, pypa/installer or other
[2.591s]         standards-based tools.
[2.591s] 
[2.591s]         See https://github.com/pypa/setuptools/issues/917 for details.
[2.591s]         ********************************************************************************
[2.591s] 
[2.591s] !!
[2.591s]   easy_install.initialize_options(self)
[3.111s] running egg_info
[3.111s] creating examples_rclpy_pointcloud_publisher.egg-info
[3.149s] writing examples_rclpy_pointcloud_publisher.egg-info/PKG-INFO
[3.150s] writing dependency_links to examples_rclpy_pointcloud_publisher.egg-info/dependency_links.txt
[3.150s] writing entry points to examples_rclpy_pointcloud_publisher.egg-info/entry_points.txt
[3.150s] writing requirements to examples_rclpy_pointcloud_publisher.egg-info/requires.txt
[3.150s] writing top-level names to examples_rclpy_pointcloud_publisher.egg-info/top_level.txt
[3.150s] writing manifest file 'examples_rclpy_pointcloud_publisher.egg-info/SOURCES.txt'
[3.228s] reading manifest file 'examples_rclpy_pointcloud_publisher.egg-info/SOURCES.txt'
[3.230s] writing manifest file 'examples_rclpy_pointcloud_publisher.egg-info/SOURCES.txt'
[3.271s] running build_ext
[3.271s] Creating /home/robo/ros2_ws/install/examples_rclpy_pointcloud_publisher/lib/python3.10/site-packages/examples-rclpy-pointcloud-publisher.egg-link (link to .)
[3.272s] Installing pointcloud_publisher script to /home/robo/ros2_ws/install/examples_rclpy_pointcloud_publisher/lib/examples_rclpy_pointcloud_publisher
[3.273s] 
[3.273s] Installed /home/robo/ros2_ws/build/examples_rclpy_pointcloud_publisher
[3.273s] running symlink_data
[3.273s] creating /home/robo/ros2_ws/install/examples_rclpy_pointcloud_publisher/share/ament_index
[3.273s] creating /home/robo/ros2_ws/install/examples_rclpy_pointcloud_publisher/share/ament_index/resource_index
[3.274s] creating /home/robo/ros2_ws/install/examples_rclpy_pointcloud_publisher/share/ament_index/resource_index/packages
[3.274s] symbolically linking /home/robo/ros2_ws/build/examples_rclpy_pointcloud_publisher/resource/examples_rclpy_pointcloud_publisher -> /home/robo/ros2_ws/install/examples_rclpy_pointcloud_publisher/share/ament_index/resource_index/packages
[3.274s] symbolically linking /home/robo/ros2_ws/build/examples_rclpy_pointcloud_publisher/package.xml -> /home/robo/ros2_ws/install/examples_rclpy_pointcloud_publisher/share/examples_rclpy_pointcloud_publisher
[3.351s] Invoked command in '/home/robo/ros2_ws/build/examples_rclpy_pointcloud_publisher' returned '0': PYTHONPATH=/home/robo/ros2_ws/build/examples_rclpy_pointcloud_publisher/prefix_override:/usr/lib/python3/dist-packages/colcon_core/task/python/colcon_distutils_commands:/home/robo/ros2_ws/install/examples_rclpy_pointcloud_publisher/lib/python3.10/site-packages:${PYTHONPATH} /usr/bin/python3 -W ignore:setup.py install is deprecated setup.py develop --editable --build-directory /home/robo/ros2_ws/build/examples_rclpy_pointcloud_publisher/build --no-deps symlink_data
