[3.339s] Invoking command in '/home/robo/ros2_ws/src/examples/rclpy/services/minimal_service': PYTHONPATH=/home/robo/ros2_ws/build/examples_rclpy_minimal_service/prefix_override:/usr/lib/python3/dist-packages/colcon_core/task/python/colcon_distutils_commands:/home/robo/ros2_ws/install/examples_rclpy_minimal_service/lib/python3.10/site-packages:${PYTHONPATH} /usr/bin/python3 -W ignore:setup.py install is deprecated setup.py egg_info --egg-base ../../../../../build/examples_rclpy_minimal_service build --build-base /home/robo/ros2_ws/build/examples_rclpy_minimal_service/build install --record /home/robo/ros2_ws/build/examples_rclpy_minimal_service/install.log --single-version-externally-managed install_data
[5.551s] running egg_info
[5.605s] writing ../../../../../build/examples_rclpy_minimal_service/examples_rclpy_minimal_service.egg-info/PKG-INFO
[5.606s] writing dependency_links to ../../../../../build/examples_rclpy_minimal_service/examples_rclpy_minimal_service.egg-info/dependency_links.txt
[5.606s] writing entry points to ../../../../../build/examples_rclpy_minimal_service/examples_rclpy_minimal_service.egg-info/entry_points.txt
[5.606s] writing requirements to ../../../../../build/examples_rclpy_minimal_service/examples_rclpy_minimal_service.egg-info/requires.txt
[5.607s] writing top-level names to ../../../../../build/examples_rclpy_minimal_service/examples_rclpy_minimal_service.egg-info/top_level.txt
[5.683s] reading manifest file '../../../../../build/examples_rclpy_minimal_service/examples_rclpy_minimal_service.egg-info/SOURCES.txt'
[5.684s] writing manifest file '../../../../../build/examples_rclpy_minimal_service/examples_rclpy_minimal_service.egg-info/SOURCES.txt'
[5.686s] running build
[5.686s] running build_py
[5.690s] running install
[5.697s] running install_lib
[5.726s] running install_data
[5.726s] running install_egg_info
[5.753s] removing '/home/robo/ros2_ws/install/examples_rclpy_minimal_service/lib/python3.10/site-packages/examples_rclpy_minimal_service-0.15.2-py3.10.egg-info' (and everything under it)
[5.753s] Copying ../../../../../build/examples_rclpy_minimal_service/examples_rclpy_minimal_service.egg-info to /home/robo/ros2_ws/install/examples_rclpy_minimal_service/lib/python3.10/site-packages/examples_rclpy_minimal_service-0.15.2-py3.10.egg-info
[5.754s] running install_scripts
[5.962s] Installing service script to /home/robo/ros2_ws/install/examples_rclpy_minimal_service/lib/examples_rclpy_minimal_service
[5.962s] Installing service_member_function script to /home/robo/ros2_ws/install/examples_rclpy_minimal_service/lib/examples_rclpy_minimal_service
[5.963s] writing list of installed files to '/home/robo/ros2_ws/build/examples_rclpy_minimal_service/install.log'
[6.026s] Invoked command in '/home/robo/ros2_ws/src/examples/rclpy/services/minimal_service' returned '0': PYTHONPATH=/home/robo/ros2_ws/build/examples_rclpy_minimal_service/prefix_override:/usr/lib/python3/dist-packages/colcon_core/task/python/colcon_distutils_commands:/home/robo/ros2_ws/install/examples_rclpy_minimal_service/lib/python3.10/site-packages:${PYTHONPATH} /usr/bin/python3 -W ignore:setup.py install is deprecated setup.py egg_info --egg-base ../../../../../build/examples_rclpy_minimal_service build --build-base /home/robo/ros2_ws/build/examples_rclpy_minimal_service/build install --record /home/robo/ros2_ws/build/examples_rclpy_minimal_service/install.log --single-version-externally-managed install_data
