[1.887s] Invoking command in '/home/robo/ros2_ws/src/examples/rclpy/executors': PYTHONPATH=/home/robo/ros2_ws/build/examples_rclpy_executors/prefix_override:/usr/lib/python3/dist-packages/colcon_core/task/python/colcon_distutils_commands:/home/robo/ros2_ws/install/examples_rclpy_executors/lib/python3.10/site-packages:${PYTHONPATH} /usr/bin/python3 -W ignore:setup.py install is deprecated setup.py egg_info --egg-base ../../../../build/examples_rclpy_executors build --build-base /home/robo/ros2_ws/build/examples_rclpy_executors/build install --record /home/robo/ros2_ws/build/examples_rclpy_executors/install.log --single-version-externally-managed install_data
[2.391s] running egg_info
[2.431s] writing ../../../../build/examples_rclpy_executors/examples_rclpy_executors.egg-info/PKG-INFO
[2.432s] writing dependency_links to ../../../../build/examples_rclpy_executors/examples_rclpy_executors.egg-info/dependency_links.txt
[2.432s] writing entry points to ../../../../build/examples_rclpy_executors/examples_rclpy_executors.egg-info/entry_points.txt
[2.432s] writing requirements to ../../../../build/examples_rclpy_executors/examples_rclpy_executors.egg-info/requires.txt
[2.433s] writing top-level names to ../../../../build/examples_rclpy_executors/examples_rclpy_executors.egg-info/top_level.txt
[2.505s] reading manifest file '../../../../build/examples_rclpy_executors/examples_rclpy_executors.egg-info/SOURCES.txt'
[2.507s] writing manifest file '../../../../build/examples_rclpy_executors/examples_rclpy_executors.egg-info/SOURCES.txt'
[2.509s] running build
[2.510s] running build_py
[2.511s] running install
[2.519s] running install_lib
[2.553s] running install_data
[2.553s] running install_egg_info
[2.579s] removing '/home/robo/ros2_ws/install/examples_rclpy_executors/lib/python3.10/site-packages/examples_rclpy_executors-0.15.2-py3.10.egg-info' (and everything under it)
[2.583s] Copying ../../../../build/examples_rclpy_executors/examples_rclpy_executors.egg-info to /home/robo/ros2_ws/install/examples_rclpy_executors/lib/python3.10/site-packages/examples_rclpy_executors-0.15.2-py3.10.egg-info
[2.583s] running install_scripts
[2.959s] Installing callback_group script to /home/robo/ros2_ws/install/examples_rclpy_executors/lib/examples_rclpy_executors
[2.963s] Installing composed script to /home/robo/ros2_ws/install/examples_rclpy_executors/lib/examples_rclpy_executors
[2.976s] Installing custom_callback_group script to /home/robo/ros2_ws/install/examples_rclpy_executors/lib/examples_rclpy_executors
[2.976s] Installing custom_executor script to /home/robo/ros2_ws/install/examples_rclpy_executors/lib/examples_rclpy_executors
[2.976s] Installing listener script to /home/robo/ros2_ws/install/examples_rclpy_executors/lib/examples_rclpy_executors
[2.976s] Installing talker script to /home/robo/ros2_ws/install/examples_rclpy_executors/lib/examples_rclpy_executors
[2.977s] writing list of installed files to '/home/robo/ros2_ws/build/examples_rclpy_executors/install.log'
[3.066s] Invoked command in '/home/robo/ros2_ws/src/examples/rclpy/executors' returned '0': PYTHONPATH=/home/robo/ros2_ws/build/examples_rclpy_executors/prefix_override:/usr/lib/python3/dist-packages/colcon_core/task/python/colcon_distutils_commands:/home/robo/ros2_ws/install/examples_rclpy_executors/lib/python3.10/site-packages:${PYTHONPATH} /usr/bin/python3 -W ignore:setup.py install is deprecated setup.py egg_info --egg-base ../../../../build/examples_rclpy_executors build --build-base /home/robo/ros2_ws/build/examples_rclpy_executors/build install --record /home/robo/ros2_ws/build/examples_rclpy_executors/install.log --single-version-externally-managed install_data
