[0.037s] Invoking command in '/home/robo/ros2_ws/build/examples_rclcpp_cbg_executor': CMAKE_PREFIX_PATH=/opt/ros/humble /usr/bin/cmake /home/robo/ros2_ws/src/examples/rclcpp/executors/cbg_executor -DAMENT_CMAKE_SYMLINK_INSTALL=1 -DCMAKE_INSTALL_PREFIX=/home/robo/ros2_ws/install/examples_rclcpp_cbg_executor
[1.067s] -- The C compiler identification is GNU 11.4.0
[1.720s] -- The CXX compiler identification is GNU 11.4.0
[1.738s] -- Detecting C compiler ABI info
[2.010s] -- Detecting C compiler ABI info - done
[2.027s] -- Check for working C compiler: /usr/bin/cc - skipped
[2.028s] -- Detecting C compile features
[2.028s] -- Detecting C compile features - done
[2.034s] -- Detecting CXX compiler ABI info
[2.199s] -- Detecting CXX compiler ABI info - done
[2.218s] -- Check for working CXX compiler: /usr/bin/c++ - skipped
[2.220s] -- Detecting CXX compile features
[2.220s] -- Detecting CXX compile features - done
[2.237s] -- Found ament_cmake: 1.3.9 (/opt/ros/humble/share/ament_cmake/cmake)
[3.101s] -- Found Python3: /usr/bin/python3 (found version "3.10.12") found components: Interpreter 
[3.229s] -- Override CMake install command with custom implementation using symlinks instead of copying resources
[3.300s] -- Found rclcpp: 16.0.9 (/opt/ros/humble/share/rclcpp/cmake)
[3.398s] -- Found rosidl_generator_c: 3.1.5 (/opt/ros/humble/share/rosidl_generator_c/cmake)
[3.409s] -- Found rosidl_adapter: 3.1.5 (/opt/ros/humble/share/rosidl_adapter/cmake)
[3.433s] -- Found rosidl_generator_cpp: 3.1.5 (/opt/ros/humble/share/rosidl_generator_cpp/cmake)
[3.469s] -- Using all available rosidl_typesupport_c: rosidl_typesupport_fastrtps_c;rosidl_typesupport_introspection_c
[3.518s] -- Using all available rosidl_typesupport_cpp: rosidl_typesupport_fastrtps_cpp;rosidl_typesupport_introspection_cpp
[3.742s] -- Found rmw_implementation_cmake: 6.1.2 (/opt/ros/humble/share/rmw_implementation_cmake/cmake)
[3.752s] -- Found rmw_fastrtps_cpp: 6.2.6 (/opt/ros/humble/share/rmw_fastrtps_cpp/cmake)
[3.957s] -- Found OpenSSL: /usr/lib/x86_64-linux-gnu/libcrypto.so (found version "3.0.2")  
[4.005s] -- Found FastRTPS: /opt/ros/humble/include  
[4.084s] -- Using RMW implementation 'rmw_fastrtps_cpp' as default
[4.116s] -- Looking for pthread.h
[4.280s] -- Looking for pthread.h - found
[4.280s] -- Performing Test CMAKE_HAVE_LIBC_PTHREAD
[4.427s] -- Performing Test CMAKE_HAVE_LIBC_PTHREAD - Success
[4.429s] -- Found Threads: TRUE  
[4.898s] -- Found ament_lint_auto: 0.12.11 (/opt/ros/humble/share/ament_lint_auto/cmake)
[5.062s] -- Added test 'copyright' to check source files copyright and LICENSE
[5.065s] -- Added test 'cppcheck' to perform static code analysis on C / C++ code
[5.065s] -- Configured cppcheck include dirs: /home/robo/ros2_ws/src/examples/rclcpp/executors/cbg_executor/include
[5.065s] -- Configured cppcheck exclude dirs and/or files: 
[5.068s] -- Added test 'cpplint' to check C / C++ code against the Google style
[5.068s] -- Configured cpplint exclude dirs and/or files: 
[5.070s] -- Added test 'lint_cmake' to check CMake code style
[5.074s] -- Added test 'uncrustify' to check C / C++ code style
[5.075s] -- Configured uncrustify additional arguments: 
[5.075s] -- Added test 'xmllint' to check XML markup files
[5.084s] -- Configuring done
[5.108s] -- Generating done
[5.111s] -- Build files have been written to: /home/robo/ros2_ws/build/examples_rclcpp_cbg_executor
[5.144s] Invoked command in '/home/robo/ros2_ws/build/examples_rclcpp_cbg_executor' returned '0': CMAKE_PREFIX_PATH=/opt/ros/humble /usr/bin/cmake /home/robo/ros2_ws/src/examples/rclcpp/executors/cbg_executor -DAMENT_CMAKE_SYMLINK_INSTALL=1 -DCMAKE_INSTALL_PREFIX=/home/robo/ros2_ws/install/examples_rclcpp_cbg_executor
[5.145s] Invoking command in '/home/robo/ros2_ws/build/examples_rclcpp_cbg_executor': CMAKE_PREFIX_PATH=/opt/ros/humble /usr/bin/cmake --build /home/robo/ros2_ws/build/examples_rclcpp_cbg_executor -- -j8 -l8
[5.301s] [ 10%] [32mBuilding CXX object CMakeFiles/ping.dir/src/ping.cpp.o[0m
[5.301s] [ 20%] [32mBuilding CXX object CMakeFiles/ping.dir/src/examples_rclcpp_cbg_executor/ping_node.cpp.o[0m
[5.301s] [ 30%] [32mBuilding CXX object CMakeFiles/pong.dir/src/examples_rclcpp_cbg_executor/pong_node.cpp.o[0m
[5.301s] [ 40%] [32mBuilding CXX object CMakeFiles/pong.dir/src/pong.cpp.o[0m
[5.311s] [ 50%] [32mBuilding CXX object CMakeFiles/ping_pong.dir/src/examples_rclcpp_cbg_executor/ping_node.cpp.o[0m
[5.311s] [ 60%] [32mBuilding CXX object CMakeFiles/ping_pong.dir/src/examples_rclcpp_cbg_executor/pong_node.cpp.o[0m
[5.313s] [ 70%] [32mBuilding CXX object CMakeFiles/ping_pong.dir/src/ping_pong.cpp.o[0m
[40.609s] [ 80%] [32m[1mLinking CXX executable ping_pong[0m
[41.991s] [ 90%] [32m[1mLinking CXX executable pong[0m
[42.187s] [ 90%] Built target ping_pong
[42.265s] [100%] [32m[1mLinking CXX executable ping[0m
[43.153s] [100%] Built target pong
[43.333s] [100%] Built target ping
[43.353s] Invoked command in '/home/robo/ros2_ws/build/examples_rclcpp_cbg_executor' returned '0': CMAKE_PREFIX_PATH=/opt/ros/humble /usr/bin/cmake --build /home/robo/ros2_ws/build/examples_rclcpp_cbg_executor -- -j8 -l8
[44.311s] Invoking command in '/home/robo/ros2_ws/build/examples_rclcpp_cbg_executor': CMAKE_PREFIX_PATH=/opt/ros/humble /usr/bin/cmake --install /home/robo/ros2_ws/build/examples_rclcpp_cbg_executor
[44.327s] -- Install configuration: ""
[44.327s] -- Execute custom install script
[44.327s] -- Symlinking: /home/robo/ros2_ws/install/examples_rclcpp_cbg_executor/lib/examples_rclcpp_cbg_executor/ping
[44.341s] -- Symlinking: /home/robo/ros2_ws/install/examples_rclcpp_cbg_executor/lib/examples_rclcpp_cbg_executor/pong
[44.357s] -- Symlinking: /home/robo/ros2_ws/install/examples_rclcpp_cbg_executor/lib/examples_rclcpp_cbg_executor/ping_pong
[44.373s] -- Symlinking: /home/robo/ros2_ws/install/examples_rclcpp_cbg_executor/include/examples_rclcpp_cbg_executor/ping_node.hpp
[44.389s] -- Symlinking: /home/robo/ros2_ws/install/examples_rclcpp_cbg_executor/include/examples_rclcpp_cbg_executor/pong_node.hpp
[44.405s] -- Symlinking: /home/robo/ros2_ws/install/examples_rclcpp_cbg_executor/share/ament_index/resource_index/package_run_dependencies/examples_rclcpp_cbg_executor
[44.421s] -- Symlinking: /home/robo/ros2_ws/install/examples_rclcpp_cbg_executor/share/ament_index/resource_index/parent_prefix_path/examples_rclcpp_cbg_executor
[44.441s] -- Symlinking: /home/robo/ros2_ws/install/examples_rclcpp_cbg_executor/share/examples_rclcpp_cbg_executor/environment/ament_prefix_path.sh
[44.459s] -- Symlinking: /home/robo/ros2_ws/install/examples_rclcpp_cbg_executor/share/examples_rclcpp_cbg_executor/environment/ament_prefix_path.dsv
[44.476s] -- Symlinking: /home/robo/ros2_ws/install/examples_rclcpp_cbg_executor/share/examples_rclcpp_cbg_executor/environment/path.sh
[44.493s] -- Symlinking: /home/robo/ros2_ws/install/examples_rclcpp_cbg_executor/share/examples_rclcpp_cbg_executor/environment/path.dsv
[44.511s] -- Symlinking: /home/robo/ros2_ws/install/examples_rclcpp_cbg_executor/share/examples_rclcpp_cbg_executor/local_setup.bash
[44.529s] -- Symlinking: /home/robo/ros2_ws/install/examples_rclcpp_cbg_executor/share/examples_rclcpp_cbg_executor/local_setup.sh
[44.546s] -- Symlinking: /home/robo/ros2_ws/install/examples_rclcpp_cbg_executor/share/examples_rclcpp_cbg_executor/local_setup.zsh
[44.564s] -- Symlinking: /home/robo/ros2_ws/install/examples_rclcpp_cbg_executor/share/examples_rclcpp_cbg_executor/local_setup.dsv
[44.581s] -- Symlinking: /home/robo/ros2_ws/install/examples_rclcpp_cbg_executor/share/examples_rclcpp_cbg_executor/package.dsv
[44.598s] -- Symlinking: /home/robo/ros2_ws/install/examples_rclcpp_cbg_executor/share/ament_index/resource_index/packages/examples_rclcpp_cbg_executor
[44.614s] -- Symlinking: /home/robo/ros2_ws/install/examples_rclcpp_cbg_executor/share/examples_rclcpp_cbg_executor/cmake/ament_cmake_export_dependencies-extras.cmake
[44.632s] -- Symlinking: /home/robo/ros2_ws/install/examples_rclcpp_cbg_executor/share/examples_rclcpp_cbg_executor/cmake/examples_rclcpp_cbg_executorConfig.cmake
[44.648s] -- Symlinking: /home/robo/ros2_ws/install/examples_rclcpp_cbg_executor/share/examples_rclcpp_cbg_executor/cmake/examples_rclcpp_cbg_executorConfig-version.cmake
[44.665s] -- Symlinking: /home/robo/ros2_ws/install/examples_rclcpp_cbg_executor/share/examples_rclcpp_cbg_executor/package.xml
[44.685s] Invoked command in '/home/robo/ros2_ws/build/examples_rclcpp_cbg_executor' returned '0': CMAKE_PREFIX_PATH=/opt/ros/humble /usr/bin/cmake --install /home/robo/ros2_ws/build/examples_rclcpp_cbg_executor
