[0.050s] Invoking command in '/home/robo/ros2_ws/build/examples_rclcpp_minimal_composition': CMAKE_PREFIX_PATH=${CMAKE_PREFIX_PATH}:/home/robo/ros2_ws/install/launch_testing_examples:/home/robo/ros2_ws/install/examples_rclpy_pointcloud_publisher:/home/robo/ros2_ws/install/examples_rclpy_minimal_subscriber:/home/robo/ros2_ws/install/examples_rclpy_minimal_service:/home/robo/ros2_ws/install/examples_rclpy_minimal_publisher:/home/robo/ros2_ws/install/examples_rclpy_minimal_client:/home/robo/ros2_ws/install/examples_rclpy_minimal_action_server:/home/robo/ros2_ws/install/examples_rclpy_minimal_action_client:/home/robo/ros2_ws/install/examples_rclpy_guard_conditions:/home/robo/ros2_ws/install/examples_rclpy_executors:/opt/ros/humble /usr/bin/cmake --build /home/robo/ros2_ws/build/examples_rclcpp_minimal_composition -- -j8 -l8
[0.222s] [ 33%] Built target composition_nodes
[0.289s] [ 55%] Built target composition_publisher
[0.290s] [ 77%] Built target composition_composed
[0.292s] [100%] Built target composition_subscriber
[0.319s] Invoked command in '/home/robo/ros2_ws/build/examples_rclcpp_minimal_composition' returned '0': CMAKE_PREFIX_PATH=${CMAKE_PREFIX_PATH}:/home/robo/ros2_ws/install/launch_testing_examples:/home/robo/ros2_ws/install/examples_rclpy_pointcloud_publisher:/home/robo/ros2_ws/install/examples_rclpy_minimal_subscriber:/home/robo/ros2_ws/install/examples_rclpy_minimal_service:/home/robo/ros2_ws/install/examples_rclpy_minimal_publisher:/home/robo/ros2_ws/install/examples_rclpy_minimal_client:/home/robo/ros2_ws/install/examples_rclpy_minimal_action_server:/home/robo/ros2_ws/install/examples_rclpy_minimal_action_client:/home/robo/ros2_ws/install/examples_rclpy_guard_conditions:/home/robo/ros2_ws/install/examples_rclpy_executors:/opt/ros/humble /usr/bin/cmake --build /home/robo/ros2_ws/build/examples_rclcpp_minimal_composition -- -j8 -l8
[0.454s] Invoking command in '/home/robo/ros2_ws/build/examples_rclcpp_minimal_composition': CMAKE_PREFIX_PATH=${CMAKE_PREFIX_PATH}:/home/robo/ros2_ws/install/launch_testing_examples:/home/robo/ros2_ws/install/examples_rclpy_pointcloud_publisher:/home/robo/ros2_ws/install/examples_rclpy_minimal_subscriber:/home/robo/ros2_ws/install/examples_rclpy_minimal_service:/home/robo/ros2_ws/install/examples_rclpy_minimal_publisher:/home/robo/ros2_ws/install/examples_rclpy_minimal_client:/home/robo/ros2_ws/install/examples_rclpy_minimal_action_server:/home/robo/ros2_ws/install/examples_rclpy_minimal_action_client:/home/robo/ros2_ws/install/examples_rclpy_guard_conditions:/home/robo/ros2_ws/install/examples_rclpy_executors:/opt/ros/humble /usr/bin/cmake --install /home/robo/ros2_ws/build/examples_rclcpp_minimal_composition
[0.464s] -- Install configuration: ""
[0.465s] -- Execute custom install script
[0.465s] -- Up-to-date symlink: /home/robo/ros2_ws/install/examples_rclcpp_minimal_composition/share/examples_rclcpp_minimal_composition/environment/library_path.sh
[0.465s] -- Up-to-date symlink: /home/robo/ros2_ws/install/examples_rclcpp_minimal_composition/share/examples_rclcpp_minimal_composition/environment/library_path.dsv
[0.466s] -- Up-to-date symlink: /home/robo/ros2_ws/install/examples_rclcpp_minimal_composition/lib/libcomposition_nodes.so
[0.466s] -- Up-to-date symlink: /home/robo/ros2_ws/install/examples_rclcpp_minimal_composition/lib/examples_rclcpp_minimal_composition/composition_publisher
[0.467s] -- Up-to-date symlink: /home/robo/ros2_ws/install/examples_rclcpp_minimal_composition/lib/examples_rclcpp_minimal_composition/composition_subscriber
[0.467s] -- Up-to-date symlink: /home/robo/ros2_ws/install/examples_rclcpp_minimal_composition/lib/examples_rclcpp_minimal_composition/composition_composed
[0.468s] -- Up-to-date symlink: /home/robo/ros2_ws/install/examples_rclcpp_minimal_composition/share/ament_index/resource_index/package_run_dependencies/examples_rclcpp_minimal_composition
[0.469s] -- Up-to-date symlink: /home/robo/ros2_ws/install/examples_rclcpp_minimal_composition/share/ament_index/resource_index/parent_prefix_path/examples_rclcpp_minimal_composition
[0.469s] -- Up-to-date symlink: /home/robo/ros2_ws/install/examples_rclcpp_minimal_composition/share/examples_rclcpp_minimal_composition/environment/ament_prefix_path.sh
[0.471s] -- Up-to-date symlink: /home/robo/ros2_ws/install/examples_rclcpp_minimal_composition/share/examples_rclcpp_minimal_composition/environment/ament_prefix_path.dsv
[0.471s] -- Up-to-date symlink: /home/robo/ros2_ws/install/examples_rclcpp_minimal_composition/share/examples_rclcpp_minimal_composition/environment/path.sh
[0.473s] -- Up-to-date symlink: /home/robo/ros2_ws/install/examples_rclcpp_minimal_composition/share/examples_rclcpp_minimal_composition/environment/path.dsv
[0.473s] -- Up-to-date symlink: /home/robo/ros2_ws/install/examples_rclcpp_minimal_composition/share/examples_rclcpp_minimal_composition/local_setup.bash
[0.473s] -- Up-to-date symlink: /home/robo/ros2_ws/install/examples_rclcpp_minimal_composition/share/examples_rclcpp_minimal_composition/local_setup.sh
[0.474s] -- Up-to-date symlink: /home/robo/ros2_ws/install/examples_rclcpp_minimal_composition/share/examples_rclcpp_minimal_composition/local_setup.zsh
[0.475s] -- Up-to-date symlink: /home/robo/ros2_ws/install/examples_rclcpp_minimal_composition/share/examples_rclcpp_minimal_composition/local_setup.dsv
[0.475s] -- Symlinking: /home/robo/ros2_ws/install/examples_rclcpp_minimal_composition/share/examples_rclcpp_minimal_composition/package.dsv
[0.485s] -- Up-to-date symlink: /home/robo/ros2_ws/install/examples_rclcpp_minimal_composition/share/ament_index/resource_index/packages/examples_rclcpp_minimal_composition
[0.486s] -- Up-to-date symlink: /home/robo/ros2_ws/install/examples_rclcpp_minimal_composition/share/examples_rclcpp_minimal_composition/cmake/examples_rclcpp_minimal_compositionConfig.cmake
[0.486s] -- Up-to-date symlink: /home/robo/ros2_ws/install/examples_rclcpp_minimal_composition/share/examples_rclcpp_minimal_composition/cmake/examples_rclcpp_minimal_compositionConfig-version.cmake
[0.486s] -- Up-to-date symlink: /home/robo/ros2_ws/install/examples_rclcpp_minimal_composition/share/examples_rclcpp_minimal_composition/package.xml
[0.530s] Invoked command in '/home/robo/ros2_ws/build/examples_rclcpp_minimal_composition' returned '0': CMAKE_PREFIX_PATH=${CMAKE_PREFIX_PATH}:/home/robo/ros2_ws/install/launch_testing_examples:/home/robo/ros2_ws/install/examples_rclpy_pointcloud_publisher:/home/robo/ros2_ws/install/examples_rclpy_minimal_subscriber:/home/robo/ros2_ws/install/examples_rclpy_minimal_service:/home/robo/ros2_ws/install/examples_rclpy_minimal_publisher:/home/robo/ros2_ws/install/examples_rclpy_minimal_client:/home/robo/ros2_ws/install/examples_rclpy_minimal_action_server:/home/robo/ros2_ws/install/examples_rclpy_minimal_action_client:/home/robo/ros2_ws/install/examples_rclpy_guard_conditions:/home/robo/ros2_ws/install/examples_rclpy_executors:/opt/ros/humble /usr/bin/cmake --install /home/robo/ros2_ws/build/examples_rclcpp_minimal_composition
