[1.751s] Invoking command in '/home/robo/ros2_ws/build/examples_rclpy_minimal_service': PYTHONPATH=/home/robo/ros2_ws/build/examples_rclpy_minimal_service/prefix_override:/usr/lib/python3/dist-packages/colcon_core/task/python/colcon_distutils_commands:/home/robo/ros2_ws/install/examples_rclpy_minimal_service/lib/python3.10/site-packages:${PYTHONPATH} /usr/bin/python3 -W ignore:setup.py install is deprecated setup.py develop --editable --build-directory /home/robo/ros2_ws/build/examples_rclpy_minimal_service/build --no-deps symlink_data
[2.816s] running develop
[2.816s] /home/robo/.local/lib/python3.10/site-packages/setuptools/command/develop.py:40: EasyInstallDeprecationWarning: easy_install command is deprecated.
[2.816s] !!
[2.816s] 
[2.816s]         ********************************************************************************
[2.817s]         Please avoid running ``setup.py`` and ``easy_install``.
[2.817s]         Instead, use pypa/build, pypa/installer or other
[2.817s]         standards-based tools.
[2.817s] 
[2.817s]         See https://github.com/pypa/setuptools/issues/917 for details.
[2.817s]         ********************************************************************************
[2.817s] 
[2.817s] !!
[2.818s]   easy_install.initialize_options(self)
[3.107s] running egg_info
[3.107s] creating examples_rclpy_minimal_service.egg-info
[3.148s] writing examples_rclpy_minimal_service.egg-info/PKG-INFO
[3.150s] writing dependency_links to examples_rclpy_minimal_service.egg-info/dependency_links.txt
[3.150s] writing entry points to examples_rclpy_minimal_service.egg-info/entry_points.txt
[3.150s] writing requirements to examples_rclpy_minimal_service.egg-info/requires.txt
[3.150s] writing top-level names to examples_rclpy_minimal_service.egg-info/top_level.txt
[3.150s] writing manifest file 'examples_rclpy_minimal_service.egg-info/SOURCES.txt'
[3.233s] reading manifest file 'examples_rclpy_minimal_service.egg-info/SOURCES.txt'
[3.235s] writing manifest file 'examples_rclpy_minimal_service.egg-info/SOURCES.txt'
[3.277s] running build_ext
[3.278s] Creating /home/robo/ros2_ws/install/examples_rclpy_minimal_service/lib/python3.10/site-packages/examples-rclpy-minimal-service.egg-link (link to .)
[3.279s] Installing service script to /home/robo/ros2_ws/install/examples_rclpy_minimal_service/lib/examples_rclpy_minimal_service
[3.280s] Installing service_member_function script to /home/robo/ros2_ws/install/examples_rclpy_minimal_service/lib/examples_rclpy_minimal_service
[3.281s] 
[3.281s] Installed /home/robo/ros2_ws/build/examples_rclpy_minimal_service
[3.281s] running symlink_data
[3.282s] creating /home/robo/ros2_ws/install/examples_rclpy_minimal_service/share/ament_index
[3.284s] creating /home/robo/ros2_ws/install/examples_rclpy_minimal_service/share/ament_index/resource_index
[3.284s] creating /home/robo/ros2_ws/install/examples_rclpy_minimal_service/share/ament_index/resource_index/packages
[3.284s] symbolically linking /home/robo/ros2_ws/build/examples_rclpy_minimal_service/resource/examples_rclpy_minimal_service -> /home/robo/ros2_ws/install/examples_rclpy_minimal_service/share/ament_index/resource_index/packages
[3.284s] symbolically linking /home/robo/ros2_ws/build/examples_rclpy_minimal_service/package.xml -> /home/robo/ros2_ws/install/examples_rclpy_minimal_service/share/examples_rclpy_minimal_service
[3.385s] Invoked command in '/home/robo/ros2_ws/build/examples_rclpy_minimal_service' returned '0': PYTHONPATH=/home/robo/ros2_ws/build/examples_rclpy_minimal_service/prefix_override:/usr/lib/python3/dist-packages/colcon_core/task/python/colcon_distutils_commands:/home/robo/ros2_ws/install/examples_rclpy_minimal_service/lib/python3.10/site-packages:${PYTHONPATH} /usr/bin/python3 -W ignore:setup.py install is deprecated setup.py develop --editable --build-directory /home/robo/ros2_ws/build/examples_rclpy_minimal_service/build --no-deps symlink_data
