[0.048s] Invoking command in '/home/robo/ros2_ws/build/examples_rclcpp_async_client': CMAKE_PREFIX_PATH=${CMAKE_PREFIX_PATH}:/home/robo/ros2_ws/install/launch_testing_examples:/home/robo/ros2_ws/install/examples_rclpy_pointcloud_publisher:/home/robo/ros2_ws/install/examples_rclpy_minimal_subscriber:/home/robo/ros2_ws/install/examples_rclpy_minimal_service:/home/robo/ros2_ws/install/examples_rclpy_minimal_publisher:/home/robo/ros2_ws/install/examples_rclpy_minimal_client:/home/robo/ros2_ws/install/examples_rclpy_minimal_action_server:/home/robo/ros2_ws/install/examples_rclpy_minimal_action_client:/home/robo/ros2_ws/install/examples_rclpy_guard_conditions:/home/robo/ros2_ws/install/examples_rclpy_executors:/opt/ros/humble /usr/bin/cmake /home/robo/ros2_ws/src/examples/rclcpp/services/async_client -DCMAKE_INSTALL_PREFIX=/home/robo/ros2_ws/install/examples_rclcpp_async_client
[0.079s] -- Found ament_cmake: 1.3.9 (/opt/ros/humble/share/ament_cmake/cmake)
[0.353s] -- Override CMake install command with custom implementation using symlinks instead of copying resources
[0.364s] -- Found example_interfaces: 0.9.3 (/opt/ros/humble/share/example_interfaces/cmake)
[0.411s] -- Found rosidl_generator_c: 3.1.5 (/opt/ros/humble/share/rosidl_generator_c/cmake)
[0.416s] -- Found rosidl_adapter: 3.1.5 (/opt/ros/humble/share/rosidl_adapter/cmake)
[0.429s] -- Found rosidl_generator_cpp: 3.1.5 (/opt/ros/humble/share/rosidl_generator_cpp/cmake)
[0.452s] -- Using all available rosidl_typesupport_c: rosidl_typesupport_fastrtps_c;rosidl_typesupport_introspection_c
[0.484s] -- Using all available rosidl_typesupport_cpp: rosidl_typesupport_fastrtps_cpp;rosidl_typesupport_introspection_cpp
[0.789s] -- Found rclcpp: 16.0.9 (/opt/ros/humble/share/rclcpp/cmake)
[0.883s] -- Found rmw_implementation_cmake: 6.1.2 (/opt/ros/humble/share/rmw_implementation_cmake/cmake)
[0.887s] -- Found rmw_fastrtps_cpp: 6.2.6 (/opt/ros/humble/share/rmw_fastrtps_cpp/cmake)
[1.133s] -- Using RMW implementation 'rmw_fastrtps_cpp' as default
[1.466s] -- Found ament_lint_auto: 0.12.11 (/opt/ros/humble/share/ament_lint_auto/cmake)
[1.650s] -- Added test 'copyright' to check source files copyright and LICENSE
[1.652s] -- Added test 'cppcheck' to perform static code analysis on C / C++ code
[1.652s] -- Configured cppcheck include dirs: 
[1.653s] -- Configured cppcheck exclude dirs and/or files: 
[1.654s] -- Added test 'cpplint' to check C / C++ code against the Google style
[1.655s] -- Configured cpplint exclude dirs and/or files: 
[1.656s] -- Added test 'lint_cmake' to check CMake code style
[1.657s] -- Added test 'uncrustify' to check C / C++ code style
[1.657s] -- Configured uncrustify additional arguments: 
[1.658s] -- Added test 'xmllint' to check XML markup files
[1.660s] -- Configuring done
[1.678s] -- Generating done
[1.684s] -- Build files have been written to: /home/robo/ros2_ws/build/examples_rclcpp_async_client
[1.706s] Invoked command in '/home/robo/ros2_ws/build/examples_rclcpp_async_client' returned '0': CMAKE_PREFIX_PATH=${CMAKE_PREFIX_PATH}:/home/robo/ros2_ws/install/launch_testing_examples:/home/robo/ros2_ws/install/examples_rclpy_pointcloud_publisher:/home/robo/ros2_ws/install/examples_rclpy_minimal_subscriber:/home/robo/ros2_ws/install/examples_rclpy_minimal_service:/home/robo/ros2_ws/install/examples_rclpy_minimal_publisher:/home/robo/ros2_ws/install/examples_rclpy_minimal_client:/home/robo/ros2_ws/install/examples_rclpy_minimal_action_server:/home/robo/ros2_ws/install/examples_rclpy_minimal_action_client:/home/robo/ros2_ws/install/examples_rclpy_guard_conditions:/home/robo/ros2_ws/install/examples_rclpy_executors:/opt/ros/humble /usr/bin/cmake /home/robo/ros2_ws/src/examples/rclcpp/services/async_client -DCMAKE_INSTALL_PREFIX=/home/robo/ros2_ws/install/examples_rclcpp_async_client
[1.709s] Invoking command in '/home/robo/ros2_ws/build/examples_rclcpp_async_client': CMAKE_PREFIX_PATH=${CMAKE_PREFIX_PATH}:/home/robo/ros2_ws/install/launch_testing_examples:/home/robo/ros2_ws/install/examples_rclpy_pointcloud_publisher:/home/robo/ros2_ws/install/examples_rclpy_minimal_subscriber:/home/robo/ros2_ws/install/examples_rclpy_minimal_service:/home/robo/ros2_ws/install/examples_rclpy_minimal_publisher:/home/robo/ros2_ws/install/examples_rclpy_minimal_client:/home/robo/ros2_ws/install/examples_rclpy_minimal_action_server:/home/robo/ros2_ws/install/examples_rclpy_minimal_action_client:/home/robo/ros2_ws/install/examples_rclpy_guard_conditions:/home/robo/ros2_ws/install/examples_rclpy_executors:/opt/ros/humble /usr/bin/cmake --build /home/robo/ros2_ws/build/examples_rclcpp_async_client -- -j8 -l8
[1.792s] [35m[1mConsolidate compiler generated dependencies of target client_main[0m
[1.823s] [100%] Built target client_main
[1.847s] Invoked command in '/home/robo/ros2_ws/build/examples_rclcpp_async_client' returned '0': CMAKE_PREFIX_PATH=${CMAKE_PREFIX_PATH}:/home/robo/ros2_ws/install/launch_testing_examples:/home/robo/ros2_ws/install/examples_rclpy_pointcloud_publisher:/home/robo/ros2_ws/install/examples_rclpy_minimal_subscriber:/home/robo/ros2_ws/install/examples_rclpy_minimal_service:/home/robo/ros2_ws/install/examples_rclpy_minimal_publisher:/home/robo/ros2_ws/install/examples_rclpy_minimal_client:/home/robo/ros2_ws/install/examples_rclpy_minimal_action_server:/home/robo/ros2_ws/install/examples_rclpy_minimal_action_client:/home/robo/ros2_ws/install/examples_rclpy_guard_conditions:/home/robo/ros2_ws/install/examples_rclpy_executors:/opt/ros/humble /usr/bin/cmake --build /home/robo/ros2_ws/build/examples_rclcpp_async_client -- -j8 -l8
[1.901s] Invoking command in '/home/robo/ros2_ws/build/examples_rclcpp_async_client': CMAKE_PREFIX_PATH=${CMAKE_PREFIX_PATH}:/home/robo/ros2_ws/install/launch_testing_examples:/home/robo/ros2_ws/install/examples_rclpy_pointcloud_publisher:/home/robo/ros2_ws/install/examples_rclpy_minimal_subscriber:/home/robo/ros2_ws/install/examples_rclpy_minimal_service:/home/robo/ros2_ws/install/examples_rclpy_minimal_publisher:/home/robo/ros2_ws/install/examples_rclpy_minimal_client:/home/robo/ros2_ws/install/examples_rclpy_minimal_action_server:/home/robo/ros2_ws/install/examples_rclpy_minimal_action_client:/home/robo/ros2_ws/install/examples_rclpy_guard_conditions:/home/robo/ros2_ws/install/examples_rclpy_executors:/opt/ros/humble /usr/bin/cmake --install /home/robo/ros2_ws/build/examples_rclcpp_async_client
[1.915s] -- Install configuration: ""
[1.915s] -- Execute custom install script
[1.915s] -- Up-to-date symlink: /home/robo/ros2_ws/install/examples_rclcpp_async_client/lib/examples_rclcpp_async_client/client_main
[1.915s] -- Up-to-date symlink: /home/robo/ros2_ws/install/examples_rclcpp_async_client/share/ament_index/resource_index/package_run_dependencies/examples_rclcpp_async_client
[1.920s] -- Up-to-date symlink: /home/robo/ros2_ws/install/examples_rclcpp_async_client/share/ament_index/resource_index/parent_prefix_path/examples_rclcpp_async_client
[1.921s] -- Up-to-date symlink: /home/robo/ros2_ws/install/examples_rclcpp_async_client/share/examples_rclcpp_async_client/environment/ament_prefix_path.sh
[1.921s] -- Up-to-date symlink: /home/robo/ros2_ws/install/examples_rclcpp_async_client/share/examples_rclcpp_async_client/environment/ament_prefix_path.dsv
[1.921s] -- Up-to-date symlink: /home/robo/ros2_ws/install/examples_rclcpp_async_client/share/examples_rclcpp_async_client/environment/path.sh
[1.921s] -- Up-to-date symlink: /home/robo/ros2_ws/install/examples_rclcpp_async_client/share/examples_rclcpp_async_client/environment/path.dsv
[1.921s] -- Up-to-date symlink: /home/robo/ros2_ws/install/examples_rclcpp_async_client/share/examples_rclcpp_async_client/local_setup.bash
[1.922s] -- Up-to-date symlink: /home/robo/ros2_ws/install/examples_rclcpp_async_client/share/examples_rclcpp_async_client/local_setup.sh
[1.922s] -- Up-to-date symlink: /home/robo/ros2_ws/install/examples_rclcpp_async_client/share/examples_rclcpp_async_client/local_setup.zsh
[1.922s] -- Up-to-date symlink: /home/robo/ros2_ws/install/examples_rclcpp_async_client/share/examples_rclcpp_async_client/local_setup.dsv
[1.922s] -- Symlinking: /home/robo/ros2_ws/install/examples_rclcpp_async_client/share/examples_rclcpp_async_client/package.dsv
[1.949s] -- Up-to-date symlink: /home/robo/ros2_ws/install/examples_rclcpp_async_client/share/ament_index/resource_index/packages/examples_rclcpp_async_client
[1.949s] -- Up-to-date symlink: /home/robo/ros2_ws/install/examples_rclcpp_async_client/share/examples_rclcpp_async_client/cmake/examples_rclcpp_async_clientConfig.cmake
[1.951s] -- Up-to-date symlink: /home/robo/ros2_ws/install/examples_rclcpp_async_client/share/examples_rclcpp_async_client/cmake/examples_rclcpp_async_clientConfig-version.cmake
[1.951s] -- Up-to-date symlink: /home/robo/ros2_ws/install/examples_rclcpp_async_client/share/examples_rclcpp_async_client/package.xml
[1.963s] Invoked command in '/home/robo/ros2_ws/build/examples_rclcpp_async_client' returned '0': CMAKE_PREFIX_PATH=${CMAKE_PREFIX_PATH}:/home/robo/ros2_ws/install/launch_testing_examples:/home/robo/ros2_ws/install/examples_rclpy_pointcloud_publisher:/home/robo/ros2_ws/install/examples_rclpy_minimal_subscriber:/home/robo/ros2_ws/install/examples_rclpy_minimal_service:/home/robo/ros2_ws/install/examples_rclpy_minimal_publisher:/home/robo/ros2_ws/install/examples_rclpy_minimal_client:/home/robo/ros2_ws/install/examples_rclpy_minimal_action_server:/home/robo/ros2_ws/install/examples_rclpy_minimal_action_client:/home/robo/ros2_ws/install/examples_rclpy_guard_conditions:/home/robo/ros2_ws/install/examples_rclpy_executors:/opt/ros/humble /usr/bin/cmake --install /home/robo/ros2_ws/build/examples_rclcpp_async_client
