[2.433s] Invoking command in '/home/robo/ros2_ws/src/examples/rclpy/topics/minimal_publisher': PYTHONPATH=/home/robo/ros2_ws/build/examples_rclpy_minimal_publisher/prefix_override:/usr/lib/python3/dist-packages/colcon_core/task/python/colcon_distutils_commands:/home/robo/ros2_ws/install/examples_rclpy_minimal_publisher/lib/python3.10/site-packages:${PYTHONPATH} /usr/bin/python3 -W ignore:setup.py install is deprecated setup.py egg_info --egg-base ../../../../../build/examples_rclpy_minimal_publisher build --build-base /home/robo/ros2_ws/build/examples_rclpy_minimal_publisher/build install --record /home/robo/ros2_ws/build/examples_rclpy_minimal_publisher/install.log --single-version-externally-managed install_data
[4.168s] running egg_info
[4.349s] writing ../../../../../build/examples_rclpy_minimal_publisher/examples_rclpy_minimal_publisher.egg-info/PKG-INFO
[4.349s] writing dependency_links to ../../../../../build/examples_rclpy_minimal_publisher/examples_rclpy_minimal_publisher.egg-info/dependency_links.txt
[4.385s] writing entry points to ../../../../../build/examples_rclpy_minimal_publisher/examples_rclpy_minimal_publisher.egg-info/entry_points.txt
[4.391s] writing requirements to ../../../../../build/examples_rclpy_minimal_publisher/examples_rclpy_minimal_publisher.egg-info/requires.txt
[4.392s] writing top-level names to ../../../../../build/examples_rclpy_minimal_publisher/examples_rclpy_minimal_publisher.egg-info/top_level.txt
[4.705s] reading manifest file '../../../../../build/examples_rclpy_minimal_publisher/examples_rclpy_minimal_publisher.egg-info/SOURCES.txt'
[4.707s] writing manifest file '../../../../../build/examples_rclpy_minimal_publisher/examples_rclpy_minimal_publisher.egg-info/SOURCES.txt'
[4.724s] running build
[4.729s] running build_py
[4.730s] running install
[4.742s] running install_lib
[4.907s] running install_data
[4.910s] running install_egg_info
[5.037s] removing '/home/robo/ros2_ws/install/examples_rclpy_minimal_publisher/lib/python3.10/site-packages/examples_rclpy_minimal_publisher-0.15.2-py3.10.egg-info' (and everything under it)
[5.072s] Copying ../../../../../build/examples_rclpy_minimal_publisher/examples_rclpy_minimal_publisher.egg-info to /home/robo/ros2_ws/install/examples_rclpy_minimal_publisher/lib/python3.10/site-packages/examples_rclpy_minimal_publisher-0.15.2-py3.10.egg-info
[5.073s] running install_scripts
[6.401s] Installing publisher_local_function script to /home/robo/ros2_ws/install/examples_rclpy_minimal_publisher/lib/examples_rclpy_minimal_publisher
[6.401s] Installing publisher_member_function script to /home/robo/ros2_ws/install/examples_rclpy_minimal_publisher/lib/examples_rclpy_minimal_publisher
[6.401s] Installing publisher_old_school script to /home/robo/ros2_ws/install/examples_rclpy_minimal_publisher/lib/examples_rclpy_minimal_publisher
[6.401s] writing list of installed files to '/home/robo/ros2_ws/build/examples_rclpy_minimal_publisher/install.log'
[6.461s] Invoked command in '/home/robo/ros2_ws/src/examples/rclpy/topics/minimal_publisher' returned '0': PYTHONPATH=/home/robo/ros2_ws/build/examples_rclpy_minimal_publisher/prefix_override:/usr/lib/python3/dist-packages/colcon_core/task/python/colcon_distutils_commands:/home/robo/ros2_ws/install/examples_rclpy_minimal_publisher/lib/python3.10/site-packages:${PYTHONPATH} /usr/bin/python3 -W ignore:setup.py install is deprecated setup.py egg_info --egg-base ../../../../../build/examples_rclpy_minimal_publisher build --build-base /home/robo/ros2_ws/build/examples_rclpy_minimal_publisher/build install --record /home/robo/ros2_ws/build/examples_rclpy_minimal_publisher/install.log --single-version-externally-managed install_data
