[0.158s] Invoking command in '/home/robo/ros2_ws/build/my_package': CMAKE_PREFIX_PATH=/opt/ros/humble /usr/bin/cmake --build /home/robo/ros2_ws/build/my_package -- -j8 -l8
[0.401s] -- Found ament_cmake: 1.3.9 (/opt/ros/humble/share/ament_cmake/cmake)
[1.357s] -- Found ament_lint_auto: 0.12.11 (/opt/ros/humble/share/ament_lint_auto/cmake)
[1.912s] -- Added test 'cppcheck' to perform static code analysis on C / C++ code
[1.913s] -- Configured cppcheck include dirs: $<BUILD_INTERFACE:/home/robo/ros2_ws/src/my_package/include>
[1.913s] -- Configured cppcheck exclude dirs and/or files: 
[1.924s] -- Added test 'lint_cmake' to check CMake code style
[1.935s] -- Added test 'uncrustify' to check C / C++ code style
[1.936s] -- Configured uncrustify additional arguments: 
[1.944s] -- Added test 'xmllint' to check XML markup files
[1.959s] -- Configuring done
[2.020s] -- Generating done
[2.028s] -- Build files have been written to: /home/robo/ros2_ws/build/my_package
[2.164s] [35m[1mConsolidate compiler generated dependencies of target my_node[0m
[2.264s] [100%] Built target my_node
[2.302s] Invoked command in '/home/robo/ros2_ws/build/my_package' returned '0': CMAKE_PREFIX_PATH=/opt/ros/humble /usr/bin/cmake --build /home/robo/ros2_ws/build/my_package -- -j8 -l8
[2.353s] Invoking command in '/home/robo/ros2_ws/build/my_package': CMAKE_PREFIX_PATH=/opt/ros/humble /usr/bin/cmake --install /home/robo/ros2_ws/build/my_package
[2.374s] -- Install configuration: ""
[2.374s] -- Up-to-date: /home/robo/ros2_ws/install/my_package/lib/my_package/my_node
[2.374s] -- Up-to-date: /home/robo/ros2_ws/install/my_package/share/ament_index/resource_index/package_run_dependencies/my_package
[2.374s] -- Installing: /home/robo/ros2_ws/install/my_package/share/ament_index/resource_index/parent_prefix_path/my_package
[2.374s] -- Up-to-date: /home/robo/ros2_ws/install/my_package/share/my_package/environment/ament_prefix_path.sh
[2.375s] -- Installing: /home/robo/ros2_ws/install/my_package/share/my_package/environment/ament_prefix_path.dsv
[2.375s] -- Up-to-date: /home/robo/ros2_ws/install/my_package/share/my_package/environment/path.sh
[2.375s] -- Installing: /home/robo/ros2_ws/install/my_package/share/my_package/environment/path.dsv
[2.376s] -- Up-to-date: /home/robo/ros2_ws/install/my_package/share/my_package/local_setup.bash
[2.376s] -- Up-to-date: /home/robo/ros2_ws/install/my_package/share/my_package/local_setup.sh
[2.377s] -- Up-to-date: /home/robo/ros2_ws/install/my_package/share/my_package/local_setup.zsh
[2.378s] -- Installing: /home/robo/ros2_ws/install/my_package/share/my_package/local_setup.dsv
[2.378s] -- Installing: /home/robo/ros2_ws/install/my_package/share/my_package/package.dsv
[2.378s] -- Up-to-date: /home/robo/ros2_ws/install/my_package/share/ament_index/resource_index/packages/my_package
[2.378s] -- Up-to-date: /home/robo/ros2_ws/install/my_package/share/my_package/cmake/my_packageConfig.cmake
[2.378s] -- Up-to-date: /home/robo/ros2_ws/install/my_package/share/my_package/cmake/my_packageConfig-version.cmake
[2.378s] -- Installing: /home/robo/ros2_ws/install/my_package/share/my_package/package.xml
[2.392s] Invoked command in '/home/robo/ros2_ws/build/my_package' returned '0': CMAKE_PREFIX_PATH=/opt/ros/humble /usr/bin/cmake --install /home/robo/ros2_ws/build/my_package
