[2.034s] Invoking command in '/home/robo/ros2_ws/build/examples_rclpy_minimal_service': PYTHONPATH=/home/robo/ros2_ws/build/examples_rclpy_minimal_service/prefix_override:/usr/lib/python3/dist-packages/colcon_core/task/python/colcon_distutils_commands:/home/robo/ros2_ws/install/examples_rclpy_minimal_service/lib/python3.10/site-packages:${PYTHONPATH} /usr/bin/python3 -W ignore:setup.py install is deprecated setup.py develop --uninstall --editable --build-directory /home/robo/ros2_ws/build/examples_rclpy_minimal_service/build
[2.735s] running develop
[2.735s] /home/robo/.local/lib/python3.10/site-packages/setuptools/command/develop.py:40: EasyInstallDeprecationWarning: easy_install command is deprecated.
[2.736s] !!
[2.736s] 
[2.736s]         ********************************************************************************
[2.736s]         Please avoid running ``setup.py`` and ``easy_install``.
[2.736s]         Instead, use pypa/build, pypa/installer or other
[2.736s]         standards-based tools.
[2.736s] 
[2.736s]         See https://github.com/pypa/setuptools/issues/917 for details.
[2.736s]         ********************************************************************************
[2.737s] 
[2.737s] !!
[2.737s]   easy_install.initialize_options(self)
[3.269s] Removing /home/robo/ros2_ws/install/examples_rclpy_minimal_service/lib/python3.10/site-packages/examples-rclpy-minimal-service.egg-link (link to .)
[3.338s] Invoked command in '/home/robo/ros2_ws/build/examples_rclpy_minimal_service' returned '0': PYTHONPATH=/home/robo/ros2_ws/build/examples_rclpy_minimal_service/prefix_override:/usr/lib/python3/dist-packages/colcon_core/task/python/colcon_distutils_commands:/home/robo/ros2_ws/install/examples_rclpy_minimal_service/lib/python3.10/site-packages:${PYTHONPATH} /usr/bin/python3 -W ignore:setup.py install is deprecated setup.py develop --uninstall --editable --build-directory /home/robo/ros2_ws/build/examples_rclpy_minimal_service/build
[3.338s] Invoking command in '/home/robo/ros2_ws/src/examples/rclpy/services/minimal_service': PYTHONPATH=/home/robo/ros2_ws/build/examples_rclpy_minimal_service/prefix_override:/usr/lib/python3/dist-packages/colcon_core/task/python/colcon_distutils_commands:/home/robo/ros2_ws/install/examples_rclpy_minimal_service/lib/python3.10/site-packages:${PYTHONPATH} /usr/bin/python3 -W ignore:setup.py install is deprecated setup.py egg_info --egg-base ../../../../../build/examples_rclpy_minimal_service build --build-base /home/robo/ros2_ws/build/examples_rclpy_minimal_service/build install --record /home/robo/ros2_ws/build/examples_rclpy_minimal_service/install.log --single-version-externally-managed install_data --force
[3.854s] running egg_info
[3.891s] writing ../../../../../build/examples_rclpy_minimal_service/examples_rclpy_minimal_service.egg-info/PKG-INFO
[3.891s] writing dependency_links to ../../../../../build/examples_rclpy_minimal_service/examples_rclpy_minimal_service.egg-info/dependency_links.txt
[3.892s] writing entry points to ../../../../../build/examples_rclpy_minimal_service/examples_rclpy_minimal_service.egg-info/entry_points.txt
[3.892s] writing requirements to ../../../../../build/examples_rclpy_minimal_service/examples_rclpy_minimal_service.egg-info/requires.txt
[3.892s] writing top-level names to ../../../../../build/examples_rclpy_minimal_service/examples_rclpy_minimal_service.egg-info/top_level.txt
[3.963s] reading manifest file '../../../../../build/examples_rclpy_minimal_service/examples_rclpy_minimal_service.egg-info/SOURCES.txt'
[3.965s] writing manifest file '../../../../../build/examples_rclpy_minimal_service/examples_rclpy_minimal_service.egg-info/SOURCES.txt'
[3.965s] running build
[3.965s] running build_py
[3.966s] creating /home/robo/ros2_ws/build/examples_rclpy_minimal_service/build
[3.966s] creating /home/robo/ros2_ws/build/examples_rclpy_minimal_service/build/lib
[3.967s] creating /home/robo/ros2_ws/build/examples_rclpy_minimal_service/build/lib/examples_rclpy_minimal_service
[3.967s] copying examples_rclpy_minimal_service/service_member_function.py -> /home/robo/ros2_ws/build/examples_rclpy_minimal_service/build/lib/examples_rclpy_minimal_service
[3.967s] copying examples_rclpy_minimal_service/service.py -> /home/robo/ros2_ws/build/examples_rclpy_minimal_service/build/lib/examples_rclpy_minimal_service
[3.967s] copying examples_rclpy_minimal_service/__init__.py -> /home/robo/ros2_ws/build/examples_rclpy_minimal_service/build/lib/examples_rclpy_minimal_service
[3.967s] running install
[3.975s] running install_lib
[4.012s] creating /home/robo/ros2_ws/install/examples_rclpy_minimal_service/lib/python3.10/site-packages/examples_rclpy_minimal_service
[4.013s] copying /home/robo/ros2_ws/build/examples_rclpy_minimal_service/build/lib/examples_rclpy_minimal_service/service_member_function.py -> /home/robo/ros2_ws/install/examples_rclpy_minimal_service/lib/python3.10/site-packages/examples_rclpy_minimal_service
[4.013s] copying /home/robo/ros2_ws/build/examples_rclpy_minimal_service/build/lib/examples_rclpy_minimal_service/service.py -> /home/robo/ros2_ws/install/examples_rclpy_minimal_service/lib/python3.10/site-packages/examples_rclpy_minimal_service
[4.013s] copying /home/robo/ros2_ws/build/examples_rclpy_minimal_service/build/lib/examples_rclpy_minimal_service/__init__.py -> /home/robo/ros2_ws/install/examples_rclpy_minimal_service/lib/python3.10/site-packages/examples_rclpy_minimal_service
[4.014s] byte-compiling /home/robo/ros2_ws/install/examples_rclpy_minimal_service/lib/python3.10/site-packages/examples_rclpy_minimal_service/service_member_function.py to service_member_function.cpython-310.pyc
[4.015s] byte-compiling /home/robo/ros2_ws/install/examples_rclpy_minimal_service/lib/python3.10/site-packages/examples_rclpy_minimal_service/service.py to service.cpython-310.pyc
[4.015s] byte-compiling /home/robo/ros2_ws/install/examples_rclpy_minimal_service/lib/python3.10/site-packages/examples_rclpy_minimal_service/__init__.py to __init__.cpython-310.pyc
[4.016s] running install_data
[4.016s] copying resource/examples_rclpy_minimal_service -> /home/robo/ros2_ws/install/examples_rclpy_minimal_service/share/ament_index/resource_index/packages
[4.016s] copying package.xml -> /home/robo/ros2_ws/install/examples_rclpy_minimal_service/share/examples_rclpy_minimal_service
[4.016s] running install_egg_info
[4.055s] Copying ../../../../../build/examples_rclpy_minimal_service/examples_rclpy_minimal_service.egg-info to /home/robo/ros2_ws/install/examples_rclpy_minimal_service/lib/python3.10/site-packages/examples_rclpy_minimal_service-0.15.2-py3.10.egg-info
[4.056s] running install_scripts
[4.291s] Installing service script to /home/robo/ros2_ws/install/examples_rclpy_minimal_service/lib/examples_rclpy_minimal_service
[4.291s] Installing service_member_function script to /home/robo/ros2_ws/install/examples_rclpy_minimal_service/lib/examples_rclpy_minimal_service
[4.291s] writing list of installed files to '/home/robo/ros2_ws/build/examples_rclpy_minimal_service/install.log'
[4.335s] Invoked command in '/home/robo/ros2_ws/src/examples/rclpy/services/minimal_service' returned '0': PYTHONPATH=/home/robo/ros2_ws/build/examples_rclpy_minimal_service/prefix_override:/usr/lib/python3/dist-packages/colcon_core/task/python/colcon_distutils_commands:/home/robo/ros2_ws/install/examples_rclpy_minimal_service/lib/python3.10/site-packages:${PYTHONPATH} /usr/bin/python3 -W ignore:setup.py install is deprecated setup.py egg_info --egg-base ../../../../../build/examples_rclpy_minimal_service build --build-base /home/robo/ros2_ws/build/examples_rclpy_minimal_service/build install --record /home/robo/ros2_ws/build/examples_rclpy_minimal_service/install.log --single-version-externally-managed install_data --force
