[0.036s] Invoking command in '/home/robo/ros2_ws/build/examples_rclcpp_minimal_action_client': CMAKE_PREFIX_PATH=/opt/ros/humble /usr/bin/cmake /home/robo/ros2_ws/src/examples/rclcpp/actions/minimal_action_client -DAMENT_CMAKE_SYMLINK_INSTALL=1 -DCMAKE_INSTALL_PREFIX=/home/robo/ros2_ws/install/examples_rclcpp_minimal_action_client
[1.064s] -- The C compiler identification is GNU 11.4.0
[1.716s] -- The CXX compiler identification is GNU 11.4.0
[1.733s] -- Detecting C compiler ABI info
[1.991s] -- Detecting C compiler ABI info - done
[2.002s] -- Check for working C compiler: /usr/bin/cc - skipped
[2.004s] -- Detecting C compile features
[2.010s] -- Detecting C compile features - done
[2.022s] -- Detecting CXX compiler ABI info
[2.198s] -- Detecting CXX compiler ABI info - done
[2.213s] -- Check for working CXX compiler: /usr/bin/c++ - skipped
[2.213s] -- Detecting CXX compile features
[2.214s] -- Detecting CXX compile features - done
[2.232s] -- Found ament_cmake: 1.3.9 (/opt/ros/humble/share/ament_cmake/cmake)
[3.118s] -- Found Python3: /usr/bin/python3 (found version "3.10.12") found components: Interpreter 
[3.242s] -- Override CMake install command with custom implementation using symlinks instead of copying resources
[3.295s] -- Found example_interfaces: 0.9.3 (/opt/ros/humble/share/example_interfaces/cmake)
[3.394s] -- Found rosidl_generator_c: 3.1.5 (/opt/ros/humble/share/rosidl_generator_c/cmake)
[3.404s] -- Found rosidl_adapter: 3.1.5 (/opt/ros/humble/share/rosidl_adapter/cmake)
[3.429s] -- Found rosidl_generator_cpp: 3.1.5 (/opt/ros/humble/share/rosidl_generator_cpp/cmake)
[3.465s] -- Using all available rosidl_typesupport_c: rosidl_typesupport_fastrtps_c;rosidl_typesupport_introspection_c
[3.513s] -- Using all available rosidl_typesupport_cpp: rosidl_typesupport_fastrtps_cpp;rosidl_typesupport_introspection_cpp
[3.917s] -- Found rclcpp: 16.0.9 (/opt/ros/humble/share/rclcpp/cmake)
[4.040s] -- Found rmw_implementation_cmake: 6.1.2 (/opt/ros/humble/share/rmw_implementation_cmake/cmake)
[4.042s] -- Found rmw_fastrtps_cpp: 6.2.6 (/opt/ros/humble/share/rmw_fastrtps_cpp/cmake)
[4.222s] -- Found OpenSSL: /usr/lib/x86_64-linux-gnu/libcrypto.so (found version "3.0.2")  
[4.268s] -- Found FastRTPS: /opt/ros/humble/include  
[4.354s] -- Using RMW implementation 'rmw_fastrtps_cpp' as default
[4.369s] -- Looking for pthread.h
[4.512s] -- Looking for pthread.h - found
[4.513s] -- Performing Test CMAKE_HAVE_LIBC_PTHREAD
[4.706s] -- Performing Test CMAKE_HAVE_LIBC_PTHREAD - Success
[4.711s] -- Found Threads: TRUE  
[5.042s] -- Found rclcpp_action: 16.0.9 (/opt/ros/humble/share/rclcpp_action/cmake)
[5.116s] -- Found ament_lint_auto: 0.12.11 (/opt/ros/humble/share/ament_lint_auto/cmake)
[5.355s] -- Added test 'copyright' to check source files copyright and LICENSE
[5.355s] -- Added test 'cppcheck' to perform static code analysis on C / C++ code
[5.358s] -- Configured cppcheck include dirs: 
[5.359s] -- Configured cppcheck exclude dirs and/or files: 
[5.362s] -- Added test 'cpplint' to check C / C++ code against the Google style
[5.363s] -- Configured cpplint exclude dirs and/or files: 
[5.375s] -- Added test 'lint_cmake' to check CMake code style
[5.375s] -- Added test 'uncrustify' to check C / C++ code style
[5.375s] -- Configured uncrustify additional arguments: 
[5.375s] -- Added test 'xmllint' to check XML markup files
[5.394s] -- Configuring done
[5.440s] -- Generating done
[5.446s] -- Build files have been written to: /home/robo/ros2_ws/build/examples_rclcpp_minimal_action_client
[5.494s] Invoked command in '/home/robo/ros2_ws/build/examples_rclcpp_minimal_action_client' returned '0': CMAKE_PREFIX_PATH=/opt/ros/humble /usr/bin/cmake /home/robo/ros2_ws/src/examples/rclcpp/actions/minimal_action_client -DAMENT_CMAKE_SYMLINK_INSTALL=1 -DCMAKE_INSTALL_PREFIX=/home/robo/ros2_ws/install/examples_rclcpp_minimal_action_client
[5.495s] Invoking command in '/home/robo/ros2_ws/build/examples_rclcpp_minimal_action_client': CMAKE_PREFIX_PATH=/opt/ros/humble /usr/bin/cmake --build /home/robo/ros2_ws/build/examples_rclcpp_minimal_action_client -- -j8 -l8
[28.814s] [ 25%] [32mBuilding CXX object CMakeFiles/action_client_not_composable_with_feedback.dir/not_composable_with_feedback.cpp.o[0m
[28.814s] [ 25%] [32mBuilding CXX object CMakeFiles/action_client_member_functions.dir/member_functions.cpp.o[0m
[28.815s] [ 37%] [32mBuilding CXX object CMakeFiles/action_client_not_composable_with_cancel.dir/not_composable_with_cancel.cpp.o[0m
[28.820s] [ 50%] [32mBuilding CXX object CMakeFiles/action_client_not_composable.dir/not_composable.cpp.o[0m
[28.822s] [ 62%] [32m[1mLinking CXX executable action_client_not_composable_with_cancel[0m
[28.822s] [ 62%] Built target action_client_not_composable_with_cancel
[28.823s] [ 75%] [32m[1mLinking CXX executable action_client_not_composable_with_feedback[0m
[28.824s] [ 75%] Built target action_client_not_composable_with_feedback
[29.791s] [ 87%] [32m[1mLinking CXX executable action_client_not_composable[0m
[30.363s] [ 87%] Built target action_client_not_composable
[30.380s] [100%] [32m[1mLinking CXX executable action_client_member_functions[0m
[30.904s] [100%] Built target action_client_member_functions
[30.938s] Invoked command in '/home/robo/ros2_ws/build/examples_rclcpp_minimal_action_client' returned '0': CMAKE_PREFIX_PATH=/opt/ros/humble /usr/bin/cmake --build /home/robo/ros2_ws/build/examples_rclcpp_minimal_action_client -- -j8 -l8
[31.083s] Invoking command in '/home/robo/ros2_ws/build/examples_rclcpp_minimal_action_client': CMAKE_PREFIX_PATH=/opt/ros/humble /usr/bin/cmake --install /home/robo/ros2_ws/build/examples_rclcpp_minimal_action_client
[31.629s] -- Install configuration: ""
[31.629s] -- Execute custom install script
[31.629s] -- Symlinking: /home/robo/ros2_ws/install/examples_rclcpp_minimal_action_client/lib/examples_rclcpp_minimal_action_client/action_client_member_functions
[31.629s] -- Symlinking: /home/robo/ros2_ws/install/examples_rclcpp_minimal_action_client/lib/examples_rclcpp_minimal_action_client/action_client_not_composable
[31.629s] -- Symlinking: /home/robo/ros2_ws/install/examples_rclcpp_minimal_action_client/lib/examples_rclcpp_minimal_action_client/action_client_not_composable_with_cancel
[31.630s] -- Symlinking: /home/robo/ros2_ws/install/examples_rclcpp_minimal_action_client/lib/examples_rclcpp_minimal_action_client/action_client_not_composable_with_feedback
[31.630s] -- Symlinking: /home/robo/ros2_ws/install/examples_rclcpp_minimal_action_client/share/ament_index/resource_index/package_run_dependencies/examples_rclcpp_minimal_action_client
[31.630s] -- Symlinking: /home/robo/ros2_ws/install/examples_rclcpp_minimal_action_client/share/ament_index/resource_index/parent_prefix_path/examples_rclcpp_minimal_action_client
[31.630s] -- Symlinking: /home/robo/ros2_ws/install/examples_rclcpp_minimal_action_client/share/examples_rclcpp_minimal_action_client/environment/ament_prefix_path.sh
[31.630s] -- Symlinking: /home/robo/ros2_ws/install/examples_rclcpp_minimal_action_client/share/examples_rclcpp_minimal_action_client/environment/ament_prefix_path.dsv
[31.630s] -- Symlinking: /home/robo/ros2_ws/install/examples_rclcpp_minimal_action_client/share/examples_rclcpp_minimal_action_client/environment/path.sh
[31.630s] -- Symlinking: /home/robo/ros2_ws/install/examples_rclcpp_minimal_action_client/share/examples_rclcpp_minimal_action_client/environment/path.dsv
[31.630s] -- Symlinking: /home/robo/ros2_ws/install/examples_rclcpp_minimal_action_client/share/examples_rclcpp_minimal_action_client/local_setup.bash
[31.630s] -- Symlinking: /home/robo/ros2_ws/install/examples_rclcpp_minimal_action_client/share/examples_rclcpp_minimal_action_client/local_setup.sh
[31.631s] -- Symlinking: /home/robo/ros2_ws/install/examples_rclcpp_minimal_action_client/share/examples_rclcpp_minimal_action_client/local_setup.zsh
[31.631s] -- Symlinking: /home/robo/ros2_ws/install/examples_rclcpp_minimal_action_client/share/examples_rclcpp_minimal_action_client/local_setup.dsv
[31.631s] -- Symlinking: /home/robo/ros2_ws/install/examples_rclcpp_minimal_action_client/share/examples_rclcpp_minimal_action_client/package.dsv
[31.631s] -- Symlinking: /home/robo/ros2_ws/install/examples_rclcpp_minimal_action_client/share/ament_index/resource_index/packages/examples_rclcpp_minimal_action_client
[31.631s] -- Symlinking: /home/robo/ros2_ws/install/examples_rclcpp_minimal_action_client/share/examples_rclcpp_minimal_action_client/cmake/examples_rclcpp_minimal_action_clientConfig.cmake
[31.631s] -- Symlinking: /home/robo/ros2_ws/install/examples_rclcpp_minimal_action_client/share/examples_rclcpp_minimal_action_client/cmake/examples_rclcpp_minimal_action_clientConfig-version.cmake
[31.631s] -- Symlinking: /home/robo/ros2_ws/install/examples_rclcpp_minimal_action_client/share/examples_rclcpp_minimal_action_client/package.xml
[31.674s] Invoked command in '/home/robo/ros2_ws/build/examples_rclcpp_minimal_action_client' returned '0': CMAKE_PREFIX_PATH=/opt/ros/humble /usr/bin/cmake --install /home/robo/ros2_ws/build/examples_rclcpp_minimal_action_client
