[2.194s] Invoking command in '/home/robo/ros2_ws/build/examples_rclpy_minimal_client': PYTHONPATH=/home/robo/ros2_ws/build/examples_rclpy_minimal_client/prefix_override:/usr/lib/python3/dist-packages/colcon_core/task/python/colcon_distutils_commands:/home/robo/ros2_ws/install/examples_rclpy_minimal_client/lib/python3.10/site-packages:${PYTHONPATH} /usr/bin/python3 -W ignore:setup.py install is deprecated setup.py develop --editable --build-directory /home/robo/ros2_ws/build/examples_rclpy_minimal_client/build --no-deps symlink_data
[2.961s] running develop
[2.961s] /home/robo/.local/lib/python3.10/site-packages/setuptools/command/develop.py:40: EasyInstallDeprecationWarning: easy_install command is deprecated.
[2.961s] !!
[2.961s] 
[2.962s]         ********************************************************************************
[2.962s]         Please avoid running ``setup.py`` and ``easy_install``.
[2.962s]         Instead, use pypa/build, pypa/installer or other
[2.962s]         standards-based tools.
[2.962s] 
[2.962s]         See https://github.com/pypa/setuptools/issues/917 for details.
[2.962s]         ********************************************************************************
[2.962s] 
[2.962s] !!
[2.963s]   easy_install.initialize_options(self)
[3.478s] running egg_info
[3.478s] creating examples_rclpy_minimal_client.egg-info
[3.513s] writing examples_rclpy_minimal_client.egg-info/PKG-INFO
[3.514s] writing dependency_links to examples_rclpy_minimal_client.egg-info/dependency_links.txt
[3.515s] writing entry points to examples_rclpy_minimal_client.egg-info/entry_points.txt
[3.515s] writing requirements to examples_rclpy_minimal_client.egg-info/requires.txt
[3.516s] writing top-level names to examples_rclpy_minimal_client.egg-info/top_level.txt
[3.516s] writing manifest file 'examples_rclpy_minimal_client.egg-info/SOURCES.txt'
[3.595s] reading manifest file 'examples_rclpy_minimal_client.egg-info/SOURCES.txt'
[3.597s] writing manifest file 'examples_rclpy_minimal_client.egg-info/SOURCES.txt'
[3.639s] running build_ext
[3.640s] Creating /home/robo/ros2_ws/install/examples_rclpy_minimal_client/lib/python3.10/site-packages/examples-rclpy-minimal-client.egg-link (link to .)
[3.644s] Installing client script to /home/robo/ros2_ws/install/examples_rclpy_minimal_client/lib/examples_rclpy_minimal_client
[3.644s] Installing client_async script to /home/robo/ros2_ws/install/examples_rclpy_minimal_client/lib/examples_rclpy_minimal_client
[3.644s] Installing client_async_callback script to /home/robo/ros2_ws/install/examples_rclpy_minimal_client/lib/examples_rclpy_minimal_client
[3.644s] Installing client_async_member_function script to /home/robo/ros2_ws/install/examples_rclpy_minimal_client/lib/examples_rclpy_minimal_client
[3.645s] 
[3.645s] Installed /home/robo/ros2_ws/build/examples_rclpy_minimal_client
[3.645s] running symlink_data
[3.645s] creating /home/robo/ros2_ws/install/examples_rclpy_minimal_client/share/ament_index
[3.645s] creating /home/robo/ros2_ws/install/examples_rclpy_minimal_client/share/ament_index/resource_index
[3.645s] creating /home/robo/ros2_ws/install/examples_rclpy_minimal_client/share/ament_index/resource_index/packages
[3.645s] symbolically linking /home/robo/ros2_ws/build/examples_rclpy_minimal_client/resource/examples_rclpy_minimal_client -> /home/robo/ros2_ws/install/examples_rclpy_minimal_client/share/ament_index/resource_index/packages
[3.647s] symbolically linking /home/robo/ros2_ws/build/examples_rclpy_minimal_client/package.xml -> /home/robo/ros2_ws/install/examples_rclpy_minimal_client/share/examples_rclpy_minimal_client
[3.756s] Invoked command in '/home/robo/ros2_ws/build/examples_rclpy_minimal_client' returned '0': PYTHONPATH=/home/robo/ros2_ws/build/examples_rclpy_minimal_client/prefix_override:/usr/lib/python3/dist-packages/colcon_core/task/python/colcon_distutils_commands:/home/robo/ros2_ws/install/examples_rclpy_minimal_client/lib/python3.10/site-packages:${PYTHONPATH} /usr/bin/python3 -W ignore:setup.py install is deprecated setup.py develop --editable --build-directory /home/robo/ros2_ws/build/examples_rclpy_minimal_client/build --no-deps symlink_data
