[0.057s] Invoking command in '/home/robo/ros2_ws/build/examples_rclcpp_wait_set': CMAKE_PREFIX_PATH=/opt/ros/humble /usr/bin/cmake --build /home/robo/ros2_ws/build/examples_rclcpp_wait_set -- -j8 -l8
[0.228s] [  8%] Built target talker
[0.234s] [ 16%] Built target wait_set_listener
[0.240s] [ 25%] Built target listener
[0.243s] [ 33%] Built target wait_set_topics_and_timer
[0.246s] [ 41%] Built target wait_set_talker
[0.248s] [ 50%] Built target thread_safe_wait_set
[0.249s] [ 58%] Built target wait_set
[0.253s] [ 66%] Built target static_wait_set
[0.276s] [ 75%] Built target wait_set_random_order
[0.276s] [ 87%] Built target executor_random_order
[0.277s] [ 91%] Built target wait_set_topics_with_different_rates
[0.286s] [100%] Built target wait_set_composed
[0.700s] Invoked command in '/home/robo/ros2_ws/build/examples_rclcpp_wait_set' returned '0': CMAKE_PREFIX_PATH=/opt/ros/humble /usr/bin/cmake --build /home/robo/ros2_ws/build/examples_rclcpp_wait_set -- -j8 -l8
[0.977s] Invoking command in '/home/robo/ros2_ws/build/examples_rclcpp_wait_set': CMAKE_PREFIX_PATH=/opt/ros/humble /usr/bin/cmake --install /home/robo/ros2_ws/build/examples_rclcpp_wait_set
[0.997s] -- Install configuration: ""
[0.997s] -- Execute custom install script
[0.997s] -- Up-to-date symlink: /home/robo/ros2_ws/install/examples_rclcpp_wait_set/lib/examples_rclcpp_wait_set/wait_set_talker
[0.997s] -- Up-to-date symlink: /home/robo/ros2_ws/install/examples_rclcpp_wait_set/lib/examples_rclcpp_wait_set/wait_set_listener
[0.997s] -- Up-to-date symlink: /home/robo/ros2_ws/install/examples_rclcpp_wait_set/lib/libtalker.so
[0.997s] -- Up-to-date symlink: /home/robo/ros2_ws/install/examples_rclcpp_wait_set/lib/liblistener.so
[0.997s] -- Up-to-date symlink: /home/robo/ros2_ws/install/examples_rclcpp_wait_set/lib/examples_rclcpp_wait_set/wait_set
[1.000s] -- Up-to-date symlink: /home/robo/ros2_ws/install/examples_rclcpp_wait_set/lib/examples_rclcpp_wait_set/static_wait_set
[1.000s] -- Up-to-date symlink: /home/robo/ros2_ws/install/examples_rclcpp_wait_set/lib/examples_rclcpp_wait_set/thread_safe_wait_set
[1.000s] -- Up-to-date symlink: /home/robo/ros2_ws/install/examples_rclcpp_wait_set/lib/examples_rclcpp_wait_set/wait_set_topics_and_timer
[1.000s] -- Up-to-date symlink: /home/robo/ros2_ws/install/examples_rclcpp_wait_set/lib/examples_rclcpp_wait_set/wait_set_random_order
[1.001s] -- Up-to-date symlink: /home/robo/ros2_ws/install/examples_rclcpp_wait_set/lib/examples_rclcpp_wait_set/executor_random_order
[1.001s] -- Up-to-date symlink: /home/robo/ros2_ws/install/examples_rclcpp_wait_set/lib/examples_rclcpp_wait_set/wait_set_topics_with_different_rates
[1.001s] -- Up-to-date symlink: /home/robo/ros2_ws/install/examples_rclcpp_wait_set/lib/examples_rclcpp_wait_set/wait_set_composed
[1.001s] -- Up-to-date symlink: /home/robo/ros2_ws/install/examples_rclcpp_wait_set/share/ament_index/resource_index/package_run_dependencies/examples_rclcpp_wait_set
[1.001s] -- Up-to-date symlink: /home/robo/ros2_ws/install/examples_rclcpp_wait_set/share/ament_index/resource_index/parent_prefix_path/examples_rclcpp_wait_set
[1.001s] -- Up-to-date symlink: /home/robo/ros2_ws/install/examples_rclcpp_wait_set/share/examples_rclcpp_wait_set/environment/ament_prefix_path.sh
[1.001s] -- Up-to-date symlink: /home/robo/ros2_ws/install/examples_rclcpp_wait_set/share/examples_rclcpp_wait_set/environment/ament_prefix_path.dsv
[1.001s] -- Up-to-date symlink: /home/robo/ros2_ws/install/examples_rclcpp_wait_set/share/examples_rclcpp_wait_set/environment/path.sh
[1.001s] -- Up-to-date symlink: /home/robo/ros2_ws/install/examples_rclcpp_wait_set/share/examples_rclcpp_wait_set/environment/path.dsv
[1.001s] -- Up-to-date symlink: /home/robo/ros2_ws/install/examples_rclcpp_wait_set/share/examples_rclcpp_wait_set/local_setup.bash
[1.002s] -- Up-to-date symlink: /home/robo/ros2_ws/install/examples_rclcpp_wait_set/share/examples_rclcpp_wait_set/local_setup.sh
[1.002s] -- Up-to-date symlink: /home/robo/ros2_ws/install/examples_rclcpp_wait_set/share/examples_rclcpp_wait_set/local_setup.zsh
[1.002s] -- Up-to-date symlink: /home/robo/ros2_ws/install/examples_rclcpp_wait_set/share/examples_rclcpp_wait_set/local_setup.dsv
[1.002s] -- Symlinking: /home/robo/ros2_ws/install/examples_rclcpp_wait_set/share/examples_rclcpp_wait_set/package.dsv
[1.004s] -- Up-to-date symlink: /home/robo/ros2_ws/install/examples_rclcpp_wait_set/share/ament_index/resource_index/packages/examples_rclcpp_wait_set
[1.004s] -- Up-to-date symlink: /home/robo/ros2_ws/install/examples_rclcpp_wait_set/share/ament_index/resource_index/rclcpp_components/examples_rclcpp_wait_set
[1.004s] -- Up-to-date symlink: /home/robo/ros2_ws/install/examples_rclcpp_wait_set/share/examples_rclcpp_wait_set/cmake/examples_rclcpp_wait_setConfig.cmake
[1.004s] -- Up-to-date symlink: /home/robo/ros2_ws/install/examples_rclcpp_wait_set/share/examples_rclcpp_wait_set/cmake/examples_rclcpp_wait_setConfig-version.cmake
[1.004s] -- Up-to-date symlink: /home/robo/ros2_ws/install/examples_rclcpp_wait_set/share/examples_rclcpp_wait_set/package.xml
[1.052s] Invoked command in '/home/robo/ros2_ws/build/examples_rclcpp_wait_set' returned '0': CMAKE_PREFIX_PATH=/opt/ros/humble /usr/bin/cmake --install /home/robo/ros2_ws/build/examples_rclcpp_wait_set
