[1.644s] Invoking command in '/home/robo/ros2_ws/build/examples_rclpy_executors': PYTHONPATH=/home/robo/ros2_ws/build/examples_rclpy_executors/prefix_override:/usr/lib/python3/dist-packages/colcon_core/task/python/colcon_distutils_commands:/home/robo/ros2_ws/install/examples_rclpy_executors/lib/python3.10/site-packages:${PYTHONPATH} /usr/bin/python3 -W ignore:setup.py install is deprecated setup.py develop --uninstall --editable --build-directory /home/robo/ros2_ws/build/examples_rclpy_executors/build
[2.383s] running develop
[2.383s] /home/robo/.local/lib/python3.10/site-packages/setuptools/command/develop.py:40: EasyInstallDeprecationWarning: easy_install command is deprecated.
[2.383s] !!
[2.383s] 
[2.384s]         ********************************************************************************
[2.384s]         Please avoid running ``setup.py`` and ``easy_install``.
[2.384s]         Instead, use pypa/build, pypa/installer or other
[2.384s]         standards-based tools.
[2.384s] 
[2.384s]         See https://github.com/pypa/setuptools/issues/917 for details.
[2.384s]         ********************************************************************************
[2.384s] 
[2.384s] !!
[2.384s]   easy_install.initialize_options(self)
[2.812s] Removing /home/robo/ros2_ws/install/examples_rclpy_executors/lib/python3.10/site-packages/examples-rclpy-executors.egg-link (link to .)
[2.985s] Invoked command in '/home/robo/ros2_ws/build/examples_rclpy_executors' returned '0': PYTHONPATH=/home/robo/ros2_ws/build/examples_rclpy_executors/prefix_override:/usr/lib/python3/dist-packages/colcon_core/task/python/colcon_distutils_commands:/home/robo/ros2_ws/install/examples_rclpy_executors/lib/python3.10/site-packages:${PYTHONPATH} /usr/bin/python3 -W ignore:setup.py install is deprecated setup.py develop --uninstall --editable --build-directory /home/robo/ros2_ws/build/examples_rclpy_executors/build
[2.988s] Invoking command in '/home/robo/ros2_ws/src/examples/rclpy/executors': PYTHONPATH=/home/robo/ros2_ws/build/examples_rclpy_executors/prefix_override:/usr/lib/python3/dist-packages/colcon_core/task/python/colcon_distutils_commands:/home/robo/ros2_ws/install/examples_rclpy_executors/lib/python3.10/site-packages:${PYTHONPATH} /usr/bin/python3 -W ignore:setup.py install is deprecated setup.py egg_info --egg-base ../../../../build/examples_rclpy_executors build --build-base /home/robo/ros2_ws/build/examples_rclpy_executors/build install --record /home/robo/ros2_ws/build/examples_rclpy_executors/install.log --single-version-externally-managed install_data --force
[3.549s] running egg_info
[3.588s] writing ../../../../build/examples_rclpy_executors/examples_rclpy_executors.egg-info/PKG-INFO
[3.588s] writing dependency_links to ../../../../build/examples_rclpy_executors/examples_rclpy_executors.egg-info/dependency_links.txt
[3.588s] writing entry points to ../../../../build/examples_rclpy_executors/examples_rclpy_executors.egg-info/entry_points.txt
[3.589s] writing requirements to ../../../../build/examples_rclpy_executors/examples_rclpy_executors.egg-info/requires.txt
[3.589s] writing top-level names to ../../../../build/examples_rclpy_executors/examples_rclpy_executors.egg-info/top_level.txt
[3.671s] reading manifest file '../../../../build/examples_rclpy_executors/examples_rclpy_executors.egg-info/SOURCES.txt'
[3.671s] writing manifest file '../../../../build/examples_rclpy_executors/examples_rclpy_executors.egg-info/SOURCES.txt'
[3.673s] running build
[3.673s] running build_py
[3.673s] creating /home/robo/ros2_ws/build/examples_rclpy_executors/build
[3.673s] creating /home/robo/ros2_ws/build/examples_rclpy_executors/build/lib
[3.673s] creating /home/robo/ros2_ws/build/examples_rclpy_executors/build/lib/examples_rclpy_executors
[3.673s] copying examples_rclpy_executors/callback_group.py -> /home/robo/ros2_ws/build/examples_rclpy_executors/build/lib/examples_rclpy_executors
[3.674s] copying examples_rclpy_executors/custom_executor.py -> /home/robo/ros2_ws/build/examples_rclpy_executors/build/lib/examples_rclpy_executors
[3.674s] copying examples_rclpy_executors/composed.py -> /home/robo/ros2_ws/build/examples_rclpy_executors/build/lib/examples_rclpy_executors
[3.674s] copying examples_rclpy_executors/custom_callback_group.py -> /home/robo/ros2_ws/build/examples_rclpy_executors/build/lib/examples_rclpy_executors
[3.674s] copying examples_rclpy_executors/listener.py -> /home/robo/ros2_ws/build/examples_rclpy_executors/build/lib/examples_rclpy_executors
[3.674s] copying examples_rclpy_executors/__init__.py -> /home/robo/ros2_ws/build/examples_rclpy_executors/build/lib/examples_rclpy_executors
[3.674s] copying examples_rclpy_executors/talker.py -> /home/robo/ros2_ws/build/examples_rclpy_executors/build/lib/examples_rclpy_executors
[3.674s] running install
[3.687s] running install_lib
[3.725s] creating /home/robo/ros2_ws/install/examples_rclpy_executors/lib/python3.10/site-packages/examples_rclpy_executors
[3.727s] copying /home/robo/ros2_ws/build/examples_rclpy_executors/build/lib/examples_rclpy_executors/callback_group.py -> /home/robo/ros2_ws/install/examples_rclpy_executors/lib/python3.10/site-packages/examples_rclpy_executors
[3.727s] copying /home/robo/ros2_ws/build/examples_rclpy_executors/build/lib/examples_rclpy_executors/custom_executor.py -> /home/robo/ros2_ws/install/examples_rclpy_executors/lib/python3.10/site-packages/examples_rclpy_executors
[3.727s] copying /home/robo/ros2_ws/build/examples_rclpy_executors/build/lib/examples_rclpy_executors/composed.py -> /home/robo/ros2_ws/install/examples_rclpy_executors/lib/python3.10/site-packages/examples_rclpy_executors
[3.729s] copying /home/robo/ros2_ws/build/examples_rclpy_executors/build/lib/examples_rclpy_executors/custom_callback_group.py -> /home/robo/ros2_ws/install/examples_rclpy_executors/lib/python3.10/site-packages/examples_rclpy_executors
[3.730s] copying /home/robo/ros2_ws/build/examples_rclpy_executors/build/lib/examples_rclpy_executors/listener.py -> /home/robo/ros2_ws/install/examples_rclpy_executors/lib/python3.10/site-packages/examples_rclpy_executors
[3.730s] copying /home/robo/ros2_ws/build/examples_rclpy_executors/build/lib/examples_rclpy_executors/__init__.py -> /home/robo/ros2_ws/install/examples_rclpy_executors/lib/python3.10/site-packages/examples_rclpy_executors
[3.730s] copying /home/robo/ros2_ws/build/examples_rclpy_executors/build/lib/examples_rclpy_executors/talker.py -> /home/robo/ros2_ws/install/examples_rclpy_executors/lib/python3.10/site-packages/examples_rclpy_executors
[3.730s] byte-compiling /home/robo/ros2_ws/install/examples_rclpy_executors/lib/python3.10/site-packages/examples_rclpy_executors/callback_group.py to callback_group.cpython-310.pyc
[3.730s] byte-compiling /home/robo/ros2_ws/install/examples_rclpy_executors/lib/python3.10/site-packages/examples_rclpy_executors/custom_executor.py to custom_executor.cpython-310.pyc
[3.730s] byte-compiling /home/robo/ros2_ws/install/examples_rclpy_executors/lib/python3.10/site-packages/examples_rclpy_executors/composed.py to composed.cpython-310.pyc
[3.735s] byte-compiling /home/robo/ros2_ws/install/examples_rclpy_executors/lib/python3.10/site-packages/examples_rclpy_executors/custom_callback_group.py to custom_callback_group.cpython-310.pyc
[3.735s] byte-compiling /home/robo/ros2_ws/install/examples_rclpy_executors/lib/python3.10/site-packages/examples_rclpy_executors/listener.py to listener.cpython-310.pyc
[3.735s] byte-compiling /home/robo/ros2_ws/install/examples_rclpy_executors/lib/python3.10/site-packages/examples_rclpy_executors/__init__.py to __init__.cpython-310.pyc
[3.735s] byte-compiling /home/robo/ros2_ws/install/examples_rclpy_executors/lib/python3.10/site-packages/examples_rclpy_executors/talker.py to talker.cpython-310.pyc
[3.735s] running install_data
[3.735s] copying resource/examples_rclpy_executors -> /home/robo/ros2_ws/install/examples_rclpy_executors/share/ament_index/resource_index/packages
[3.735s] copying package.xml -> /home/robo/ros2_ws/install/examples_rclpy_executors/share/examples_rclpy_executors
[3.736s] running install_egg_info
[3.776s] Copying ../../../../build/examples_rclpy_executors/examples_rclpy_executors.egg-info to /home/robo/ros2_ws/install/examples_rclpy_executors/lib/python3.10/site-packages/examples_rclpy_executors-0.15.2-py3.10.egg-info
[3.777s] running install_scripts
[4.134s] Installing callback_group script to /home/robo/ros2_ws/install/examples_rclpy_executors/lib/examples_rclpy_executors
[4.134s] Installing composed script to /home/robo/ros2_ws/install/examples_rclpy_executors/lib/examples_rclpy_executors
[4.135s] Installing custom_callback_group script to /home/robo/ros2_ws/install/examples_rclpy_executors/lib/examples_rclpy_executors
[4.135s] Installing custom_executor script to /home/robo/ros2_ws/install/examples_rclpy_executors/lib/examples_rclpy_executors
[4.135s] Installing listener script to /home/robo/ros2_ws/install/examples_rclpy_executors/lib/examples_rclpy_executors
[4.136s] Installing talker script to /home/robo/ros2_ws/install/examples_rclpy_executors/lib/examples_rclpy_executors
[4.136s] writing list of installed files to '/home/robo/ros2_ws/build/examples_rclpy_executors/install.log'
[4.203s] Invoked command in '/home/robo/ros2_ws/src/examples/rclpy/executors' returned '0': PYTHONPATH=/home/robo/ros2_ws/build/examples_rclpy_executors/prefix_override:/usr/lib/python3/dist-packages/colcon_core/task/python/colcon_distutils_commands:/home/robo/ros2_ws/install/examples_rclpy_executors/lib/python3.10/site-packages:${PYTHONPATH} /usr/bin/python3 -W ignore:setup.py install is deprecated setup.py egg_info --egg-base ../../../../build/examples_rclpy_executors build --build-base /home/robo/ros2_ws/build/examples_rclpy_executors/build install --record /home/robo/ros2_ws/build/examples_rclpy_executors/install.log --single-version-externally-managed install_data --force
