running develop
running egg_info
creating examples_rclpy_minimal_publisher.egg-info
/home/robo/.local/lib/python3.10/site-packages/setuptools/command/develop.py:40: EasyInstallDeprecationWarning: easy_install command is deprecated.
!!

        ********************************************************************************
        Please avoid running ``setup.py`` and ``easy_install``.
        Instead, use pypa/build, pypa/installer or other
        standards-based tools.

        See https://github.com/pypa/setuptools/issues/917 for details.
        ********************************************************************************

!!
  easy_install.initialize_options(self)
writing examples_rclpy_minimal_publisher.egg-info/PKG-INFO
writing dependency_links to examples_rclpy_minimal_publisher.egg-info/dependency_links.txt
writing entry points to examples_rclpy_minimal_publisher.egg-info/entry_points.txt
writing requirements to examples_rclpy_minimal_publisher.egg-info/requires.txt
writing top-level names to examples_rclpy_minimal_publisher.egg-info/top_level.txt
writing manifest file 'examples_rclpy_minimal_publisher.egg-info/SOURCES.txt'
reading manifest file 'examples_rclpy_minimal_publisher.egg-info/SOURCES.txt'
writing manifest file 'examples_rclpy_minimal_publisher.egg-info/SOURCES.txt'
running build_ext
Creating /home/robo/ros2_ws/install/examples_rclpy_minimal_publisher/lib/python3.10/site-packages/examples-rclpy-minimal-publisher.egg-link (link to .)
Installing publisher_local_function script to /home/robo/ros2_ws/install/examples_rclpy_minimal_publisher/lib/examples_rclpy_minimal_publisher
Installing publisher_member_function script to /home/robo/ros2_ws/install/examples_rclpy_minimal_publisher/lib/examples_rclpy_minimal_publisher
Installing publisher_old_school script to /home/robo/ros2_ws/install/examples_rclpy_minimal_publisher/lib/examples_rclpy_minimal_publisher

Installed /home/robo/ros2_ws/build/examples_rclpy_minimal_publisher
running symlink_data
creating /home/robo/ros2_ws/install/examples_rclpy_minimal_publisher/share/ament_index
creating /home/robo/ros2_ws/install/examples_rclpy_minimal_publisher/share/ament_index/resource_index
creating /home/robo/ros2_ws/install/examples_rclpy_minimal_publisher/share/ament_index/resource_index/packages
symbolically linking /home/robo/ros2_ws/build/examples_rclpy_minimal_publisher/resource/examples_rclpy_minimal_publisher -> /home/robo/ros2_ws/install/examples_rclpy_minimal_publisher/share/ament_index/resource_index/packages
symbolically linking /home/robo/ros2_ws/build/examples_rclpy_minimal_publisher/package.xml -> /home/robo/ros2_ws/install/examples_rclpy_minimal_publisher/share/examples_rclpy_minimal_publisher
