[2.272s] Invoking command in '/home/robo/ros2_ws/build/examples_rclpy_minimal_publisher': PYTHONPATH=/home/robo/ros2_ws/build/examples_rclpy_minimal_publisher/prefix_override:/usr/lib/python3/dist-packages/colcon_core/task/python/colcon_distutils_commands:/home/robo/ros2_ws/install/examples_rclpy_minimal_publisher/lib/python3.10/site-packages:${PYTHONPATH} /usr/bin/python3 -W ignore:setup.py install is deprecated setup.py develop --editable --build-directory /home/robo/ros2_ws/build/examples_rclpy_minimal_publisher/build --no-deps symlink_data
[3.741s] running develop
[3.741s] running egg_info
[3.741s] creating examples_rclpy_minimal_publisher.egg-info
[3.742s] /home/robo/.local/lib/python3.10/site-packages/setuptools/command/develop.py:40: EasyInstallDeprecationWarning: easy_install command is deprecated.
[3.742s] !!
[3.742s] 
[3.743s]         ********************************************************************************
[3.743s]         Please avoid running ``setup.py`` and ``easy_install``.
[3.743s]         Instead, use pypa/build, pypa/installer or other
[3.743s]         standards-based tools.
[3.743s] 
[3.743s]         See https://github.com/pypa/setuptools/issues/917 for details.
[3.743s]         ********************************************************************************
[3.743s] 
[3.743s] !!
[3.744s]   easy_install.initialize_options(self)
[3.758s] writing examples_rclpy_minimal_publisher.egg-info/PKG-INFO
[3.760s] writing dependency_links to examples_rclpy_minimal_publisher.egg-info/dependency_links.txt
[3.760s] writing entry points to examples_rclpy_minimal_publisher.egg-info/entry_points.txt
[3.760s] writing requirements to examples_rclpy_minimal_publisher.egg-info/requires.txt
[3.761s] writing top-level names to examples_rclpy_minimal_publisher.egg-info/top_level.txt
[3.761s] writing manifest file 'examples_rclpy_minimal_publisher.egg-info/SOURCES.txt'
[3.852s] reading manifest file 'examples_rclpy_minimal_publisher.egg-info/SOURCES.txt'
[3.853s] writing manifest file 'examples_rclpy_minimal_publisher.egg-info/SOURCES.txt'
[3.905s] running build_ext
[3.905s] Creating /home/robo/ros2_ws/install/examples_rclpy_minimal_publisher/lib/python3.10/site-packages/examples-rclpy-minimal-publisher.egg-link (link to .)
[3.907s] Installing publisher_local_function script to /home/robo/ros2_ws/install/examples_rclpy_minimal_publisher/lib/examples_rclpy_minimal_publisher
[3.907s] Installing publisher_member_function script to /home/robo/ros2_ws/install/examples_rclpy_minimal_publisher/lib/examples_rclpy_minimal_publisher
[3.908s] Installing publisher_old_school script to /home/robo/ros2_ws/install/examples_rclpy_minimal_publisher/lib/examples_rclpy_minimal_publisher
[3.908s] 
[3.908s] Installed /home/robo/ros2_ws/build/examples_rclpy_minimal_publisher
[3.909s] running symlink_data
[3.909s] creating /home/robo/ros2_ws/install/examples_rclpy_minimal_publisher/share/ament_index
[3.909s] creating /home/robo/ros2_ws/install/examples_rclpy_minimal_publisher/share/ament_index/resource_index
[3.909s] creating /home/robo/ros2_ws/install/examples_rclpy_minimal_publisher/share/ament_index/resource_index/packages
[3.909s] symbolically linking /home/robo/ros2_ws/build/examples_rclpy_minimal_publisher/resource/examples_rclpy_minimal_publisher -> /home/robo/ros2_ws/install/examples_rclpy_minimal_publisher/share/ament_index/resource_index/packages
[3.910s] symbolically linking /home/robo/ros2_ws/build/examples_rclpy_minimal_publisher/package.xml -> /home/robo/ros2_ws/install/examples_rclpy_minimal_publisher/share/examples_rclpy_minimal_publisher
[4.187s] Invoked command in '/home/robo/ros2_ws/build/examples_rclpy_minimal_publisher' returned '0': PYTHONPATH=/home/robo/ros2_ws/build/examples_rclpy_minimal_publisher/prefix_override:/usr/lib/python3/dist-packages/colcon_core/task/python/colcon_distutils_commands:/home/robo/ros2_ws/install/examples_rclpy_minimal_publisher/lib/python3.10/site-packages:${PYTHONPATH} /usr/bin/python3 -W ignore:setup.py install is deprecated setup.py develop --editable --build-directory /home/robo/ros2_ws/build/examples_rclpy_minimal_publisher/build --no-deps symlink_data
