[0.011s] Invoking command in '/home/robo/ros2_ws/build/cpp_srvcli': CMAKE_PREFIX_PATH=${CMAKE_PREFIX_PATH}:/home/robo/ros2_ws/install/py_pubsub:/home/robo/ros2_ws/install/launch_testing_examples:/home/robo/ros2_ws/install/examples_rclpy_pointcloud_publisher:/home/robo/ros2_ws/install/examples_rclpy_minimal_subscriber:/home/robo/ros2_ws/install/examples_rclpy_minimal_service:/home/robo/ros2_ws/install/examples_rclpy_minimal_publisher:/home/robo/ros2_ws/install/examples_rclpy_minimal_client:/home/robo/ros2_ws/install/examples_rclpy_minimal_action_server:/home/robo/ros2_ws/install/examples_rclpy_minimal_action_client:/home/robo/ros2_ws/install/examples_rclpy_guard_conditions:/home/robo/ros2_ws/install/examples_rclpy_executors:/opt/ros/humble /usr/bin/cmake /home/robo/ros2_ws/src/cpp_srvcli -DCMAKE_INSTALL_PREFIX=/home/robo/ros2_ws/install/cpp_srvcli
[0.078s] -- The C compiler identification is GNU 11.4.0
[0.140s] -- The CXX compiler identification is GNU 11.4.0
[0.148s] -- Detecting C compiler ABI info
[0.232s] -- Detecting C compiler ABI info - done
[0.241s] -- Check for working C compiler: /usr/bin/cc - skipped
[0.241s] -- Detecting C compile features
[0.242s] -- Detecting C compile features - done
[0.245s] -- Detecting CXX compiler ABI info
[0.336s] -- Detecting CXX compiler ABI info - done
[0.345s] -- Check for working CXX compiler: /usr/bin/c++ - skipped
[0.346s] -- Detecting CXX compile features
[0.346s] -- Detecting CXX compile features - done
[0.352s] -- Found ament_cmake: 1.3.9 (/opt/ros/humble/share/ament_cmake/cmake)
[0.860s] -- Found Python3: /usr/bin/python3 (found version "3.10.12") found components: Interpreter 
[1.019s] -- Found rclcpp: 16.0.9 (/opt/ros/humble/share/rclcpp/cmake)
[1.100s] -- Found rosidl_generator_c: 3.1.5 (/opt/ros/humble/share/rosidl_generator_c/cmake)
[1.111s] -- Found rosidl_adapter: 3.1.5 (/opt/ros/humble/share/rosidl_adapter/cmake)
[1.125s] -- Found rosidl_generator_cpp: 3.1.5 (/opt/ros/humble/share/rosidl_generator_cpp/cmake)
[1.148s] -- Using all available rosidl_typesupport_c: rosidl_typesupport_fastrtps_c;rosidl_typesupport_introspection_c
[1.181s] -- Using all available rosidl_typesupport_cpp: rosidl_typesupport_fastrtps_cpp;rosidl_typesupport_introspection_cpp
[1.292s] -- Found rmw_implementation_cmake: 6.1.2 (/opt/ros/humble/share/rmw_implementation_cmake/cmake)
[1.298s] -- Found rmw_fastrtps_cpp: 6.2.6 (/opt/ros/humble/share/rmw_fastrtps_cpp/cmake)
[1.431s] -- Found OpenSSL: /usr/lib/x86_64-linux-gnu/libcrypto.so (found version "3.0.2")  
[1.463s] -- Found FastRTPS: /opt/ros/humble/include  
[1.522s] -- Using RMW implementation 'rmw_fastrtps_cpp' as default
[1.540s] -- Looking for pthread.h
[1.626s] -- Looking for pthread.h - found
[1.626s] -- Performing Test CMAKE_HAVE_LIBC_PTHREAD
[1.711s] -- Performing Test CMAKE_HAVE_LIBC_PTHREAD - Success
[1.712s] -- Found Threads: TRUE  
[1.926s] -- Found example_interfaces: 0.9.3 (/opt/ros/humble/share/example_interfaces/cmake)
[2.193s] -- Configuring done
[2.196s] [31mCMake Error at CMakeLists.txt:8 (add_executable):
[2.196s]   Cannot find source file:
[2.196s] 
[2.196s]     src/add_two_ints_server.cpp
[2.196s] 
[2.197s]   Tried extensions .c .C .c++ .cc .cpp .cxx .cu .mpp .m .M .mm .ixx .cppm .h
[2.197s]   .hh .h++ .hm .hpp .hxx .in .txx .f .F .for .f77 .f90 .f95 .f03 .hip .ispc
[2.197s] 
[2.197s] [0m
[2.197s] [31mCMake Error at CMakeLists.txt:11 (add_executable):
[2.197s]   Cannot find source file:
[2.198s] 
[2.198s]     src/add_two_ints_client.cpp
[2.198s] 
[2.198s]   Tried extensions .c .C .c++ .cc .cpp .cxx .cu .mpp .m .M .mm .ixx .cppm .h
[2.198s]   .hh .h++ .hm .hpp .hxx .in .txx .f .F .for .f77 .f90 .f95 .f03 .hip .ispc
[2.198s] 
[2.199s] [0m
[2.199s] [31mCMake Error at CMakeLists.txt:8 (add_executable):
[2.199s]   No SOURCES given to target: server
[2.199s] 
[2.199s] [0m
[2.199s] [31mCMake Error at CMakeLists.txt:11 (add_executable):
[2.199s]   No SOURCES given to target: client
[2.199s] 
[2.199s] [0m
[2.200s] [0mCMake Generate step failed.  Build files cannot be regenerated correctly.[0m
[2.209s] Invoked command in '/home/robo/ros2_ws/build/cpp_srvcli' returned '1': CMAKE_PREFIX_PATH=${CMAKE_PREFIX_PATH}:/home/robo/ros2_ws/install/py_pubsub:/home/robo/ros2_ws/install/launch_testing_examples:/home/robo/ros2_ws/install/examples_rclpy_pointcloud_publisher:/home/robo/ros2_ws/install/examples_rclpy_minimal_subscriber:/home/robo/ros2_ws/install/examples_rclpy_minimal_service:/home/robo/ros2_ws/install/examples_rclpy_minimal_publisher:/home/robo/ros2_ws/install/examples_rclpy_minimal_client:/home/robo/ros2_ws/install/examples_rclpy_minimal_action_server:/home/robo/ros2_ws/install/examples_rclpy_minimal_action_client:/home/robo/ros2_ws/install/examples_rclpy_guard_conditions:/home/robo/ros2_ws/install/examples_rclpy_executors:/opt/ros/humble /usr/bin/cmake /home/robo/ros2_ws/src/cpp_srvcli -DCMAKE_INSTALL_PREFIX=/home/robo/ros2_ws/install/cpp_srvcli
