[0.033s] Invoking command in '/home/robo/ros2_ws/build/examples_rclcpp_minimal_client': CMAKE_PREFIX_PATH=/opt/ros/humble /usr/bin/cmake /home/robo/ros2_ws/src/examples/rclcpp/services/minimal_client -DAMENT_CMAKE_SYMLINK_INSTALL=1 -DCMAKE_INSTALL_PREFIX=/home/robo/ros2_ws/install/examples_rclcpp_minimal_client
[1.059s] -- The C compiler identification is GNU 11.4.0
[1.711s] -- The CXX compiler identification is GNU 11.4.0
[1.725s] -- Detecting C compiler ABI info
[1.987s] -- Detecting C compiler ABI info - done
[2.005s] -- Check for working C compiler: /usr/bin/cc - skipped
[2.005s] -- Detecting C compile features
[2.006s] -- Detecting C compile features - done
[2.014s] -- Detecting CXX compiler ABI info
[2.185s] -- Detecting CXX compiler ABI info - done
[2.201s] -- Check for working CXX compiler: /usr/bin/c++ - skipped
[2.205s] -- Detecting CXX compile features
[2.205s] -- Detecting CXX compile features - done
[2.224s] -- Found ament_cmake: 1.3.9 (/opt/ros/humble/share/ament_cmake/cmake)
[3.126s] -- Found Python3: /usr/bin/python3 (found version "3.10.12") found components: Interpreter 
[3.247s] -- Override CMake install command with custom implementation using symlinks instead of copying resources
[3.287s] -- Found example_interfaces: 0.9.3 (/opt/ros/humble/share/example_interfaces/cmake)
[3.385s] -- Found rosidl_generator_c: 3.1.5 (/opt/ros/humble/share/rosidl_generator_c/cmake)
[3.397s] -- Found rosidl_adapter: 3.1.5 (/opt/ros/humble/share/rosidl_adapter/cmake)
[3.421s] -- Found rosidl_generator_cpp: 3.1.5 (/opt/ros/humble/share/rosidl_generator_cpp/cmake)
[3.456s] -- Using all available rosidl_typesupport_c: rosidl_typesupport_fastrtps_c;rosidl_typesupport_introspection_c
[3.506s] -- Using all available rosidl_typesupport_cpp: rosidl_typesupport_fastrtps_cpp;rosidl_typesupport_introspection_cpp
[3.910s] -- Found rclcpp: 16.0.9 (/opt/ros/humble/share/rclcpp/cmake)
[4.024s] -- Found rmw_implementation_cmake: 6.1.2 (/opt/ros/humble/share/rmw_implementation_cmake/cmake)
[4.025s] -- Found rmw_fastrtps_cpp: 6.2.6 (/opt/ros/humble/share/rmw_fastrtps_cpp/cmake)
[4.192s] -- Found OpenSSL: /usr/lib/x86_64-linux-gnu/libcrypto.so (found version "3.0.2")  
[4.244s] -- Found FastRTPS: /opt/ros/humble/include  
[4.334s] -- Using RMW implementation 'rmw_fastrtps_cpp' as default
[4.352s] -- Looking for pthread.h
[4.489s] -- Looking for pthread.h - found
[4.489s] -- Performing Test CMAKE_HAVE_LIBC_PTHREAD
[4.642s] -- Performing Test CMAKE_HAVE_LIBC_PTHREAD - Success
[4.649s] -- Found Threads: TRUE  
[5.012s] -- Found ament_lint_auto: 0.12.11 (/opt/ros/humble/share/ament_lint_auto/cmake)
[5.192s] -- Added test 'copyright' to check source files copyright and LICENSE
[5.194s] -- Added test 'cppcheck' to perform static code analysis on C / C++ code
[5.194s] -- Configured cppcheck include dirs: 
[5.194s] -- Configured cppcheck exclude dirs and/or files: 
[5.197s] -- Added test 'cpplint' to check C / C++ code against the Google style
[5.197s] -- Configured cpplint exclude dirs and/or files: 
[5.197s] -- Added test 'lint_cmake' to check CMake code style
[5.197s] -- Added test 'uncrustify' to check C / C++ code style
[5.197s] -- Configured uncrustify additional arguments: 
[5.198s] -- Added test 'xmllint' to check XML markup files
[5.201s] -- Configuring done
[5.225s] -- Generating done
[5.227s] -- Build files have been written to: /home/robo/ros2_ws/build/examples_rclcpp_minimal_client
[5.304s] Invoked command in '/home/robo/ros2_ws/build/examples_rclcpp_minimal_client' returned '0': CMAKE_PREFIX_PATH=/opt/ros/humble /usr/bin/cmake /home/robo/ros2_ws/src/examples/rclcpp/services/minimal_client -DAMENT_CMAKE_SYMLINK_INSTALL=1 -DCMAKE_INSTALL_PREFIX=/home/robo/ros2_ws/install/examples_rclcpp_minimal_client
[5.316s] Invoking command in '/home/robo/ros2_ws/build/examples_rclcpp_minimal_client': CMAKE_PREFIX_PATH=/opt/ros/humble /usr/bin/cmake --build /home/robo/ros2_ws/build/examples_rclcpp_minimal_client -- -j8 -l8
[5.494s] [ 50%] [32mBuilding CXX object CMakeFiles/client_main.dir/main.cpp.o[0m
[28.456s] [100%] [32m[1mLinking CXX executable client_main[0m
[29.099s] [100%] Built target client_main
[29.242s] Invoked command in '/home/robo/ros2_ws/build/examples_rclcpp_minimal_client' returned '0': CMAKE_PREFIX_PATH=/opt/ros/humble /usr/bin/cmake --build /home/robo/ros2_ws/build/examples_rclcpp_minimal_client -- -j8 -l8
[29.398s] Invoking command in '/home/robo/ros2_ws/build/examples_rclcpp_minimal_client': CMAKE_PREFIX_PATH=/opt/ros/humble /usr/bin/cmake --install /home/robo/ros2_ws/build/examples_rclcpp_minimal_client
[29.508s] -- Install configuration: ""
[29.509s] -- Execute custom install script
[29.509s] -- Symlinking: /home/robo/ros2_ws/install/examples_rclcpp_minimal_client/lib/examples_rclcpp_minimal_client/client_main
[29.509s] -- Symlinking: /home/robo/ros2_ws/install/examples_rclcpp_minimal_client/share/ament_index/resource_index/package_run_dependencies/examples_rclcpp_minimal_client
[29.509s] -- Symlinking: /home/robo/ros2_ws/install/examples_rclcpp_minimal_client/share/ament_index/resource_index/parent_prefix_path/examples_rclcpp_minimal_client
[29.540s] -- Symlinking: /home/robo/ros2_ws/install/examples_rclcpp_minimal_client/share/examples_rclcpp_minimal_client/environment/ament_prefix_path.sh
[29.566s] -- Symlinking: /home/robo/ros2_ws/install/examples_rclcpp_minimal_client/share/examples_rclcpp_minimal_client/environment/ament_prefix_path.dsv
[29.603s] -- Symlinking: /home/robo/ros2_ws/install/examples_rclcpp_minimal_client/share/examples_rclcpp_minimal_client/environment/path.sh
[29.641s] -- Symlinking: /home/robo/ros2_ws/install/examples_rclcpp_minimal_client/share/examples_rclcpp_minimal_client/environment/path.dsv
[29.679s] -- Symlinking: /home/robo/ros2_ws/install/examples_rclcpp_minimal_client/share/examples_rclcpp_minimal_client/local_setup.bash
[29.719s] -- Symlinking: /home/robo/ros2_ws/install/examples_rclcpp_minimal_client/share/examples_rclcpp_minimal_client/local_setup.sh
[29.746s] -- Symlinking: /home/robo/ros2_ws/install/examples_rclcpp_minimal_client/share/examples_rclcpp_minimal_client/local_setup.zsh
[29.762s] -- Symlinking: /home/robo/ros2_ws/install/examples_rclcpp_minimal_client/share/examples_rclcpp_minimal_client/local_setup.dsv
[29.779s] -- Symlinking: /home/robo/ros2_ws/install/examples_rclcpp_minimal_client/share/examples_rclcpp_minimal_client/package.dsv
[29.812s] -- Symlinking: /home/robo/ros2_ws/install/examples_rclcpp_minimal_client/share/ament_index/resource_index/packages/examples_rclcpp_minimal_client
[29.844s] -- Symlinking: /home/robo/ros2_ws/install/examples_rclcpp_minimal_client/share/examples_rclcpp_minimal_client/cmake/examples_rclcpp_minimal_clientConfig.cmake
[29.884s] -- Symlinking: /home/robo/ros2_ws/install/examples_rclcpp_minimal_client/share/examples_rclcpp_minimal_client/cmake/examples_rclcpp_minimal_clientConfig-version.cmake
[29.967s] -- Symlinking: /home/robo/ros2_ws/install/examples_rclcpp_minimal_client/share/examples_rclcpp_minimal_client/package.xml
[29.989s] Invoked command in '/home/robo/ros2_ws/build/examples_rclcpp_minimal_client' returned '0': CMAKE_PREFIX_PATH=/opt/ros/humble /usr/bin/cmake --install /home/robo/ros2_ws/build/examples_rclcpp_minimal_client
