[0.051s] Invoking command in '/home/robo/ros2_ws/build/examples_rclcpp_minimal_publisher': CMAKE_PREFIX_PATH=/opt/ros/humble /usr/bin/cmake --build /home/robo/ros2_ws/build/examples_rclcpp_minimal_publisher -- -j8 -l8
[0.225s] [ 16%] Built target publisher_lambda
[0.247s] [ 33%] Built target publisher_wait_for_all_acked
[0.247s] [ 50%] Built target publisher_member_function_with_unique_network_flow_endpoints
[0.250s] [ 66%] Built target publisher_member_function_with_type_adapter
[0.250s] [ 83%] Built target publisher_member_function
[0.253s] [100%] Built target publisher_not_composable
[0.293s] Invoked command in '/home/robo/ros2_ws/build/examples_rclcpp_minimal_publisher' returned '0': CMAKE_PREFIX_PATH=/opt/ros/humble /usr/bin/cmake --build /home/robo/ros2_ws/build/examples_rclcpp_minimal_publisher -- -j8 -l8
[0.427s] Invoking command in '/home/robo/ros2_ws/build/examples_rclcpp_minimal_publisher': CMAKE_PREFIX_PATH=/opt/ros/humble /usr/bin/cmake --install /home/robo/ros2_ws/build/examples_rclcpp_minimal_publisher
[0.442s] -- Install configuration: ""
[0.442s] -- Execute custom install script
[0.443s] -- Up-to-date symlink: /home/robo/ros2_ws/install/examples_rclcpp_minimal_publisher/lib/examples_rclcpp_minimal_publisher/publisher_lambda
[0.444s] -- Up-to-date symlink: /home/robo/ros2_ws/install/examples_rclcpp_minimal_publisher/lib/examples_rclcpp_minimal_publisher/publisher_member_function
[0.445s] -- Up-to-date symlink: /home/robo/ros2_ws/install/examples_rclcpp_minimal_publisher/lib/examples_rclcpp_minimal_publisher/publisher_member_function_with_type_adapter
[0.445s] -- Up-to-date symlink: /home/robo/ros2_ws/install/examples_rclcpp_minimal_publisher/lib/examples_rclcpp_minimal_publisher/publisher_member_function_with_unique_network_flow_endpoints
[0.446s] -- Up-to-date symlink: /home/robo/ros2_ws/install/examples_rclcpp_minimal_publisher/lib/examples_rclcpp_minimal_publisher/publisher_wait_for_all_acked
[0.449s] -- Up-to-date symlink: /home/robo/ros2_ws/install/examples_rclcpp_minimal_publisher/lib/examples_rclcpp_minimal_publisher/publisher_not_composable
[0.449s] -- Up-to-date symlink: /home/robo/ros2_ws/install/examples_rclcpp_minimal_publisher/share/ament_index/resource_index/package_run_dependencies/examples_rclcpp_minimal_publisher
[0.452s] -- Up-to-date symlink: /home/robo/ros2_ws/install/examples_rclcpp_minimal_publisher/share/ament_index/resource_index/parent_prefix_path/examples_rclcpp_minimal_publisher
[0.452s] -- Up-to-date symlink: /home/robo/ros2_ws/install/examples_rclcpp_minimal_publisher/share/examples_rclcpp_minimal_publisher/environment/ament_prefix_path.sh
[0.452s] -- Up-to-date symlink: /home/robo/ros2_ws/install/examples_rclcpp_minimal_publisher/share/examples_rclcpp_minimal_publisher/environment/ament_prefix_path.dsv
[0.452s] -- Up-to-date symlink: /home/robo/ros2_ws/install/examples_rclcpp_minimal_publisher/share/examples_rclcpp_minimal_publisher/environment/path.sh
[0.453s] -- Up-to-date symlink: /home/robo/ros2_ws/install/examples_rclcpp_minimal_publisher/share/examples_rclcpp_minimal_publisher/environment/path.dsv
[0.453s] -- Up-to-date symlink: /home/robo/ros2_ws/install/examples_rclcpp_minimal_publisher/share/examples_rclcpp_minimal_publisher/local_setup.bash
[0.454s] -- Up-to-date symlink: /home/robo/ros2_ws/install/examples_rclcpp_minimal_publisher/share/examples_rclcpp_minimal_publisher/local_setup.sh
[0.454s] -- Up-to-date symlink: /home/robo/ros2_ws/install/examples_rclcpp_minimal_publisher/share/examples_rclcpp_minimal_publisher/local_setup.zsh
[0.454s] -- Up-to-date symlink: /home/robo/ros2_ws/install/examples_rclcpp_minimal_publisher/share/examples_rclcpp_minimal_publisher/local_setup.dsv
[0.454s] -- Symlinking: /home/robo/ros2_ws/install/examples_rclcpp_minimal_publisher/share/examples_rclcpp_minimal_publisher/package.dsv
[0.460s] -- Up-to-date symlink: /home/robo/ros2_ws/install/examples_rclcpp_minimal_publisher/share/ament_index/resource_index/packages/examples_rclcpp_minimal_publisher
[0.460s] -- Up-to-date symlink: /home/robo/ros2_ws/install/examples_rclcpp_minimal_publisher/share/examples_rclcpp_minimal_publisher/cmake/examples_rclcpp_minimal_publisherConfig.cmake
[0.461s] -- Up-to-date symlink: /home/robo/ros2_ws/install/examples_rclcpp_minimal_publisher/share/examples_rclcpp_minimal_publisher/cmake/examples_rclcpp_minimal_publisherConfig-version.cmake
[0.462s] -- Up-to-date symlink: /home/robo/ros2_ws/install/examples_rclcpp_minimal_publisher/share/examples_rclcpp_minimal_publisher/package.xml
[0.508s] Invoked command in '/home/robo/ros2_ws/build/examples_rclcpp_minimal_publisher' returned '0': CMAKE_PREFIX_PATH=/opt/ros/humble /usr/bin/cmake --install /home/robo/ros2_ws/build/examples_rclcpp_minimal_publisher
